2023-06-09 14:50:45.716  INFO 25041 --- [main] com.example.demo.Demo1Application        : Starting Demo1Application using Java 11.0.11 on tong7ui-MacBookPro.local with PID 25041 (/Users/tong7/IdeaProjects/cho/demo1/build/classes/java/main started by tong7 in /Users/tong7/IdeaProjects/cho/demo1)
2023-06-09 14:50:45.722  INFO 25041 --- [main] com.example.demo.Demo1Application        : No active profile set, falling back to 1 default profile: "default"
2023-06-09 14:50:46.890  INFO 25041 --- [main] o.s.b.w.embedded.tomcat.TomcatWebServer  : Tomcat initialized with port(s): 8080 (http)
2023-06-09 14:50:46.897  INFO 25041 --- [main] o.apache.catalina.core.StandardService   : Starting service [Tomcat]
2023-06-09 14:50:46.897  INFO 25041 --- [main] org.apache.catalina.core.StandardEngine  : Starting Servlet engine: [Apache Tomcat/9.0.75]
2023-06-09 14:50:46.986  INFO 25041 --- [main] o.a.c.c.C.[Tomcat].[localhost].[/]       : Initializing Spring embedded WebApplicationContext
2023-06-09 14:50:46.987  INFO 25041 --- [main] w.s.c.ServletWebServerApplicationContext : Root WebApplicationContext: initialization completed in 1189 ms
2023-06-09 14:50:47.639  INFO 25041 --- [main] com.zaxxer.hikari.HikariDataSource       : HikariPool-1 - Starting...
2023-06-09 14:50:47.714  INFO 25041 --- [main] com.zaxxer.hikari.HikariDataSource       : HikariPool-1 - Start completed.
2023-06-09 14:50:47.810  INFO 25041 --- [main] o.s.b.w.embedded.tomcat.TomcatWebServer  : Tomcat started on port(s): 8080 (http) with context path ''
2023-06-09 14:50:47.838  INFO 25041 --- [main] com.example.demo.Demo1Application        : Started Demo1Application in 2.7 seconds (JVM running for 3.349)
2023-06-09 14:50:51.000  INFO 25041 --- [http-nio-8080-exec-1] o.a.c.c.C.[Tomcat].[localhost].[/]       : Initializing Spring DispatcherServlet 'dispatcherServlet'
2023-06-09 14:50:51.001  INFO 25041 --- [http-nio-8080-exec-1] o.s.web.servlet.DispatcherServlet        : Initializing Servlet 'dispatcherServlet'
2023-06-09 14:50:51.002  INFO 25041 --- [http-nio-8080-exec-1] o.s.web.servlet.DispatcherServlet        : Completed initialization in 1 ms
2023-06-09 14:50:51.068  INFO 25041 --- [http-nio-8080-exec-1] com.example.demo.service.MemberService   : Member : Member(memberId=null, userId=null, name=bespoke, password=1234)
2023-06-09 14:50:54.352  INFO 25041 --- [SpringApplicationShutdownHook] com.zaxxer.hikari.HikariDataSource       : HikariPool-1 - Shutdown initiated...
2023-06-09 14:50:54.358  INFO 25041 --- [SpringApplicationShutdownHook] com.zaxxer.hikari.HikariDataSource       : HikariPool-1 - Shutdown completed.
2023-06-09 14:51:55.417  INFO 25129 --- [Test worker] com.example.demo.cont.MemberContTest     : Starting MemberContTest using Java 11.0.11 on tong7ui-MacBookPro.local with PID 25129 (started by tong7 in /Users/tong7/IdeaProjects/cho/demo1)
2023-06-09 14:51:55.419  INFO 25129 --- [Test worker] com.example.demo.cont.MemberContTest     : No active profile set, falling back to 1 default profile: "default"
2023-06-09 14:51:56.331  WARN 25129 --- [Test worker] o.s.w.c.s.GenericWebApplicationContext   : Exception encountered during context initialization - cancelling refresh attempt: org.springframework.beans.factory.UnsatisfiedDependencyException: Error creating bean with name 'memberCont': Unsatisfied dependency expressed through field 'memberService'; nested exception is org.springframework.beans.factory.NoSuchBeanDefinitionException: No qualifying bean of type 'com.example.demo.service.MemberService' available: expected at least 1 bean which qualifies as autowire candidate. Dependency annotations: {@org.springframework.beans.factory.annotation.Autowired(required=true)}
2023-06-09 14:51:56.348  INFO 25129 --- [Test worker] ConditionEvaluationReportLoggingListener : 

Error starting ApplicationContext. To display the conditions report re-run your application with 'debug' enabled.
2023-06-09 14:51:56.377 ERROR 25129 --- [Test worker] o.s.b.d.LoggingFailureAnalysisReporter   : 

***************************
APPLICATION FAILED TO START
***************************

Description:

Field memberService in com.example.demo.cont.MemberCont required a bean of type 'com.example.demo.service.MemberService' that could not be found.

The injection point has the following annotations:
	- @org.springframework.beans.factory.annotation.Autowired(required=true)


Action:

Consider defining a bean of type 'com.example.demo.service.MemberService' in your configuration.

2023-06-09 14:51:56.492  INFO 25129 --- [Test worker] com.example.demo.cont.MemberContTest     : Starting MemberContTest using Java 11.0.11 on tong7ui-MacBookPro.local with PID 25129 (started by tong7 in /Users/tong7/IdeaProjects/cho/demo1)
2023-06-09 14:51:56.497  INFO 25129 --- [Test worker] com.example.demo.cont.MemberContTest     : No active profile set, falling back to 1 default profile: "default"
2023-06-09 14:51:56.763  WARN 25129 --- [Test worker] o.s.w.c.s.GenericWebApplicationContext   : Exception encountered during context initialization - cancelling refresh attempt: org.springframework.beans.factory.UnsatisfiedDependencyException: Error creating bean with name 'memberCont': Unsatisfied dependency expressed through field 'memberService'; nested exception is org.springframework.beans.factory.NoSuchBeanDefinitionException: No qualifying bean of type 'com.example.demo.service.MemberService' available: expected at least 1 bean which qualifies as autowire candidate. Dependency annotations: {@org.springframework.beans.factory.annotation.Autowired(required=true)}
2023-06-09 14:51:56.768  INFO 25129 --- [Test worker] ConditionEvaluationReportLoggingListener : 

Error starting ApplicationContext. To display the conditions report re-run your application with 'debug' enabled.
2023-06-09 14:51:56.773 ERROR 25129 --- [Test worker] o.s.b.d.LoggingFailureAnalysisReporter   : 

***************************
APPLICATION FAILED TO START
***************************

Description:

Field memberService in com.example.demo.cont.MemberCont required a bean of type 'com.example.demo.service.MemberService' that could not be found.

The injection point has the following annotations:
	- @org.springframework.beans.factory.annotation.Autowired(required=true)


Action:

Consider defining a bean of type 'com.example.demo.service.MemberService' in your configuration.

2023-06-09 14:51:56.780 ERROR 25129 --- [Test worker] o.s.test.context.TestContextManager      : Caught exception while allowing TestExecutionListener [org.springframework.boot.test.autoconfigure.SpringBootDependencyInjectionTestExecutionListener@2c1b9e4b] to prepare test instance [com.example.demo.cont.MemberContTest@48f5bde6]

java.lang.IllegalStateException: Failed to load ApplicationContext
	at org.springframework.test.context.cache.DefaultCacheAwareContextLoaderDelegate.loadContext(DefaultCacheAwareContextLoaderDelegate.java:98) ~[spring-test-5.3.27.jar:5.3.27]
	at org.springframework.test.context.support.DefaultTestContext.getApplicationContext(DefaultTestContext.java:124) ~[spring-test-5.3.27.jar:5.3.27]
	at org.springframework.test.context.support.DependencyInjectionTestExecutionListener.injectDependencies(DependencyInjectionTestExecutionListener.java:118) ~[spring-test-5.3.27.jar:5.3.27]
	at org.springframework.test.context.support.DependencyInjectionTestExecutionListener.prepareTestInstance(DependencyInjectionTestExecutionListener.java:83) ~[spring-test-5.3.27.jar:5.3.27]
	at org.springframework.boot.test.autoconfigure.SpringBootDependencyInjectionTestExecutionListener.prepareTestInstance(SpringBootDependencyInjectionTestExecutionListener.java:43) ~[spring-boot-test-autoconfigure-2.7.12.jar:2.7.12]
	at org.springframework.test.context.TestContextManager.prepareTestInstance(TestContextManager.java:248) ~[spring-test-5.3.27.jar:5.3.27]
	at org.springframework.test.context.junit4.SpringJUnit4ClassRunner.createTest(SpringJUnit4ClassRunner.java:227) ~[spring-test-5.3.27.jar:5.3.27]
	at org.springframework.test.context.junit4.SpringJUnit4ClassRunner$1.runReflectiveCall(SpringJUnit4ClassRunner.java:289) ~[spring-test-5.3.27.jar:5.3.27]
	at org.junit.internal.runners.model.ReflectiveCallable.run(ReflectiveCallable.java:12) ~[junit-4.13.2.jar:4.13.2]
	at org.springframework.test.context.junit4.SpringJUnit4ClassRunner.methodBlock(SpringJUnit4ClassRunner.java:291) ~[spring-test-5.3.27.jar:5.3.27]
	at org.springframework.test.context.junit4.SpringJUnit4ClassRunner.runChild(SpringJUnit4ClassRunner.java:246) ~[spring-test-5.3.27.jar:5.3.27]
	at org.springframework.test.context.junit4.SpringJUnit4ClassRunner.runChild(SpringJUnit4ClassRunner.java:97) ~[spring-test-5.3.27.jar:5.3.27]
	at org.junit.runners.ParentRunner$4.run(ParentRunner.java:331) ~[junit-4.13.2.jar:4.13.2]
	at org.junit.runners.ParentRunner$1.schedule(ParentRunner.java:79) ~[junit-4.13.2.jar:4.13.2]
	at org.junit.runners.ParentRunner.runChildren(ParentRunner.java:329) ~[junit-4.13.2.jar:4.13.2]
	at org.junit.runners.ParentRunner.access$100(ParentRunner.java:66) ~[junit-4.13.2.jar:4.13.2]
	at org.junit.runners.ParentRunner$2.evaluate(ParentRunner.java:293) ~[junit-4.13.2.jar:4.13.2]
	at org.springframework.test.context.junit4.statements.RunBeforeTestClassCallbacks.evaluate(RunBeforeTestClassCallbacks.java:61) ~[spring-test-5.3.27.jar:5.3.27]
	at org.springframework.test.context.junit4.statements.RunAfterTestClassCallbacks.evaluate(RunAfterTestClassCallbacks.java:70) ~[spring-test-5.3.27.jar:5.3.27]
	at org.junit.runners.ParentRunner$3.evaluate(ParentRunner.java:306) ~[junit-4.13.2.jar:4.13.2]
	at org.junit.runners.ParentRunner.run(ParentRunner.java:413) ~[junit-4.13.2.jar:4.13.2]
	at org.springframework.test.context.junit4.SpringJUnit4ClassRunner.run(SpringJUnit4ClassRunner.java:190) ~[spring-test-5.3.27.jar:5.3.27]
	at org.junit.runner.JUnitCore.run(JUnitCore.java:137) ~[junit-4.13.2.jar:4.13.2]
	at org.junit.runner.JUnitCore.run(JUnitCore.java:115) ~[junit-4.13.2.jar:4.13.2]
	at org.junit.vintage.engine.execution.RunnerExecutor.execute(RunnerExecutor.java:42) ~[junit-vintage-engine-5.8.2.jar:5.8.2]
	at org.junit.vintage.engine.VintageTestEngine.executeAllChildren(VintageTestEngine.java:80) ~[junit-vintage-engine-5.8.2.jar:5.8.2]
	at org.junit.vintage.engine.VintageTestEngine.execute(VintageTestEngine.java:72) ~[junit-vintage-engine-5.8.2.jar:5.8.2]
	at org.junit.platform.launcher.core.EngineExecutionOrchestrator.execute(EngineExecutionOrchestrator.java:107) ~[na:na]
	at org.junit.platform.launcher.core.EngineExecutionOrchestrator.execute(EngineExecutionOrchestrator.java:88) ~[na:na]
	at org.junit.platform.launcher.core.EngineExecutionOrchestrator.lambda$execute$0(EngineExecutionOrchestrator.java:54) ~[na:na]
	at org.junit.platform.launcher.core.EngineExecutionOrchestrator.withInterceptedStreams(EngineExecutionOrchestrator.java:67) ~[na:na]
	at org.junit.platform.launcher.core.EngineExecutionOrchestrator.execute(EngineExecutionOrchestrator.java:52) ~[na:na]
	at org.junit.platform.launcher.core.DefaultLauncher.execute(DefaultLauncher.java:114) ~[na:na]
	at org.junit.platform.launcher.core.DefaultLauncher.execute(DefaultLauncher.java:86) ~[na:na]
	at org.junit.platform.launcher.core.DefaultLauncherSession$DelegatingLauncher.execute(DefaultLauncherSession.java:86) ~[na:na]
	at org.junit.platform.launcher.core.SessionPerRequestLauncher.execute(SessionPerRequestLauncher.java:53) ~[na:na]
	at org.gradle.api.internal.tasks.testing.junitplatform.JUnitPlatformTestClassProcessor$CollectAllTestClassesExecutor.processAllTestClasses(JUnitPlatformTestClassProcessor.java:99) ~[na:na]
	at org.gradle.api.internal.tasks.testing.junitplatform.JUnitPlatformTestClassProcessor$CollectAllTestClassesExecutor.access$000(JUnitPlatformTestClassProcessor.java:79) ~[na:na]
	at org.gradle.api.internal.tasks.testing.junitplatform.JUnitPlatformTestClassProcessor.stop(JUnitPlatformTestClassProcessor.java:75) ~[na:na]
	at org.gradle.api.internal.tasks.testing.SuiteTestClassProcessor.stop(SuiteTestClassProcessor.java:62) ~[na:na]
	at java.base/jdk.internal.reflect.NativeMethodAccessorImpl.invoke0(Native Method) ~[na:na]
	at java.base/jdk.internal.reflect.NativeMethodAccessorImpl.invoke(NativeMethodAccessorImpl.java:62) ~[na:na]
	at java.base/jdk.internal.reflect.DelegatingMethodAccessorImpl.invoke(DelegatingMethodAccessorImpl.java:43) ~[na:na]
	at java.base/java.lang.reflect.Method.invoke(Method.java:566) ~[na:na]
	at org.gradle.internal.dispatch.ReflectionDispatch.dispatch(ReflectionDispatch.java:36) ~[na:na]
	at org.gradle.internal.dispatch.ReflectionDispatch.dispatch(ReflectionDispatch.java:24) ~[na:na]
	at org.gradle.internal.dispatch.ContextClassLoaderDispatch.dispatch(ContextClassLoaderDispatch.java:33) ~[na:na]
	at org.gradle.internal.dispatch.ProxyDispatchAdapter$DispatchingInvocationHandler.invoke(ProxyDispatchAdapter.java:94) ~[na:na]
	at com.sun.proxy.$Proxy2.stop(Unknown Source) ~[na:na]
	at org.gradle.api.internal.tasks.testing.worker.TestWorker$3.run(TestWorker.java:193) ~[na:na]
	at org.gradle.api.internal.tasks.testing.worker.TestWorker.executeAndMaintainThreadName(TestWorker.java:129) ~[na:na]
	at org.gradle.api.internal.tasks.testing.worker.TestWorker.execute(TestWorker.java:100) ~[na:na]
	at org.gradle.api.internal.tasks.testing.worker.TestWorker.execute(TestWorker.java:60) ~[na:na]
	at org.gradle.process.internal.worker.child.ActionExecutionWorker.execute(ActionExecutionWorker.java:56) ~[na:na]
	at org.gradle.process.internal.worker.child.SystemApplicationClassLoaderWorker.call(SystemApplicationClassLoaderWorker.java:113) ~[na:na]
	at org.gradle.process.internal.worker.child.SystemApplicationClassLoaderWorker.call(SystemApplicationClassLoaderWorker.java:65) ~[na:na]
	at worker.org.gradle.process.internal.worker.GradleWorkerMain.run(GradleWorkerMain.java:69) ~[gradle-worker.jar:na]
	at worker.org.gradle.process.internal.worker.GradleWorkerMain.main(GradleWorkerMain.java:74) ~[gradle-worker.jar:na]
Caused by: org.springframework.beans.factory.UnsatisfiedDependencyException: Error creating bean with name 'memberCont': Unsatisfied dependency expressed through field 'memberService'; nested exception is org.springframework.beans.factory.NoSuchBeanDefinitionException: No qualifying bean of type 'com.example.demo.service.MemberService' available: expected at least 1 bean which qualifies as autowire candidate. Dependency annotations: {@org.springframework.beans.factory.annotation.Autowired(required=true)}
	at org.springframework.beans.factory.annotation.AutowiredAnnotationBeanPostProcessor$AutowiredFieldElement.resolveFieldValue(AutowiredAnnotationBeanPostProcessor.java:660) ~[spring-beans-5.3.27.jar:5.3.27]
	at org.springframework.beans.factory.annotation.AutowiredAnnotationBeanPostProcessor$AutowiredFieldElement.inject(AutowiredAnnotationBeanPostProcessor.java:640) ~[spring-beans-5.3.27.jar:5.3.27]
	at org.springframework.beans.factory.annotation.InjectionMetadata.inject(InjectionMetadata.java:119) ~[spring-beans-5.3.27.jar:5.3.27]
	at org.springframework.beans.factory.annotation.AutowiredAnnotationBeanPostProcessor.postProcessProperties(AutowiredAnnotationBeanPostProcessor.java:399) ~[spring-beans-5.3.27.jar:5.3.27]
	at org.springframework.beans.factory.support.AbstractAutowireCapableBeanFactory.populateBean(AbstractAutowireCapableBeanFactory.java:1431) ~[spring-beans-5.3.27.jar:5.3.27]
	at org.springframework.beans.factory.support.AbstractAutowireCapableBeanFactory.doCreateBean(AbstractAutowireCapableBeanFactory.java:619) ~[spring-beans-5.3.27.jar:5.3.27]
	at org.springframework.beans.factory.support.AbstractAutowireCapableBeanFactory.createBean(AbstractAutowireCapableBeanFactory.java:542) ~[spring-beans-5.3.27.jar:5.3.27]
	at org.springframework.beans.factory.support.AbstractBeanFactory.lambda$doGetBean$0(AbstractBeanFactory.java:335) ~[spring-beans-5.3.27.jar:5.3.27]
	at org.springframework.beans.factory.support.DefaultSingletonBeanRegistry.getSingleton(DefaultSingletonBeanRegistry.java:234) ~[spring-beans-5.3.27.jar:5.3.27]
	at org.springframework.beans.factory.support.AbstractBeanFactory.doGetBean(AbstractBeanFactory.java:333) ~[spring-beans-5.3.27.jar:5.3.27]
	at org.springframework.beans.factory.support.AbstractBeanFactory.getBean(AbstractBeanFactory.java:208) ~[spring-beans-5.3.27.jar:5.3.27]
	at org.springframework.beans.factory.support.DefaultListableBeanFactory.preInstantiateSingletons(DefaultListableBeanFactory.java:955) ~[spring-beans-5.3.27.jar:5.3.27]
	at org.springframework.context.support.AbstractApplicationContext.finishBeanFactoryInitialization(AbstractApplicationContext.java:920) ~[spring-context-5.3.27.jar:5.3.27]
	at org.springframework.context.support.AbstractApplicationContext.refresh(AbstractApplicationContext.java:583) ~[spring-context-5.3.27.jar:5.3.27]
	at org.springframework.boot.SpringApplication.refresh(SpringApplication.java:731) ~[spring-boot-2.7.12.jar:2.7.12]
	at org.springframework.boot.SpringApplication.refreshContext(SpringApplication.java:408) ~[spring-boot-2.7.12.jar:2.7.12]
	at org.springframework.boot.SpringApplication.run(SpringApplication.java:307) ~[spring-boot-2.7.12.jar:2.7.12]
	at org.springframework.boot.test.context.SpringBootContextLoader.loadContext(SpringBootContextLoader.java:136) ~[spring-boot-test-2.7.12.jar:2.7.12]
	at org.springframework.test.context.cache.DefaultCacheAwareContextLoaderDelegate.loadContextInternal(DefaultCacheAwareContextLoaderDelegate.java:141) ~[spring-test-5.3.27.jar:5.3.27]
	at org.springframework.test.context.cache.DefaultCacheAwareContextLoaderDelegate.loadContext(DefaultCacheAwareContextLoaderDelegate.java:90) ~[spring-test-5.3.27.jar:5.3.27]
	... 57 common frames omitted
Caused by: org.springframework.beans.factory.NoSuchBeanDefinitionException: No qualifying bean of type 'com.example.demo.service.MemberService' available: expected at least 1 bean which qualifies as autowire candidate. Dependency annotations: {@org.springframework.beans.factory.annotation.Autowired(required=true)}
	at org.springframework.beans.factory.support.DefaultListableBeanFactory.raiseNoMatchingBeanFound(DefaultListableBeanFactory.java:1801) ~[spring-beans-5.3.27.jar:5.3.27]
	at org.springframework.beans.factory.support.DefaultListableBeanFactory.doResolveDependency(DefaultListableBeanFactory.java:1357) ~[spring-beans-5.3.27.jar:5.3.27]
	at org.springframework.beans.factory.support.DefaultListableBeanFactory.resolveDependency(DefaultListableBeanFactory.java:1311) ~[spring-beans-5.3.27.jar:5.3.27]
	at org.springframework.beans.factory.annotation.AutowiredAnnotationBeanPostProcessor$AutowiredFieldElement.resolveFieldValue(AutowiredAnnotationBeanPostProcessor.java:657) ~[spring-beans-5.3.27.jar:5.3.27]
	... 76 common frames omitted

2023-06-09 14:53:16.057  INFO 25237 --- [Test worker] com.example.demo.cont.MemberContTest     : Starting MemberContTest using Java 11.0.11 on tong7ui-MacBookPro.local with PID 25237 (started by tong7 in /Users/tong7/IdeaProjects/cho/demo1)
2023-06-09 14:53:16.061  INFO 25237 --- [Test worker] com.example.demo.cont.MemberContTest     : No active profile set, falling back to 1 default profile: "default"
2023-06-09 14:53:17.004  WARN 25237 --- [Test worker] o.s.w.c.s.GenericWebApplicationContext   : Exception encountered during context initialization - cancelling refresh attempt: org.springframework.beans.factory.UnsatisfiedDependencyException: Error creating bean with name 'memberCont': Unsatisfied dependency expressed through field 'memberService'; nested exception is org.springframework.beans.factory.NoSuchBeanDefinitionException: No qualifying bean of type 'com.example.demo.service.MemberService' available: expected at least 1 bean which qualifies as autowire candidate. Dependency annotations: {@org.springframework.beans.factory.annotation.Autowired(required=true)}
2023-06-09 14:53:17.025  INFO 25237 --- [Test worker] ConditionEvaluationReportLoggingListener : 

Error starting ApplicationContext. To display the conditions report re-run your application with 'debug' enabled.
2023-06-09 14:53:17.054 ERROR 25237 --- [Test worker] o.s.b.d.LoggingFailureAnalysisReporter   : 

***************************
APPLICATION FAILED TO START
***************************

Description:

Field memberService in com.example.demo.cont.MemberCont required a bean of type 'com.example.demo.service.MemberService' that could not be found.

The injection point has the following annotations:
	- @org.springframework.beans.factory.annotation.Autowired(required=true)


Action:

Consider defining a bean of type 'com.example.demo.service.MemberService' in your configuration.

2023-06-09 14:53:17.178  INFO 25237 --- [Test worker] com.example.demo.cont.MemberContTest     : Starting MemberContTest using Java 11.0.11 on tong7ui-MacBookPro.local with PID 25237 (started by tong7 in /Users/tong7/IdeaProjects/cho/demo1)
2023-06-09 14:53:17.183  INFO 25237 --- [Test worker] com.example.demo.cont.MemberContTest     : No active profile set, falling back to 1 default profile: "default"
2023-06-09 14:53:17.428  WARN 25237 --- [Test worker] o.s.w.c.s.GenericWebApplicationContext   : Exception encountered during context initialization - cancelling refresh attempt: org.springframework.beans.factory.UnsatisfiedDependencyException: Error creating bean with name 'memberCont': Unsatisfied dependency expressed through field 'memberService'; nested exception is org.springframework.beans.factory.NoSuchBeanDefinitionException: No qualifying bean of type 'com.example.demo.service.MemberService' available: expected at least 1 bean which qualifies as autowire candidate. Dependency annotations: {@org.springframework.beans.factory.annotation.Autowired(required=true)}
2023-06-09 14:53:17.431  INFO 25237 --- [Test worker] ConditionEvaluationReportLoggingListener : 

Error starting ApplicationContext. To display the conditions report re-run your application with 'debug' enabled.
2023-06-09 14:53:17.437 ERROR 25237 --- [Test worker] o.s.b.d.LoggingFailureAnalysisReporter   : 

***************************
APPLICATION FAILED TO START
***************************

Description:

Field memberService in com.example.demo.cont.MemberCont required a bean of type 'com.example.demo.service.MemberService' that could not be found.

The injection point has the following annotations:
	- @org.springframework.beans.factory.annotation.Autowired(required=true)


Action:

Consider defining a bean of type 'com.example.demo.service.MemberService' in your configuration.

2023-06-09 14:53:17.446 ERROR 25237 --- [Test worker] o.s.test.context.TestContextManager      : Caught exception while allowing TestExecutionListener [org.springframework.boot.test.autoconfigure.SpringBootDependencyInjectionTestExecutionListener@2c1b9e4b] to prepare test instance [com.example.demo.cont.MemberContTest@48f5bde6]

java.lang.IllegalStateException: Failed to load ApplicationContext
	at org.springframework.test.context.cache.DefaultCacheAwareContextLoaderDelegate.loadContext(DefaultCacheAwareContextLoaderDelegate.java:98) ~[spring-test-5.3.27.jar:5.3.27]
	at org.springframework.test.context.support.DefaultTestContext.getApplicationContext(DefaultTestContext.java:124) ~[spring-test-5.3.27.jar:5.3.27]
	at org.springframework.test.context.support.DependencyInjectionTestExecutionListener.injectDependencies(DependencyInjectionTestExecutionListener.java:118) ~[spring-test-5.3.27.jar:5.3.27]
	at org.springframework.test.context.support.DependencyInjectionTestExecutionListener.prepareTestInstance(DependencyInjectionTestExecutionListener.java:83) ~[spring-test-5.3.27.jar:5.3.27]
	at org.springframework.boot.test.autoconfigure.SpringBootDependencyInjectionTestExecutionListener.prepareTestInstance(SpringBootDependencyInjectionTestExecutionListener.java:43) ~[spring-boot-test-autoconfigure-2.7.12.jar:2.7.12]
	at org.springframework.test.context.TestContextManager.prepareTestInstance(TestContextManager.java:248) ~[spring-test-5.3.27.jar:5.3.27]
	at org.springframework.test.context.junit4.SpringJUnit4ClassRunner.createTest(SpringJUnit4ClassRunner.java:227) ~[spring-test-5.3.27.jar:5.3.27]
	at org.springframework.test.context.junit4.SpringJUnit4ClassRunner$1.runReflectiveCall(SpringJUnit4ClassRunner.java:289) ~[spring-test-5.3.27.jar:5.3.27]
	at org.junit.internal.runners.model.ReflectiveCallable.run(ReflectiveCallable.java:12) ~[junit-4.13.2.jar:4.13.2]
	at org.springframework.test.context.junit4.SpringJUnit4ClassRunner.methodBlock(SpringJUnit4ClassRunner.java:291) ~[spring-test-5.3.27.jar:5.3.27]
	at org.springframework.test.context.junit4.SpringJUnit4ClassRunner.runChild(SpringJUnit4ClassRunner.java:246) ~[spring-test-5.3.27.jar:5.3.27]
	at org.springframework.test.context.junit4.SpringJUnit4ClassRunner.runChild(SpringJUnit4ClassRunner.java:97) ~[spring-test-5.3.27.jar:5.3.27]
	at org.junit.runners.ParentRunner$4.run(ParentRunner.java:331) ~[junit-4.13.2.jar:4.13.2]
	at org.junit.runners.ParentRunner$1.schedule(ParentRunner.java:79) ~[junit-4.13.2.jar:4.13.2]
	at org.junit.runners.ParentRunner.runChildren(ParentRunner.java:329) ~[junit-4.13.2.jar:4.13.2]
	at org.junit.runners.ParentRunner.access$100(ParentRunner.java:66) ~[junit-4.13.2.jar:4.13.2]
	at org.junit.runners.ParentRunner$2.evaluate(ParentRunner.java:293) ~[junit-4.13.2.jar:4.13.2]
	at org.springframework.test.context.junit4.statements.RunBeforeTestClassCallbacks.evaluate(RunBeforeTestClassCallbacks.java:61) ~[spring-test-5.3.27.jar:5.3.27]
	at org.springframework.test.context.junit4.statements.RunAfterTestClassCallbacks.evaluate(RunAfterTestClassCallbacks.java:70) ~[spring-test-5.3.27.jar:5.3.27]
	at org.junit.runners.ParentRunner$3.evaluate(ParentRunner.java:306) ~[junit-4.13.2.jar:4.13.2]
	at org.junit.runners.ParentRunner.run(ParentRunner.java:413) ~[junit-4.13.2.jar:4.13.2]
	at org.springframework.test.context.junit4.SpringJUnit4ClassRunner.run(SpringJUnit4ClassRunner.java:190) ~[spring-test-5.3.27.jar:5.3.27]
	at org.junit.runner.JUnitCore.run(JUnitCore.java:137) ~[junit-4.13.2.jar:4.13.2]
	at org.junit.runner.JUnitCore.run(JUnitCore.java:115) ~[junit-4.13.2.jar:4.13.2]
	at org.junit.vintage.engine.execution.RunnerExecutor.execute(RunnerExecutor.java:42) ~[junit-vintage-engine-5.8.2.jar:5.8.2]
	at org.junit.vintage.engine.VintageTestEngine.executeAllChildren(VintageTestEngine.java:80) ~[junit-vintage-engine-5.8.2.jar:5.8.2]
	at org.junit.vintage.engine.VintageTestEngine.execute(VintageTestEngine.java:72) ~[junit-vintage-engine-5.8.2.jar:5.8.2]
	at org.junit.platform.launcher.core.EngineExecutionOrchestrator.execute(EngineExecutionOrchestrator.java:107) ~[na:na]
	at org.junit.platform.launcher.core.EngineExecutionOrchestrator.execute(EngineExecutionOrchestrator.java:88) ~[na:na]
	at org.junit.platform.launcher.core.EngineExecutionOrchestrator.lambda$execute$0(EngineExecutionOrchestrator.java:54) ~[na:na]
	at org.junit.platform.launcher.core.EngineExecutionOrchestrator.withInterceptedStreams(EngineExecutionOrchestrator.java:67) ~[na:na]
	at org.junit.platform.launcher.core.EngineExecutionOrchestrator.execute(EngineExecutionOrchestrator.java:52) ~[na:na]
	at org.junit.platform.launcher.core.DefaultLauncher.execute(DefaultLauncher.java:114) ~[na:na]
	at org.junit.platform.launcher.core.DefaultLauncher.execute(DefaultLauncher.java:86) ~[na:na]
	at org.junit.platform.launcher.core.DefaultLauncherSession$DelegatingLauncher.execute(DefaultLauncherSession.java:86) ~[na:na]
	at org.junit.platform.launcher.core.SessionPerRequestLauncher.execute(SessionPerRequestLauncher.java:53) ~[na:na]
	at org.gradle.api.internal.tasks.testing.junitplatform.JUnitPlatformTestClassProcessor$CollectAllTestClassesExecutor.processAllTestClasses(JUnitPlatformTestClassProcessor.java:99) ~[na:na]
	at org.gradle.api.internal.tasks.testing.junitplatform.JUnitPlatformTestClassProcessor$CollectAllTestClassesExecutor.access$000(JUnitPlatformTestClassProcessor.java:79) ~[na:na]
	at org.gradle.api.internal.tasks.testing.junitplatform.JUnitPlatformTestClassProcessor.stop(JUnitPlatformTestClassProcessor.java:75) ~[na:na]
	at org.gradle.api.internal.tasks.testing.SuiteTestClassProcessor.stop(SuiteTestClassProcessor.java:62) ~[na:na]
	at java.base/jdk.internal.reflect.NativeMethodAccessorImpl.invoke0(Native Method) ~[na:na]
	at java.base/jdk.internal.reflect.NativeMethodAccessorImpl.invoke(NativeMethodAccessorImpl.java:62) ~[na:na]
	at java.base/jdk.internal.reflect.DelegatingMethodAccessorImpl.invoke(DelegatingMethodAccessorImpl.java:43) ~[na:na]
	at java.base/java.lang.reflect.Method.invoke(Method.java:566) ~[na:na]
	at org.gradle.internal.dispatch.ReflectionDispatch.dispatch(ReflectionDispatch.java:36) ~[na:na]
	at org.gradle.internal.dispatch.ReflectionDispatch.dispatch(ReflectionDispatch.java:24) ~[na:na]
	at org.gradle.internal.dispatch.ContextClassLoaderDispatch.dispatch(ContextClassLoaderDispatch.java:33) ~[na:na]
	at org.gradle.internal.dispatch.ProxyDispatchAdapter$DispatchingInvocationHandler.invoke(ProxyDispatchAdapter.java:94) ~[na:na]
	at com.sun.proxy.$Proxy2.stop(Unknown Source) ~[na:na]
	at org.gradle.api.internal.tasks.testing.worker.TestWorker$3.run(TestWorker.java:193) ~[na:na]
	at org.gradle.api.internal.tasks.testing.worker.TestWorker.executeAndMaintainThreadName(TestWorker.java:129) ~[na:na]
	at org.gradle.api.internal.tasks.testing.worker.TestWorker.execute(TestWorker.java:100) ~[na:na]
	at org.gradle.api.internal.tasks.testing.worker.TestWorker.execute(TestWorker.java:60) ~[na:na]
	at org.gradle.process.internal.worker.child.ActionExecutionWorker.execute(ActionExecutionWorker.java:56) ~[na:na]
	at org.gradle.process.internal.worker.child.SystemApplicationClassLoaderWorker.call(SystemApplicationClassLoaderWorker.java:113) ~[na:na]
	at org.gradle.process.internal.worker.child.SystemApplicationClassLoaderWorker.call(SystemApplicationClassLoaderWorker.java:65) ~[na:na]
	at worker.org.gradle.process.internal.worker.GradleWorkerMain.run(GradleWorkerMain.java:69) ~[gradle-worker.jar:na]
	at worker.org.gradle.process.internal.worker.GradleWorkerMain.main(GradleWorkerMain.java:74) ~[gradle-worker.jar:na]
Caused by: org.springframework.beans.factory.UnsatisfiedDependencyException: Error creating bean with name 'memberCont': Unsatisfied dependency expressed through field 'memberService'; nested exception is org.springframework.beans.factory.NoSuchBeanDefinitionException: No qualifying bean of type 'com.example.demo.service.MemberService' available: expected at least 1 bean which qualifies as autowire candidate. Dependency annotations: {@org.springframework.beans.factory.annotation.Autowired(required=true)}
	at org.springframework.beans.factory.annotation.AutowiredAnnotationBeanPostProcessor$AutowiredFieldElement.resolveFieldValue(AutowiredAnnotationBeanPostProcessor.java:660) ~[spring-beans-5.3.27.jar:5.3.27]
	at org.springframework.beans.factory.annotation.AutowiredAnnotationBeanPostProcessor$AutowiredFieldElement.inject(AutowiredAnnotationBeanPostProcessor.java:640) ~[spring-beans-5.3.27.jar:5.3.27]
	at org.springframework.beans.factory.annotation.InjectionMetadata.inject(InjectionMetadata.java:119) ~[spring-beans-5.3.27.jar:5.3.27]
	at org.springframework.beans.factory.annotation.AutowiredAnnotationBeanPostProcessor.postProcessProperties(AutowiredAnnotationBeanPostProcessor.java:399) ~[spring-beans-5.3.27.jar:5.3.27]
	at org.springframework.beans.factory.support.AbstractAutowireCapableBeanFactory.populateBean(AbstractAutowireCapableBeanFactory.java:1431) ~[spring-beans-5.3.27.jar:5.3.27]
	at org.springframework.beans.factory.support.AbstractAutowireCapableBeanFactory.doCreateBean(AbstractAutowireCapableBeanFactory.java:619) ~[spring-beans-5.3.27.jar:5.3.27]
	at org.springframework.beans.factory.support.AbstractAutowireCapableBeanFactory.createBean(AbstractAutowireCapableBeanFactory.java:542) ~[spring-beans-5.3.27.jar:5.3.27]
	at org.springframework.beans.factory.support.AbstractBeanFactory.lambda$doGetBean$0(AbstractBeanFactory.java:335) ~[spring-beans-5.3.27.jar:5.3.27]
	at org.springframework.beans.factory.support.DefaultSingletonBeanRegistry.getSingleton(DefaultSingletonBeanRegistry.java:234) ~[spring-beans-5.3.27.jar:5.3.27]
	at org.springframework.beans.factory.support.AbstractBeanFactory.doGetBean(AbstractBeanFactory.java:333) ~[spring-beans-5.3.27.jar:5.3.27]
	at org.springframework.beans.factory.support.AbstractBeanFactory.getBean(AbstractBeanFactory.java:208) ~[spring-beans-5.3.27.jar:5.3.27]
	at org.springframework.beans.factory.support.DefaultListableBeanFactory.preInstantiateSingletons(DefaultListableBeanFactory.java:955) ~[spring-beans-5.3.27.jar:5.3.27]
	at org.springframework.context.support.AbstractApplicationContext.finishBeanFactoryInitialization(AbstractApplicationContext.java:920) ~[spring-context-5.3.27.jar:5.3.27]
	at org.springframework.context.support.AbstractApplicationContext.refresh(AbstractApplicationContext.java:583) ~[spring-context-5.3.27.jar:5.3.27]
	at org.springframework.boot.SpringApplication.refresh(SpringApplication.java:731) ~[spring-boot-2.7.12.jar:2.7.12]
	at org.springframework.boot.SpringApplication.refreshContext(SpringApplication.java:408) ~[spring-boot-2.7.12.jar:2.7.12]
	at org.springframework.boot.SpringApplication.run(SpringApplication.java:307) ~[spring-boot-2.7.12.jar:2.7.12]
	at org.springframework.boot.test.context.SpringBootContextLoader.loadContext(SpringBootContextLoader.java:136) ~[spring-boot-test-2.7.12.jar:2.7.12]
	at org.springframework.test.context.cache.DefaultCacheAwareContextLoaderDelegate.loadContextInternal(DefaultCacheAwareContextLoaderDelegate.java:141) ~[spring-test-5.3.27.jar:5.3.27]
	at org.springframework.test.context.cache.DefaultCacheAwareContextLoaderDelegate.loadContext(DefaultCacheAwareContextLoaderDelegate.java:90) ~[spring-test-5.3.27.jar:5.3.27]
	... 57 common frames omitted
Caused by: org.springframework.beans.factory.NoSuchBeanDefinitionException: No qualifying bean of type 'com.example.demo.service.MemberService' available: expected at least 1 bean which qualifies as autowire candidate. Dependency annotations: {@org.springframework.beans.factory.annotation.Autowired(required=true)}
	at org.springframework.beans.factory.support.DefaultListableBeanFactory.raiseNoMatchingBeanFound(DefaultListableBeanFactory.java:1801) ~[spring-beans-5.3.27.jar:5.3.27]
	at org.springframework.beans.factory.support.DefaultListableBeanFactory.doResolveDependency(DefaultListableBeanFactory.java:1357) ~[spring-beans-5.3.27.jar:5.3.27]
	at org.springframework.beans.factory.support.DefaultListableBeanFactory.resolveDependency(DefaultListableBeanFactory.java:1311) ~[spring-beans-5.3.27.jar:5.3.27]
	at org.springframework.beans.factory.annotation.AutowiredAnnotationBeanPostProcessor$AutowiredFieldElement.resolveFieldValue(AutowiredAnnotationBeanPostProcessor.java:657) ~[spring-beans-5.3.27.jar:5.3.27]
	... 76 common frames omitted

2023-06-09 14:59:00.245  INFO 25655 --- [Test worker] com.example.demo.cont.MemberContTest     : Starting MemberContTest using Java 11.0.11 on tong7ui-MacBookPro.local with PID 25655 (started by tong7 in /Users/tong7/IdeaProjects/cho/demo1)
2023-06-09 14:59:00.247  INFO 25655 --- [Test worker] com.example.demo.cont.MemberContTest     : No active profile set, falling back to 1 default profile: "default"
2023-06-09 14:59:02.713  INFO 25655 --- [Test worker] o.s.b.t.m.w.SpringBootMockServletContext : Initializing Spring TestDispatcherServlet ''
2023-06-09 14:59:02.715  INFO 25655 --- [Test worker] o.s.t.web.servlet.TestDispatcherServlet  : Initializing Servlet ''
2023-06-09 14:59:02.718  INFO 25655 --- [Test worker] o.s.t.web.servlet.TestDispatcherServlet  : Completed initialization in 3 ms
2023-06-09 14:59:02.779  INFO 25655 --- [Test worker] com.example.demo.cont.MemberContTest     : Started MemberContTest in 3.379 seconds (JVM running for 4.948)
2023-06-09 15:00:40.211  INFO 25768 --- [Test worker] com.example.demo.cont.MemberContTest     : Starting MemberContTest using Java 11.0.11 on tong7ui-MacBookPro.local with PID 25768 (started by tong7 in /Users/tong7/IdeaProjects/cho/demo1)
2023-06-09 15:00:40.214  INFO 25768 --- [Test worker] com.example.demo.cont.MemberContTest     : No active profile set, falling back to 1 default profile: "default"
2023-06-09 15:00:42.661  INFO 25768 --- [Test worker] o.s.b.t.m.w.SpringBootMockServletContext : Initializing Spring TestDispatcherServlet ''
2023-06-09 15:00:42.663  INFO 25768 --- [Test worker] o.s.t.web.servlet.TestDispatcherServlet  : Initializing Servlet ''
2023-06-09 15:00:42.667  INFO 25768 --- [Test worker] o.s.t.web.servlet.TestDispatcherServlet  : Completed initialization in 4 ms
2023-06-09 15:00:42.717  INFO 25768 --- [Test worker] com.example.demo.cont.MemberContTest     : Started MemberContTest in 3.263 seconds (JVM running for 4.865)
2023-06-09 15:17:27.671  INFO 26958 --- [Test worker] com.example.demo.cont.MemberContTest     : Starting MemberContTest using Java 11.0.11 on tong7ui-MacBookPro.local with PID 26958 (started by tong7 in /Users/tong7/IdeaProjects/cho/demo1)
2023-06-09 15:17:27.673  INFO 26958 --- [Test worker] com.example.demo.cont.MemberContTest     : No active profile set, falling back to 1 default profile: "default"
2023-06-09 15:17:30.197  INFO 26958 --- [Test worker] o.s.b.t.m.w.SpringBootMockServletContext : Initializing Spring TestDispatcherServlet ''
2023-06-09 15:17:30.198  INFO 26958 --- [Test worker] o.s.t.web.servlet.TestDispatcherServlet  : Initializing Servlet ''
2023-06-09 15:17:30.201  INFO 26958 --- [Test worker] o.s.t.web.servlet.TestDispatcherServlet  : Completed initialization in 2 ms
2023-06-09 15:17:30.257  INFO 26958 --- [Test worker] com.example.demo.cont.MemberContTest     : Started MemberContTest in 3.476 seconds (JVM running for 5.05)
2023-06-09 15:18:26.599  INFO 27030 --- [Test worker] com.example.demo.cont.MemberContTest     : Starting MemberContTest using Java 11.0.11 on tong7ui-MacBookPro.local with PID 27030 (started by tong7 in /Users/tong7/IdeaProjects/cho/demo1)
2023-06-09 15:18:26.601  INFO 27030 --- [Test worker] com.example.demo.cont.MemberContTest     : No active profile set, falling back to 1 default profile: "default"
2023-06-09 15:18:29.009  INFO 27030 --- [Test worker] o.s.b.t.m.w.SpringBootMockServletContext : Initializing Spring TestDispatcherServlet ''
2023-06-09 15:18:29.010  INFO 27030 --- [Test worker] o.s.t.web.servlet.TestDispatcherServlet  : Initializing Servlet ''
2023-06-09 15:18:29.013  INFO 27030 --- [Test worker] o.s.t.web.servlet.TestDispatcherServlet  : Completed initialization in 3 ms
2023-06-09 15:18:29.066  INFO 27030 --- [Test worker] com.example.demo.cont.MemberContTest     : Started MemberContTest in 3.178 seconds (JVM running for 4.772)
2023-06-09 15:19:36.839  INFO 27116 --- [Test worker] com.example.demo.cont.MemberContTest     : Starting MemberContTest using Java 11.0.11 on tong7ui-MacBookPro.local with PID 27116 (started by tong7 in /Users/tong7/IdeaProjects/cho/demo1)
2023-06-09 15:19:36.848  INFO 27116 --- [Test worker] com.example.demo.cont.MemberContTest     : No active profile set, falling back to 1 default profile: "default"
2023-06-09 15:19:39.416  INFO 27116 --- [Test worker] o.s.b.t.m.w.SpringBootMockServletContext : Initializing Spring TestDispatcherServlet ''
2023-06-09 15:19:39.417  INFO 27116 --- [Test worker] o.s.t.web.servlet.TestDispatcherServlet  : Initializing Servlet ''
2023-06-09 15:19:39.420  INFO 27116 --- [Test worker] o.s.t.web.servlet.TestDispatcherServlet  : Completed initialization in 3 ms
2023-06-09 15:19:39.492  INFO 27116 --- [Test worker] com.example.demo.cont.MemberContTest     : Started MemberContTest in 3.575 seconds (JVM running for 5.263)
2023-06-09 15:19:55.311  INFO 27143 --- [Test worker] com.example.demo.cont.MemberContTest     : Starting MemberContTest using Java 11.0.11 on tong7ui-MacBookPro.local with PID 27143 (started by tong7 in /Users/tong7/IdeaProjects/cho/demo1)
2023-06-09 15:19:55.312  INFO 27143 --- [Test worker] com.example.demo.cont.MemberContTest     : No active profile set, falling back to 1 default profile: "default"
2023-06-09 15:19:57.699  INFO 27143 --- [Test worker] o.s.b.t.m.w.SpringBootMockServletContext : Initializing Spring TestDispatcherServlet ''
2023-06-09 15:19:57.700  INFO 27143 --- [Test worker] o.s.t.web.servlet.TestDispatcherServlet  : Initializing Servlet ''
2023-06-09 15:19:57.703  INFO 27143 --- [Test worker] o.s.t.web.servlet.TestDispatcherServlet  : Completed initialization in 2 ms
2023-06-09 15:19:57.754  INFO 27143 --- [Test worker] com.example.demo.cont.MemberContTest     : Started MemberContTest in 3.157 seconds (JVM running for 4.825)
2023-06-09 15:20:16.266  INFO 27167 --- [Test worker] com.example.demo.cont.MemberContTest     : Starting MemberContTest using Java 11.0.11 on tong7ui-MacBookPro.local with PID 27167 (started by tong7 in /Users/tong7/IdeaProjects/cho/demo1)
2023-06-09 15:20:16.268  INFO 27167 --- [Test worker] com.example.demo.cont.MemberContTest     : No active profile set, falling back to 1 default profile: "default"
2023-06-09 15:20:18.703  INFO 27167 --- [Test worker] o.s.b.t.m.w.SpringBootMockServletContext : Initializing Spring TestDispatcherServlet ''
2023-06-09 15:20:18.704  INFO 27167 --- [Test worker] o.s.t.web.servlet.TestDispatcherServlet  : Initializing Servlet ''
2023-06-09 15:20:18.709  INFO 27167 --- [Test worker] o.s.t.web.servlet.TestDispatcherServlet  : Completed initialization in 4 ms
2023-06-09 15:20:18.762  INFO 27167 --- [Test worker] com.example.demo.cont.MemberContTest     : Started MemberContTest in 3.228 seconds (JVM running for 4.801)
2023-06-09 15:20:53.133  INFO 27220 --- [Test worker] com.example.demo.cont.MemberContTest     : Starting MemberContTest using Java 11.0.11 on tong7ui-MacBookPro.local with PID 27220 (started by tong7 in /Users/tong7/IdeaProjects/cho/demo1)
2023-06-09 15:20:53.135  INFO 27220 --- [Test worker] com.example.demo.cont.MemberContTest     : No active profile set, falling back to 1 default profile: "default"
2023-06-09 15:20:55.414  INFO 27220 --- [Test worker] o.s.b.t.m.w.SpringBootMockServletContext : Initializing Spring TestDispatcherServlet ''
2023-06-09 15:20:55.416  INFO 27220 --- [Test worker] o.s.t.web.servlet.TestDispatcherServlet  : Initializing Servlet ''
2023-06-09 15:20:55.419  INFO 27220 --- [Test worker] o.s.t.web.servlet.TestDispatcherServlet  : Completed initialization in 3 ms
2023-06-09 15:20:55.470  INFO 27220 --- [Test worker] com.example.demo.cont.MemberContTest     : Started MemberContTest in 3.033 seconds (JVM running for 4.677)
2023-06-09 15:20:55.580  INFO 27220 --- [Test worker] com.example.demo.cont.MemberContTest     : 
2023-06-09 15:21:20.795  INFO 27253 --- [Test worker] com.example.demo.cont.MemberContTest     : Starting MemberContTest using Java 11.0.11 on tong7ui-MacBookPro.local with PID 27253 (started by tong7 in /Users/tong7/IdeaProjects/cho/demo1)
2023-06-09 15:21:20.851  INFO 27253 --- [Test worker] com.example.demo.cont.MemberContTest     : No active profile set, falling back to 1 default profile: "default"
2023-06-09 15:21:23.260  INFO 27253 --- [Test worker] o.s.b.t.m.w.SpringBootMockServletContext : Initializing Spring TestDispatcherServlet ''
2023-06-09 15:21:23.261  INFO 27253 --- [Test worker] o.s.t.web.servlet.TestDispatcherServlet  : Initializing Servlet ''
2023-06-09 15:21:23.264  INFO 27253 --- [Test worker] o.s.t.web.servlet.TestDispatcherServlet  : Completed initialization in 2 ms
2023-06-09 15:21:23.320  INFO 27253 --- [Test worker] com.example.demo.cont.MemberContTest     : Started MemberContTest in 3.233 seconds (JVM running for 4.77)
2023-06-09 15:21:23.425  INFO 27253 --- [Test worker] com.example.demo.cont.MemberContTest     : test : 
2023-06-09 15:24:53.892  INFO 27500 --- [Test worker] com.example.demo.cont.MemberContTest     : Starting MemberContTest using Java 11.0.11 on tong7ui-MacBookPro.local with PID 27500 (started by tong7 in /Users/tong7/IdeaProjects/cho/demo1)
2023-06-09 15:24:53.894  INFO 27500 --- [Test worker] com.example.demo.cont.MemberContTest     : No active profile set, falling back to 1 default profile: "default"
2023-06-09 15:24:56.346  INFO 27500 --- [Test worker] o.s.b.t.m.w.SpringBootMockServletContext : Initializing Spring TestDispatcherServlet ''
2023-06-09 15:24:56.348  INFO 27500 --- [Test worker] o.s.t.web.servlet.TestDispatcherServlet  : Initializing Servlet ''
2023-06-09 15:24:56.351  INFO 27500 --- [Test worker] o.s.t.web.servlet.TestDispatcherServlet  : Completed initialization in 3 ms
2023-06-09 15:24:56.396  INFO 27500 --- [Test worker] com.example.demo.cont.MemberContTest     : Started MemberContTest in 3.476 seconds (JVM running for 5.116)
2023-06-09 15:24:56.500  INFO 27500 --- [Test worker] com.example.demo.cont.MemberContTest     : test : org.springframework.test.web.servlet.DefaultMvcResult@6eed46e9
2023-06-09 15:27:09.287  INFO 27663 --- [Test worker] com.example.demo.cont.MemberContTest     : Starting MemberContTest using Java 11.0.11 on tong7ui-MacBookPro.local with PID 27663 (started by tong7 in /Users/tong7/IdeaProjects/cho/demo1)
2023-06-09 15:27:09.289  INFO 27663 --- [Test worker] com.example.demo.cont.MemberContTest     : No active profile set, falling back to 1 default profile: "default"
2023-06-09 15:27:11.749  INFO 27663 --- [Test worker] o.s.b.t.m.w.SpringBootMockServletContext : Initializing Spring TestDispatcherServlet ''
2023-06-09 15:27:11.751  INFO 27663 --- [Test worker] o.s.t.web.servlet.TestDispatcherServlet  : Initializing Servlet ''
2023-06-09 15:27:11.755  INFO 27663 --- [Test worker] o.s.t.web.servlet.TestDispatcherServlet  : Completed initialization in 4 ms
2023-06-09 15:27:11.809  INFO 27663 --- [Test worker] com.example.demo.cont.MemberContTest     : Started MemberContTest in 3.484 seconds (JVM running for 5.029)
2023-06-09 15:30:56.832  INFO 27918 --- [Test worker] com.example.demo.cont.MemberContTest     : Starting MemberContTest using Java 11.0.11 on tong7ui-MacBookPro.local with PID 27918 (started by tong7 in /Users/tong7/IdeaProjects/cho/demo1)
2023-06-09 15:30:56.837  INFO 27918 --- [Test worker] com.example.demo.cont.MemberContTest     : No active profile set, falling back to 1 default profile: "default"
2023-06-09 15:30:59.195  INFO 27918 --- [Test worker] o.s.b.t.m.w.SpringBootMockServletContext : Initializing Spring TestDispatcherServlet ''
2023-06-09 15:30:59.197  INFO 27918 --- [Test worker] o.s.t.web.servlet.TestDispatcherServlet  : Initializing Servlet ''
2023-06-09 15:30:59.201  INFO 27918 --- [Test worker] o.s.t.web.servlet.TestDispatcherServlet  : Completed initialization in 4 ms
2023-06-09 15:30:59.263  INFO 27918 --- [Test worker] com.example.demo.cont.MemberContTest     : Started MemberContTest in 3.359 seconds (JVM running for 4.933)
2023-06-09 15:31:57.886  INFO 27996 --- [Test worker] com.example.demo.cont.MemberContTest     : Starting MemberContTest using Java 11.0.11 on tong7ui-MacBookPro.local with PID 27996 (started by tong7 in /Users/tong7/IdeaProjects/cho/demo1)
2023-06-09 15:31:57.887  INFO 27996 --- [Test worker] com.example.demo.cont.MemberContTest     : No active profile set, falling back to 1 default profile: "default"
2023-06-09 15:32:00.321  INFO 27996 --- [Test worker] o.s.b.t.m.w.SpringBootMockServletContext : Initializing Spring TestDispatcherServlet ''
2023-06-09 15:32:00.323  INFO 27996 --- [Test worker] o.s.t.web.servlet.TestDispatcherServlet  : Initializing Servlet ''
2023-06-09 15:32:00.327  INFO 27996 --- [Test worker] o.s.t.web.servlet.TestDispatcherServlet  : Completed initialization in 4 ms
2023-06-09 15:32:00.376  INFO 27996 --- [Test worker] com.example.demo.cont.MemberContTest     : Started MemberContTest in 3.229 seconds (JVM running for 4.816)
2023-06-09 15:32:00.491  INFO 27996 --- [Test worker] com.example.demo.cont.MemberContTest     : test1
2023-06-09 15:33:44.851  INFO 28131 --- [Test worker] com.example.demo.cont.MemberContTest     : Starting MemberContTest using Java 11.0.11 on tong7ui-MacBookPro.local with PID 28131 (started by tong7 in /Users/tong7/IdeaProjects/cho/demo1)
2023-06-09 15:33:44.854  INFO 28131 --- [Test worker] com.example.demo.cont.MemberContTest     : No active profile set, falling back to 1 default profile: "default"
2023-06-09 15:33:47.196  INFO 28131 --- [Test worker] o.s.b.t.m.w.SpringBootMockServletContext : Initializing Spring TestDispatcherServlet ''
2023-06-09 15:33:47.197  INFO 28131 --- [Test worker] o.s.t.web.servlet.TestDispatcherServlet  : Initializing Servlet ''
2023-06-09 15:33:47.202  INFO 28131 --- [Test worker] o.s.t.web.servlet.TestDispatcherServlet  : Completed initialization in 5 ms
2023-06-09 15:33:47.249  INFO 28131 --- [Test worker] com.example.demo.cont.MemberContTest     : Started MemberContTest in 3.342 seconds (JVM running for 4.882)
2023-06-09 15:33:47.366  INFO 28131 --- [Test worker] com.example.demo.cont.MemberContTest     : test1
2023-06-09 15:39:35.309  INFO 28585 --- [Test worker] com.example.demo.cont.MemberContTest     : Starting MemberContTest using Java 11.0.11 on tong7ui-MacBookPro.local with PID 28585 (started by tong7 in /Users/tong7/IdeaProjects/cho/demo1)
2023-06-09 15:39:35.311  INFO 28585 --- [Test worker] com.example.demo.cont.MemberContTest     : No active profile set, falling back to 1 default profile: "default"
2023-06-09 15:39:37.609  INFO 28585 --- [Test worker] o.s.b.t.m.w.SpringBootMockServletContext : Initializing Spring TestDispatcherServlet ''
2023-06-09 15:39:37.610  INFO 28585 --- [Test worker] o.s.t.web.servlet.TestDispatcherServlet  : Initializing Servlet ''
2023-06-09 15:39:37.615  INFO 28585 --- [Test worker] o.s.t.web.servlet.TestDispatcherServlet  : Completed initialization in 5 ms
2023-06-09 15:39:37.669  INFO 28585 --- [Test worker] com.example.demo.cont.MemberContTest     : Started MemberContTest in 3.048 seconds (JVM running for 4.624)
2023-06-09 15:39:37.782  INFO 28585 --- [Test worker] com.example.demo.cont.MemberContTest     : test1
2023-06-09 15:40:39.662  INFO 28660 --- [Test worker] com.example.demo.cont.MemberContTest     : Starting MemberContTest using Java 11.0.11 on tong7ui-MacBookPro.local with PID 28660 (started by tong7 in /Users/tong7/IdeaProjects/cho/demo1)
2023-06-09 15:40:39.663  INFO 28660 --- [Test worker] com.example.demo.cont.MemberContTest     : No active profile set, falling back to 1 default profile: "default"
2023-06-09 15:40:42.050  INFO 28660 --- [Test worker] o.s.b.t.m.w.SpringBootMockServletContext : Initializing Spring TestDispatcherServlet ''
2023-06-09 15:40:42.051  INFO 28660 --- [Test worker] o.s.t.web.servlet.TestDispatcherServlet  : Initializing Servlet ''
2023-06-09 15:40:42.055  INFO 28660 --- [Test worker] o.s.t.web.servlet.TestDispatcherServlet  : Completed initialization in 4 ms
2023-06-09 15:40:42.100  INFO 28660 --- [Test worker] com.example.demo.cont.MemberContTest     : Started MemberContTest in 3.162 seconds (JVM running for 4.715)
2023-06-09 15:40:42.214  INFO 28660 --- [Test worker] com.example.demo.cont.MemberContTest     : test1 : 
2023-06-09 15:40:42.215  INFO 28660 --- [Test worker] com.example.demo.cont.MemberContTest     : test2
2023-06-09 15:42:44.664  INFO 28802 --- [Test worker] com.example.demo.cont.MemberContTest     : Starting MemberContTest using Java 11.0.11 on tong7ui-MacBookPro.local with PID 28802 (started by tong7 in /Users/tong7/IdeaProjects/cho/demo1)
2023-06-09 15:42:44.667  INFO 28802 --- [Test worker] com.example.demo.cont.MemberContTest     : No active profile set, falling back to 1 default profile: "default"
2023-06-09 15:42:47.063  INFO 28802 --- [Test worker] o.s.b.t.m.w.SpringBootMockServletContext : Initializing Spring TestDispatcherServlet ''
2023-06-09 15:42:47.065  INFO 28802 --- [Test worker] o.s.t.web.servlet.TestDispatcherServlet  : Initializing Servlet ''
2023-06-09 15:42:47.068  INFO 28802 --- [Test worker] o.s.t.web.servlet.TestDispatcherServlet  : Completed initialization in 3 ms
2023-06-09 15:42:47.116  INFO 28802 --- [Test worker] com.example.demo.cont.MemberContTest     : Started MemberContTest in 3.168 seconds (JVM running for 4.76)
2023-06-09 15:42:47.235  INFO 28802 --- [Test worker] com.example.demo.cont.MemberContTest     : test1 : 
2023-06-09 15:43:56.366  INFO 28911 --- [Test worker] com.example.demo.cont.MemberContTest     : Starting MemberContTest using Java 11.0.11 on tong7ui-MacBookPro.local with PID 28911 (started by tong7 in /Users/tong7/IdeaProjects/cho/demo1)
2023-06-09 15:43:56.368  INFO 28911 --- [Test worker] com.example.demo.cont.MemberContTest     : No active profile set, falling back to 1 default profile: "default"
2023-06-09 15:43:58.833  INFO 28911 --- [Test worker] o.s.b.t.m.w.SpringBootMockServletContext : Initializing Spring TestDispatcherServlet ''
2023-06-09 15:43:58.838  INFO 28911 --- [Test worker] o.s.t.web.servlet.TestDispatcherServlet  : Initializing Servlet ''
2023-06-09 15:43:58.843  INFO 28911 --- [Test worker] o.s.t.web.servlet.TestDispatcherServlet  : Completed initialization in 4 ms
2023-06-09 15:43:58.899  INFO 28911 --- [Test worker] com.example.demo.cont.MemberContTest     : Started MemberContTest in 3.263 seconds (JVM running for 4.809)
2023-06-09 15:44:24.110  INFO 28946 --- [Test worker] com.example.demo.cont.MemberContTest     : Starting MemberContTest using Java 11.0.11 on tong7ui-MacBookPro.local with PID 28946 (started by tong7 in /Users/tong7/IdeaProjects/cho/demo1)
2023-06-09 15:44:24.112  INFO 28946 --- [Test worker] com.example.demo.cont.MemberContTest     : No active profile set, falling back to 1 default profile: "default"
2023-06-09 15:44:26.573  INFO 28946 --- [Test worker] o.s.b.t.m.w.SpringBootMockServletContext : Initializing Spring TestDispatcherServlet ''
2023-06-09 15:44:26.575  INFO 28946 --- [Test worker] o.s.t.web.servlet.TestDispatcherServlet  : Initializing Servlet ''
2023-06-09 15:44:26.580  INFO 28946 --- [Test worker] o.s.t.web.servlet.TestDispatcherServlet  : Completed initialization in 5 ms
2023-06-09 15:44:26.637  INFO 28946 --- [Test worker] com.example.demo.cont.MemberContTest     : Started MemberContTest in 3.281 seconds (JVM running for 4.99)
2023-06-09 15:44:27.338  INFO 28946 --- [Test worker] com.example.demo.cont.MemberContTest     : test1 : 
2023-06-09 15:44:40.494  INFO 28969 --- [main] com.example.demo.Demo1Application        : Starting Demo1Application using Java 11.0.11 on tong7ui-MacBookPro.local with PID 28969 (/Users/tong7/IdeaProjects/cho/demo1/build/classes/java/main started by tong7 in /Users/tong7/IdeaProjects/cho/demo1)
2023-06-09 15:44:40.497  INFO 28969 --- [main] com.example.demo.Demo1Application        : No active profile set, falling back to 1 default profile: "default"
2023-06-09 15:44:41.674  INFO 28969 --- [main] o.s.b.w.embedded.tomcat.TomcatWebServer  : Tomcat initialized with port(s): 8080 (http)
2023-06-09 15:44:41.682  INFO 28969 --- [main] o.apache.catalina.core.StandardService   : Starting service [Tomcat]
2023-06-09 15:44:41.682  INFO 28969 --- [main] org.apache.catalina.core.StandardEngine  : Starting Servlet engine: [Apache Tomcat/9.0.75]
2023-06-09 15:44:41.769  INFO 28969 --- [main] o.a.c.c.C.[Tomcat].[localhost].[/]       : Initializing Spring embedded WebApplicationContext
2023-06-09 15:44:41.769  INFO 28969 --- [main] w.s.c.ServletWebServerApplicationContext : Root WebApplicationContext: initialization completed in 1191 ms
2023-06-09 15:44:42.646  INFO 28969 --- [main] com.zaxxer.hikari.HikariDataSource       : HikariPool-1 - Starting...
2023-06-09 15:44:42.719  INFO 28969 --- [main] com.zaxxer.hikari.HikariDataSource       : HikariPool-1 - Start completed.
2023-06-09 15:44:42.817  INFO 28969 --- [main] o.s.b.w.embedded.tomcat.TomcatWebServer  : Tomcat started on port(s): 8080 (http) with context path ''
2023-06-09 15:44:42.838  INFO 28969 --- [main] com.example.demo.Demo1Application        : Started Demo1Application in 2.905 seconds (JVM running for 3.612)
2023-06-09 15:45:34.556  INFO 29026 --- [Test worker] com.example.demo.cont.MemberContTest     : Starting MemberContTest using Java 11.0.11 on tong7ui-MacBookPro.local with PID 29026 (started by tong7 in /Users/tong7/IdeaProjects/cho/demo1)
2023-06-09 15:45:34.558  INFO 29026 --- [Test worker] com.example.demo.cont.MemberContTest     : No active profile set, falling back to 1 default profile: "default"
2023-06-09 15:45:37.051  INFO 29026 --- [Test worker] o.s.b.t.m.w.SpringBootMockServletContext : Initializing Spring TestDispatcherServlet ''
2023-06-09 15:45:37.052  INFO 29026 --- [Test worker] o.s.t.web.servlet.TestDispatcherServlet  : Initializing Servlet ''
2023-06-09 15:45:37.056  INFO 29026 --- [Test worker] o.s.t.web.servlet.TestDispatcherServlet  : Completed initialization in 3 ms
2023-06-09 15:45:37.108  INFO 29026 --- [Test worker] com.example.demo.cont.MemberContTest     : Started MemberContTest in 3.295 seconds (JVM running for 4.877)
2023-06-09 15:45:37.227  INFO 29026 --- [Test worker] com.example.demo.cont.MemberContTest     : test1 : 
2023-06-09 15:45:50.804  INFO 28969 --- [http-nio-8080-exec-2] o.a.c.c.C.[Tomcat].[localhost].[/]       : Initializing Spring DispatcherServlet 'dispatcherServlet'
2023-06-09 15:45:50.805  INFO 28969 --- [http-nio-8080-exec-2] o.s.web.servlet.DispatcherServlet        : Initializing Servlet 'dispatcherServlet'
2023-06-09 15:45:50.806  INFO 28969 --- [http-nio-8080-exec-2] o.s.web.servlet.DispatcherServlet        : Completed initialization in 1 ms
2023-06-09 15:45:50.877  INFO 28969 --- [http-nio-8080-exec-2] com.example.demo.service.MemberService   : Member : Member(memberId=null, userId=null, name=bespoke, password=1234)
2023-06-09 15:46:12.777  INFO 28969 --- [SpringApplicationShutdownHook] com.zaxxer.hikari.HikariDataSource       : HikariPool-1 - Shutdown initiated...
2023-06-09 15:46:12.782  INFO 28969 --- [SpringApplicationShutdownHook] com.zaxxer.hikari.HikariDataSource       : HikariPool-1 - Shutdown completed.
2023-06-09 15:49:40.136  INFO 29316 --- [Test worker] com.example.demo.cont.MemberContTest     : Starting MemberContTest using Java 11.0.11 on tong7ui-MacBookPro.local with PID 29316 (started by tong7 in /Users/tong7/IdeaProjects/cho/demo1)
2023-06-09 15:49:40.138  INFO 29316 --- [Test worker] com.example.demo.cont.MemberContTest     : No active profile set, falling back to 1 default profile: "default"
2023-06-09 15:49:42.530  INFO 29316 --- [Test worker] o.s.b.t.m.w.SpringBootMockServletContext : Initializing Spring TestDispatcherServlet ''
2023-06-09 15:49:42.531  INFO 29316 --- [Test worker] o.s.t.web.servlet.TestDispatcherServlet  : Initializing Servlet ''
2023-06-09 15:49:42.538  INFO 29316 --- [Test worker] o.s.t.web.servlet.TestDispatcherServlet  : Completed initialization in 7 ms
2023-06-09 15:49:42.592  INFO 29316 --- [Test worker] com.example.demo.cont.MemberContTest     : Started MemberContTest in 3.52 seconds (JVM running for 5.057)
2023-06-09 15:53:00.679  INFO 29577 --- [Test worker] com.example.demo.cont.MemberContTest     : Starting MemberContTest using Java 11.0.11 on tong7ui-MacBookPro.local with PID 29577 (started by tong7 in /Users/tong7/IdeaProjects/cho/demo1)
2023-06-09 15:53:00.682  INFO 29577 --- [Test worker] com.example.demo.cont.MemberContTest     : No active profile set, falling back to 1 default profile: "default"
2023-06-09 15:53:03.134  INFO 29577 --- [Test worker] o.s.b.t.m.w.SpringBootMockServletContext : Initializing Spring TestDispatcherServlet ''
2023-06-09 15:53:03.136  INFO 29577 --- [Test worker] o.s.t.web.servlet.TestDispatcherServlet  : Initializing Servlet ''
2023-06-09 15:53:03.139  INFO 29577 --- [Test worker] o.s.t.web.servlet.TestDispatcherServlet  : Completed initialization in 3 ms
2023-06-09 15:53:03.195  INFO 29577 --- [Test worker] com.example.demo.cont.MemberContTest     : Started MemberContTest in 3.424 seconds (JVM running for 4.997)
2023-06-09 15:53:39.025  INFO 29622 --- [Test worker] com.example.demo.cont.MemberContTest     : Starting MemberContTest using Java 11.0.11 on tong7ui-MacBookPro.local with PID 29622 (started by tong7 in /Users/tong7/IdeaProjects/cho/demo1)
2023-06-09 15:53:39.028  INFO 29622 --- [Test worker] com.example.demo.cont.MemberContTest     : No active profile set, falling back to 1 default profile: "default"
2023-06-09 15:53:41.400  INFO 29622 --- [Test worker] o.s.b.t.m.w.SpringBootMockServletContext : Initializing Spring TestDispatcherServlet ''
2023-06-09 15:53:41.402  INFO 29622 --- [Test worker] o.s.t.web.servlet.TestDispatcherServlet  : Initializing Servlet ''
2023-06-09 15:53:41.406  INFO 29622 --- [Test worker] o.s.t.web.servlet.TestDispatcherServlet  : Completed initialization in 4 ms
2023-06-09 15:53:41.459  INFO 29622 --- [Test worker] com.example.demo.cont.MemberContTest     : Started MemberContTest in 3.18 seconds (JVM running for 4.775)
2023-06-09 15:53:41.587  WARN 29622 --- [Test worker] o.s.test.context.TestContextManager      : Caught exception while invoking 'beforeTestMethod' callback on TestExecutionListener [org.springframework.test.context.transaction.TransactionalTestExecutionListener@35fe2125] for test method [public void com.example.demo.cont.MemberContTest.testHello2() throws java.lang.Exception] and test instance [com.example.demo.cont.MemberContTest@2af9a5ef]

java.lang.IllegalStateException: Failed to retrieve PlatformTransactionManager for @Transactional test: [DefaultTestContext@241a53ef testClass = MemberContTest, testInstance = com.example.demo.cont.MemberContTest@2af9a5ef, testMethod = testHello2@MemberContTest, testException = [null], mergedContextConfiguration = [WebMergedContextConfiguration@344344fa testClass = MemberContTest, locations = '{}', classes = '{class com.example.demo.Demo1Application}', contextInitializerClasses = '[]', activeProfiles = '{}', propertySourceLocations = '{}', propertySourceProperties = '{org.springframework.boot.test.autoconfigure.web.servlet.WebMvcTestContextBootstrapper=true}', contextCustomizers = set[org.springframework.boot.test.autoconfigure.OverrideAutoConfigurationContextCustomizerFactory$DisableAutoConfigurationContextCustomizer@73dce0e6, org.springframework.boot.test.autoconfigure.actuate.metrics.MetricsExportContextCustomizerFactory$DisableMetricExportContextCustomizer@14d14731, org.springframework.boot.test.autoconfigure.filter.TypeExcludeFiltersContextCustomizer@c0b1866e, org.springframework.boot.test.autoconfigure.properties.PropertyMappingContextCustomizer@eede5e26, org.springframework.boot.test.autoconfigure.web.servlet.WebDriverContextCustomizerFactory$Customizer@5c00384f, [ImportsContextCustomizer@2db2cd5 key = [org.springframework.boot.autoconfigure.cache.CacheAutoConfiguration, org.springframework.boot.autoconfigure.context.MessageSourceAutoConfiguration, org.springframework.boot.autoconfigure.data.web.SpringDataWebAutoConfiguration, org.springframework.boot.autoconfigure.freemarker.FreeMarkerAutoConfiguration, org.springframework.boot.autoconfigure.groovy.template.GroovyTemplateAutoConfiguration, org.springframework.boot.autoconfigure.gson.GsonAutoConfiguration, org.springframework.boot.autoconfigure.hateoas.HypermediaAutoConfiguration, org.springframework.boot.autoconfigure.http.HttpMessageConvertersAutoConfiguration, org.springframework.boot.autoconfigure.jackson.JacksonAutoConfiguration, org.springframework.boot.autoconfigure.jsonb.JsonbAutoConfiguration, org.springframework.boot.autoconfigure.mustache.MustacheAutoConfiguration, org.springframework.boot.autoconfigure.task.TaskExecutionAutoConfiguration, org.springframework.boot.autoconfigure.thymeleaf.ThymeleafAutoConfiguration, org.springframework.boot.autoconfigure.validation.ValidationAutoConfiguration, org.springframework.boot.autoconfigure.web.servlet.error.ErrorMvcAutoConfiguration, org.springframework.boot.autoconfigure.web.servlet.HttpEncodingAutoConfiguration, org.springframework.boot.autoconfigure.web.servlet.WebMvcAutoConfiguration, org.springframework.boot.test.autoconfigure.web.servlet.MockMvcAutoConfiguration, org.springframework.boot.test.autoconfigure.web.servlet.MockMvcWebClientAutoConfiguration, org.springframework.boot.test.autoconfigure.web.servlet.MockMvcWebDriverAutoConfiguration, org.springframework.boot.autoconfigure.security.oauth2.client.servlet.OAuth2ClientAutoConfiguration, org.springframework.boot.autoconfigure.security.oauth2.resource.servlet.OAuth2ResourceServerAutoConfiguration, org.springframework.boot.autoconfigure.security.servlet.SecurityAutoConfiguration, org.springframework.boot.autoconfigure.security.servlet.SecurityFilterAutoConfiguration, org.springframework.boot.autoconfigure.security.servlet.UserDetailsServiceAutoConfiguration, org.springframework.boot.test.autoconfigure.web.servlet.MockMvcSecurityConfiguration, org.springframework.boot.test.autoconfigure.web.reactive.WebTestClientAutoConfiguration]], org.springframework.boot.test.context.filter.ExcludeFilterContextCustomizer@60d1a32f, org.springframework.boot.test.json.DuplicateJsonObjectContextCustomizerFactory$DuplicateJsonObjectContextCustomizer@1fcb4808, org.springframework.boot.test.mock.mockito.MockitoContextCustomizer@270069be, org.springframework.boot.test.context.SpringBootTestArgs@1, org.springframework.boot.test.context.SpringBootTestWebEnvironment@0], resourceBasePath = 'src/main/webapp', contextLoader = 'org.springframework.boot.test.context.SpringBootContextLoader', parent = [null]], attributes = map['org.springframework.test.context.event.ApplicationEventsTestExecutionListener.recordApplicationEvents' -> false]]
	at org.springframework.util.Assert.state(Assert.java:97) ~[spring-core-5.3.27.jar:5.3.27]
	at org.springframework.test.context.transaction.TransactionalTestExecutionListener.beforeTestMethod(TransactionalTestExecutionListener.java:224) ~[spring-test-5.3.27.jar:5.3.27]
	at org.springframework.test.context.TestContextManager.beforeTestMethod(TestContextManager.java:293) ~[spring-test-5.3.27.jar:5.3.27]
	at org.springframework.test.context.junit4.statements.RunBeforeTestMethodCallbacks.evaluate(RunBeforeTestMethodCallbacks.java:74) ~[spring-test-5.3.27.jar:5.3.27]
	at org.springframework.test.context.junit4.statements.RunAfterTestMethodCallbacks.evaluate(RunAfterTestMethodCallbacks.java:86) ~[spring-test-5.3.27.jar:5.3.27]
	at org.springframework.test.context.junit4.statements.SpringRepeat.evaluate(SpringRepeat.java:84) ~[spring-test-5.3.27.jar:5.3.27]
	at org.junit.runners.ParentRunner.runLeaf(ParentRunner.java:366) ~[junit-4.13.2.jar:4.13.2]
	at org.springframework.test.context.junit4.SpringJUnit4ClassRunner.runChild(SpringJUnit4ClassRunner.java:251) ~[spring-test-5.3.27.jar:5.3.27]
	at org.springframework.test.context.junit4.SpringJUnit4ClassRunner.runChild(SpringJUnit4ClassRunner.java:97) ~[spring-test-5.3.27.jar:5.3.27]
	at org.junit.runners.ParentRunner$4.run(ParentRunner.java:331) ~[junit-4.13.2.jar:4.13.2]
	at org.junit.runners.ParentRunner$1.schedule(ParentRunner.java:79) ~[junit-4.13.2.jar:4.13.2]
	at org.junit.runners.ParentRunner.runChildren(ParentRunner.java:329) ~[junit-4.13.2.jar:4.13.2]
	at org.junit.runners.ParentRunner.access$100(ParentRunner.java:66) ~[junit-4.13.2.jar:4.13.2]
	at org.junit.runners.ParentRunner$2.evaluate(ParentRunner.java:293) ~[junit-4.13.2.jar:4.13.2]
	at org.springframework.test.context.junit4.statements.RunBeforeTestClassCallbacks.evaluate(RunBeforeTestClassCallbacks.java:61) ~[spring-test-5.3.27.jar:5.3.27]
	at org.springframework.test.context.junit4.statements.RunAfterTestClassCallbacks.evaluate(RunAfterTestClassCallbacks.java:70) ~[spring-test-5.3.27.jar:5.3.27]
	at org.junit.runners.ParentRunner$3.evaluate(ParentRunner.java:306) ~[junit-4.13.2.jar:4.13.2]
	at org.junit.runners.ParentRunner.run(ParentRunner.java:413) ~[junit-4.13.2.jar:4.13.2]
	at org.springframework.test.context.junit4.SpringJUnit4ClassRunner.run(SpringJUnit4ClassRunner.java:190) ~[spring-test-5.3.27.jar:5.3.27]
	at org.junit.runner.JUnitCore.run(JUnitCore.java:137) ~[junit-4.13.2.jar:4.13.2]
	at org.junit.runner.JUnitCore.run(JUnitCore.java:115) ~[junit-4.13.2.jar:4.13.2]
	at org.junit.vintage.engine.execution.RunnerExecutor.execute(RunnerExecutor.java:42) ~[junit-vintage-engine-5.8.2.jar:5.8.2]
	at org.junit.vintage.engine.VintageTestEngine.executeAllChildren(VintageTestEngine.java:80) ~[junit-vintage-engine-5.8.2.jar:5.8.2]
	at org.junit.vintage.engine.VintageTestEngine.execute(VintageTestEngine.java:72) ~[junit-vintage-engine-5.8.2.jar:5.8.2]
	at org.junit.platform.launcher.core.EngineExecutionOrchestrator.execute(EngineExecutionOrchestrator.java:107) ~[na:na]
	at org.junit.platform.launcher.core.EngineExecutionOrchestrator.execute(EngineExecutionOrchestrator.java:88) ~[na:na]
	at org.junit.platform.launcher.core.EngineExecutionOrchestrator.lambda$execute$0(EngineExecutionOrchestrator.java:54) ~[na:na]
	at org.junit.platform.launcher.core.EngineExecutionOrchestrator.withInterceptedStreams(EngineExecutionOrchestrator.java:67) ~[na:na]
	at org.junit.platform.launcher.core.EngineExecutionOrchestrator.execute(EngineExecutionOrchestrator.java:52) ~[na:na]
	at org.junit.platform.launcher.core.DefaultLauncher.execute(DefaultLauncher.java:114) ~[na:na]
	at org.junit.platform.launcher.core.DefaultLauncher.execute(DefaultLauncher.java:86) ~[na:na]
	at org.junit.platform.launcher.core.DefaultLauncherSession$DelegatingLauncher.execute(DefaultLauncherSession.java:86) ~[na:na]
	at org.junit.platform.launcher.core.SessionPerRequestLauncher.execute(SessionPerRequestLauncher.java:53) ~[na:na]
	at org.gradle.api.internal.tasks.testing.junitplatform.JUnitPlatformTestClassProcessor$CollectAllTestClassesExecutor.processAllTestClasses(JUnitPlatformTestClassProcessor.java:99) ~[na:na]
	at org.gradle.api.internal.tasks.testing.junitplatform.JUnitPlatformTestClassProcessor$CollectAllTestClassesExecutor.access$000(JUnitPlatformTestClassProcessor.java:79) ~[na:na]
	at org.gradle.api.internal.tasks.testing.junitplatform.JUnitPlatformTestClassProcessor.stop(JUnitPlatformTestClassProcessor.java:75) ~[na:na]
	at org.gradle.api.internal.tasks.testing.SuiteTestClassProcessor.stop(SuiteTestClassProcessor.java:62) ~[na:na]
	at java.base/jdk.internal.reflect.NativeMethodAccessorImpl.invoke0(Native Method) ~[na:na]
	at java.base/jdk.internal.reflect.NativeMethodAccessorImpl.invoke(NativeMethodAccessorImpl.java:62) ~[na:na]
	at java.base/jdk.internal.reflect.DelegatingMethodAccessorImpl.invoke(DelegatingMethodAccessorImpl.java:43) ~[na:na]
	at java.base/java.lang.reflect.Method.invoke(Method.java:566) ~[na:na]
	at org.gradle.internal.dispatch.ReflectionDispatch.dispatch(ReflectionDispatch.java:36) ~[na:na]
	at org.gradle.internal.dispatch.ReflectionDispatch.dispatch(ReflectionDispatch.java:24) ~[na:na]
	at org.gradle.internal.dispatch.ContextClassLoaderDispatch.dispatch(ContextClassLoaderDispatch.java:33) ~[na:na]
	at org.gradle.internal.dispatch.ProxyDispatchAdapter$DispatchingInvocationHandler.invoke(ProxyDispatchAdapter.java:94) ~[na:na]
	at com.sun.proxy.$Proxy2.stop(Unknown Source) ~[na:na]
	at org.gradle.api.internal.tasks.testing.worker.TestWorker$3.run(TestWorker.java:193) ~[na:na]
	at org.gradle.api.internal.tasks.testing.worker.TestWorker.executeAndMaintainThreadName(TestWorker.java:129) ~[na:na]
	at org.gradle.api.internal.tasks.testing.worker.TestWorker.execute(TestWorker.java:100) ~[na:na]
	at org.gradle.api.internal.tasks.testing.worker.TestWorker.execute(TestWorker.java:60) ~[na:na]
	at org.gradle.process.internal.worker.child.ActionExecutionWorker.execute(ActionExecutionWorker.java:56) ~[na:na]
	at org.gradle.process.internal.worker.child.SystemApplicationClassLoaderWorker.call(SystemApplicationClassLoaderWorker.java:113) ~[na:na]
	at org.gradle.process.internal.worker.child.SystemApplicationClassLoaderWorker.call(SystemApplicationClassLoaderWorker.java:65) ~[na:na]
	at worker.org.gradle.process.internal.worker.GradleWorkerMain.run(GradleWorkerMain.java:69) ~[gradle-worker.jar:na]
	at worker.org.gradle.process.internal.worker.GradleWorkerMain.main(GradleWorkerMain.java:74) ~[gradle-worker.jar:na]

2023-06-09 15:54:13.385  INFO 29668 --- [Test worker] com.example.demo.cont.MemberContTest     : Starting MemberContTest using Java 11.0.11 on tong7ui-MacBookPro.local with PID 29668 (started by tong7 in /Users/tong7/IdeaProjects/cho/demo1)
2023-06-09 15:54:13.388  INFO 29668 --- [Test worker] com.example.demo.cont.MemberContTest     : No active profile set, falling back to 1 default profile: "default"
2023-06-09 15:54:15.699  INFO 29668 --- [Test worker] o.s.b.t.m.w.SpringBootMockServletContext : Initializing Spring TestDispatcherServlet ''
2023-06-09 15:54:15.700  INFO 29668 --- [Test worker] o.s.t.web.servlet.TestDispatcherServlet  : Initializing Servlet ''
2023-06-09 15:54:15.703  INFO 29668 --- [Test worker] o.s.t.web.servlet.TestDispatcherServlet  : Completed initialization in 3 ms
2023-06-09 15:54:15.756  INFO 29668 --- [Test worker] com.example.demo.cont.MemberContTest     : Started MemberContTest in 3.062 seconds (JVM running for 4.671)
2023-06-09 15:54:58.764  INFO 29720 --- [Test worker] com.example.demo.cont.MemberContTest     : Starting MemberContTest using Java 11.0.11 on tong7ui-MacBookPro.local with PID 29720 (started by tong7 in /Users/tong7/IdeaProjects/cho/demo1)
2023-06-09 15:54:58.767  INFO 29720 --- [Test worker] com.example.demo.cont.MemberContTest     : No active profile set, falling back to 1 default profile: "default"
2023-06-09 15:55:01.142  INFO 29720 --- [Test worker] o.s.b.t.m.w.SpringBootMockServletContext : Initializing Spring TestDispatcherServlet ''
2023-06-09 15:55:01.143  INFO 29720 --- [Test worker] o.s.t.web.servlet.TestDispatcherServlet  : Initializing Servlet ''
2023-06-09 15:55:01.147  INFO 29720 --- [Test worker] o.s.t.web.servlet.TestDispatcherServlet  : Completed initialization in 4 ms
2023-06-09 15:55:01.214  INFO 29720 --- [Test worker] com.example.demo.cont.MemberContTest     : Started MemberContTest in 3.184 seconds (JVM running for 4.765)
2023-06-09 15:55:29.035  INFO 29767 --- [Test worker] com.example.demo.cont.MemberContTest     : Starting MemberContTest using Java 11.0.11 on tong7ui-MacBookPro.local with PID 29767 (started by tong7 in /Users/tong7/IdeaProjects/cho/demo1)
2023-06-09 15:55:29.038  INFO 29767 --- [Test worker] com.example.demo.cont.MemberContTest     : No active profile set, falling back to 1 default profile: "default"
2023-06-09 15:55:31.529  INFO 29767 --- [Test worker] o.s.b.t.m.w.SpringBootMockServletContext : Initializing Spring TestDispatcherServlet ''
2023-06-09 15:55:31.530  INFO 29767 --- [Test worker] o.s.t.web.servlet.TestDispatcherServlet  : Initializing Servlet ''
2023-06-09 15:55:31.533  INFO 29767 --- [Test worker] o.s.t.web.servlet.TestDispatcherServlet  : Completed initialization in 3 ms
2023-06-09 15:55:31.586  INFO 29767 --- [Test worker] com.example.demo.cont.MemberContTest     : Started MemberContTest in 3.274 seconds (JVM running for 4.836)
2023-06-09 15:56:25.581  INFO 29843 --- [Test worker] com.example.demo.cont.MemberContTest     : Starting MemberContTest using Java 11.0.11 on tong7ui-MacBookPro.local with PID 29843 (started by tong7 in /Users/tong7/IdeaProjects/cho/demo1)
2023-06-09 15:56:25.584  INFO 29843 --- [Test worker] com.example.demo.cont.MemberContTest     : No active profile set, falling back to 1 default profile: "default"
2023-06-09 15:56:28.002  INFO 29843 --- [Test worker] o.s.b.t.m.w.SpringBootMockServletContext : Initializing Spring TestDispatcherServlet ''
2023-06-09 15:56:28.003  INFO 29843 --- [Test worker] o.s.t.web.servlet.TestDispatcherServlet  : Initializing Servlet ''
2023-06-09 15:56:28.007  INFO 29843 --- [Test worker] o.s.t.web.servlet.TestDispatcherServlet  : Completed initialization in 3 ms
2023-06-09 15:56:28.047  INFO 29843 --- [Test worker] com.example.demo.cont.MemberContTest     : Started MemberContTest in 3.197 seconds (JVM running for 4.758)
2023-06-09 15:57:23.642  INFO 29919 --- [Test worker] com.example.demo.cont.MemberContTest     : Starting MemberContTest using Java 11.0.11 on tong7ui-MacBookPro.local with PID 29919 (started by tong7 in /Users/tong7/IdeaProjects/cho/demo1)
2023-06-09 15:57:23.645  INFO 29919 --- [Test worker] com.example.demo.cont.MemberContTest     : No active profile set, falling back to 1 default profile: "default"
2023-06-09 15:57:26.047  INFO 29919 --- [Test worker] o.s.b.t.m.w.SpringBootMockServletContext : Initializing Spring TestDispatcherServlet ''
2023-06-09 15:57:26.049  INFO 29919 --- [Test worker] o.s.t.web.servlet.TestDispatcherServlet  : Initializing Servlet ''
2023-06-09 15:57:26.055  INFO 29919 --- [Test worker] o.s.t.web.servlet.TestDispatcherServlet  : Completed initialization in 6 ms
2023-06-09 15:57:26.111  INFO 29919 --- [Test worker] com.example.demo.cont.MemberContTest     : Started MemberContTest in 3.407 seconds (JVM running for 5.145)
2023-06-09 15:58:31.224  INFO 30005 --- [Test worker] com.example.demo.cont.MemberContTest     : Starting MemberContTest using Java 11.0.11 on tong7ui-MacBookPro.local with PID 30005 (started by tong7 in /Users/tong7/IdeaProjects/cho/demo1)
2023-06-09 15:58:31.227  INFO 30005 --- [Test worker] com.example.demo.cont.MemberContTest     : No active profile set, falling back to 1 default profile: "default"
2023-06-09 15:58:33.605  INFO 30005 --- [Test worker] o.s.b.t.m.w.SpringBootMockServletContext : Initializing Spring TestDispatcherServlet ''
2023-06-09 15:58:33.606  INFO 30005 --- [Test worker] o.s.t.web.servlet.TestDispatcherServlet  : Initializing Servlet ''
2023-06-09 15:58:33.611  INFO 30005 --- [Test worker] o.s.t.web.servlet.TestDispatcherServlet  : Completed initialization in 4 ms
2023-06-09 15:58:33.657  INFO 30005 --- [Test worker] com.example.demo.cont.MemberContTest     : Started MemberContTest in 3.125 seconds (JVM running for 4.728)
2023-06-09 15:59:47.093  INFO 30094 --- [Test worker] com.example.demo.cont.MemberContTest     : Starting MemberContTest using Java 11.0.11 on tong7ui-MacBookPro.local with PID 30094 (started by tong7 in /Users/tong7/IdeaProjects/cho/demo1)
2023-06-09 15:59:47.096  INFO 30094 --- [Test worker] com.example.demo.cont.MemberContTest     : No active profile set, falling back to 1 default profile: "default"
2023-06-09 15:59:49.401  INFO 30094 --- [Test worker] o.s.b.t.m.w.SpringBootMockServletContext : Initializing Spring TestDispatcherServlet ''
2023-06-09 15:59:49.403  INFO 30094 --- [Test worker] o.s.t.web.servlet.TestDispatcherServlet  : Initializing Servlet ''
2023-06-09 15:59:49.407  INFO 30094 --- [Test worker] o.s.t.web.servlet.TestDispatcherServlet  : Completed initialization in 4 ms
2023-06-09 15:59:49.450  INFO 30094 --- [Test worker] com.example.demo.cont.MemberContTest     : Started MemberContTest in 3.351 seconds (JVM running for 4.974)
2023-06-09 15:59:49.492  INFO 30094 --- [Test worker] com.example.demo.cont.MemberContTest     : why : org.springframework.test.web.servlet.result.ContentResultMatchers@aca2fc3
2023-06-09 16:01:58.907  INFO 30258 --- [Test worker] com.example.demo.cont.MemberContTest     : Starting MemberContTest using Java 11.0.11 on tong7ui-MacBookPro.local with PID 30258 (started by tong7 in /Users/tong7/IdeaProjects/cho/demo1)
2023-06-09 16:01:58.909  INFO 30258 --- [Test worker] com.example.demo.cont.MemberContTest     : No active profile set, falling back to 1 default profile: "default"
2023-06-09 16:02:01.232  INFO 30258 --- [Test worker] o.s.b.t.m.w.SpringBootMockServletContext : Initializing Spring TestDispatcherServlet ''
2023-06-09 16:02:01.234  INFO 30258 --- [Test worker] o.s.t.web.servlet.TestDispatcherServlet  : Initializing Servlet ''
2023-06-09 16:02:01.242  INFO 30258 --- [Test worker] o.s.t.web.servlet.TestDispatcherServlet  : Completed initialization in 8 ms
2023-06-09 16:02:01.333  INFO 30258 --- [Test worker] com.example.demo.cont.MemberContTest     : Started MemberContTest in 3.143 seconds (JVM running for 4.841)
2023-06-09 16:02:01.410  INFO 30258 --- [Test worker] com.example.demo.cont.MemberContTest     : why : org.springframework.test.web.servlet.result.ContentResultMatchers@4522d793
2023-06-09 16:02:58.348  INFO 30332 --- [Test worker] com.example.demo.cont.MemberContTest     : Starting MemberContTest using Java 11.0.11 on tong7ui-MacBookPro.local with PID 30332 (started by tong7 in /Users/tong7/IdeaProjects/cho/demo1)
2023-06-09 16:02:58.352  INFO 30332 --- [Test worker] com.example.demo.cont.MemberContTest     : No active profile set, falling back to 1 default profile: "default"
2023-06-09 16:03:00.669  INFO 30332 --- [Test worker] o.s.b.t.m.w.SpringBootMockServletContext : Initializing Spring TestDispatcherServlet ''
2023-06-09 16:03:00.671  INFO 30332 --- [Test worker] o.s.t.web.servlet.TestDispatcherServlet  : Initializing Servlet ''
2023-06-09 16:03:00.675  INFO 30332 --- [Test worker] o.s.t.web.servlet.TestDispatcherServlet  : Completed initialization in 3 ms
2023-06-09 16:03:00.724  INFO 30332 --- [Test worker] com.example.demo.cont.MemberContTest     : Started MemberContTest in 3.319 seconds (JVM running for 4.951)
2023-06-09 16:03:00.779  INFO 30332 --- [Test worker] com.example.demo.cont.MemberContTest     : why : org.springframework.test.web.servlet.result.ContentResultMatchers@5f61e002
2023-06-09 16:04:21.824  INFO 30433 --- [Test worker] com.example.demo.cont.MemberContTest     : Starting MemberContTest using Java 11.0.11 on tong7ui-MacBookPro.local with PID 30433 (started by tong7 in /Users/tong7/IdeaProjects/cho/demo1)
2023-06-09 16:04:21.827  INFO 30433 --- [Test worker] com.example.demo.cont.MemberContTest     : No active profile set, falling back to 1 default profile: "default"
2023-06-09 16:04:24.194  INFO 30433 --- [Test worker] o.s.b.t.m.w.SpringBootMockServletContext : Initializing Spring TestDispatcherServlet ''
2023-06-09 16:04:24.196  INFO 30433 --- [Test worker] o.s.t.web.servlet.TestDispatcherServlet  : Initializing Servlet ''
2023-06-09 16:04:24.199  INFO 30433 --- [Test worker] o.s.t.web.servlet.TestDispatcherServlet  : Completed initialization in 3 ms
2023-06-09 16:04:24.258  INFO 30433 --- [Test worker] com.example.demo.cont.MemberContTest     : Started MemberContTest in 3.127 seconds (JVM running for 4.73)
2023-06-09 16:04:24.382  INFO 30433 --- [Test worker] com.example.demo.cont.MemberContTest     : test : hello2
2023-06-09 16:05:18.109  INFO 30505 --- [Test worker] com.example.demo.cont.MemberContTest     : Starting MemberContTest using Java 11.0.11 on tong7ui-MacBookPro.local with PID 30505 (started by tong7 in /Users/tong7/IdeaProjects/cho/demo1)
2023-06-09 16:05:18.112  INFO 30505 --- [Test worker] com.example.demo.cont.MemberContTest     : No active profile set, falling back to 1 default profile: "default"
2023-06-09 16:05:20.447  INFO 30505 --- [Test worker] o.s.b.t.m.w.SpringBootMockServletContext : Initializing Spring TestDispatcherServlet ''
2023-06-09 16:05:20.448  INFO 30505 --- [Test worker] o.s.t.web.servlet.TestDispatcherServlet  : Initializing Servlet ''
2023-06-09 16:05:20.451  INFO 30505 --- [Test worker] o.s.t.web.servlet.TestDispatcherServlet  : Completed initialization in 2 ms
2023-06-09 16:05:20.504  INFO 30505 --- [Test worker] com.example.demo.cont.MemberContTest     : Started MemberContTest in 3.307 seconds (JVM running for 4.907)
2023-06-09 16:06:00.411  INFO 30562 --- [Test worker] com.example.demo.cont.MemberContTest     : Starting MemberContTest using Java 11.0.11 on tong7ui-MacBookPro.local with PID 30562 (started by tong7 in /Users/tong7/IdeaProjects/cho/demo1)
2023-06-09 16:06:00.466  INFO 30562 --- [Test worker] com.example.demo.cont.MemberContTest     : No active profile set, falling back to 1 default profile: "default"
2023-06-09 16:06:02.872  INFO 30562 --- [Test worker] o.s.b.t.m.w.SpringBootMockServletContext : Initializing Spring TestDispatcherServlet ''
2023-06-09 16:06:02.874  INFO 30562 --- [Test worker] o.s.t.web.servlet.TestDispatcherServlet  : Initializing Servlet ''
2023-06-09 16:06:02.876  INFO 30562 --- [Test worker] o.s.t.web.servlet.TestDispatcherServlet  : Completed initialization in 2 ms
2023-06-09 16:06:02.920  INFO 30562 --- [Test worker] com.example.demo.cont.MemberContTest     : Started MemberContTest in 3.271 seconds (JVM running for 4.965)
2023-06-09 16:06:20.171  INFO 30588 --- [Test worker] com.example.demo.cont.MemberContTest     : Starting MemberContTest using Java 11.0.11 on tong7ui-MacBookPro.local with PID 30588 (started by tong7 in /Users/tong7/IdeaProjects/cho/demo1)
2023-06-09 16:06:20.173  INFO 30588 --- [Test worker] com.example.demo.cont.MemberContTest     : No active profile set, falling back to 1 default profile: "default"
2023-06-09 16:06:22.531  INFO 30588 --- [Test worker] o.s.b.t.m.w.SpringBootMockServletContext : Initializing Spring TestDispatcherServlet ''
2023-06-09 16:06:22.533  INFO 30588 --- [Test worker] o.s.t.web.servlet.TestDispatcherServlet  : Initializing Servlet ''
2023-06-09 16:06:22.537  INFO 30588 --- [Test worker] o.s.t.web.servlet.TestDispatcherServlet  : Completed initialization in 4 ms
2023-06-09 16:06:22.579  INFO 30588 --- [Test worker] com.example.demo.cont.MemberContTest     : Started MemberContTest in 3.144 seconds (JVM running for 4.723)
2023-06-09 16:07:02.639  INFO 30648 --- [main] com.example.demo.Demo1Application        : Starting Demo1Application using Java 11.0.11 on tong7ui-MacBookPro.local with PID 30648 (/Users/tong7/IdeaProjects/cho/demo1/out/production/classes started by tong7 in /Users/tong7/IdeaProjects/cho/demo1)
2023-06-09 16:07:02.643  INFO 30648 --- [main] com.example.demo.Demo1Application        : No active profile set, falling back to 1 default profile: "default"
2023-06-09 16:07:04.239  INFO 30648 --- [main] o.s.b.w.embedded.tomcat.TomcatWebServer  : Tomcat initialized with port(s): 8080 (http)
2023-06-09 16:07:04.245  INFO 30648 --- [main] o.apache.catalina.core.StandardService   : Starting service [Tomcat]
2023-06-09 16:07:04.245  INFO 30648 --- [main] org.apache.catalina.core.StandardEngine  : Starting Servlet engine: [Apache Tomcat/9.0.75]
2023-06-09 16:07:04.326  INFO 30648 --- [main] o.a.c.c.C.[Tomcat].[localhost].[/]       : Initializing Spring embedded WebApplicationContext
2023-06-09 16:07:04.327  INFO 30648 --- [main] w.s.c.ServletWebServerApplicationContext : Root WebApplicationContext: initialization completed in 1641 ms
2023-06-09 16:07:04.879  INFO 30648 --- [main] com.zaxxer.hikari.HikariDataSource       : HikariPool-1 - Starting...
2023-06-09 16:07:04.941  INFO 30648 --- [main] com.zaxxer.hikari.HikariDataSource       : HikariPool-1 - Start completed.
2023-06-09 16:07:05.027  INFO 30648 --- [main] o.s.b.w.embedded.tomcat.TomcatWebServer  : Tomcat started on port(s): 8080 (http) with context path ''
2023-06-09 16:07:05.041  INFO 30648 --- [main] com.example.demo.Demo1Application        : Started Demo1Application in 2.993 seconds (JVM running for 4.283)
2023-06-09 16:07:06.625  INFO 30648 --- [http-nio-8080-exec-2] o.a.c.c.C.[Tomcat].[localhost].[/]       : Initializing Spring DispatcherServlet 'dispatcherServlet'
2023-06-09 16:07:06.626  INFO 30648 --- [http-nio-8080-exec-2] o.s.web.servlet.DispatcherServlet        : Initializing Servlet 'dispatcherServlet'
2023-06-09 16:07:06.628  INFO 30648 --- [http-nio-8080-exec-2] o.s.web.servlet.DispatcherServlet        : Completed initialization in 1 ms
2023-06-09 16:07:21.726  WARN 30648 --- [http-nio-8080-exec-4] .w.s.m.s.DefaultHandlerExceptionResolver : Resolved [org.springframework.web.HttpRequestMethodNotSupportedException: Request method 'POST' not supported]
2023-06-09 16:07:28.069  INFO 30648 --- [http-nio-8080-exec-5] com.example.demo.service.MemberService   : Member : Member(memberId=null, userId=null, name=bespoke, password=1234)
2023-06-09 16:07:54.615  INFO 30648 --- [SpringApplicationShutdownHook] com.zaxxer.hikari.HikariDataSource       : HikariPool-1 - Shutdown initiated...
2023-06-09 16:07:54.619  INFO 30648 --- [SpringApplicationShutdownHook] com.zaxxer.hikari.HikariDataSource       : HikariPool-1 - Shutdown completed.
2023-06-09 16:11:09.928  INFO 30935 --- [main] com.example.demo.Demo1Application        : Starting Demo1Application using Java 11.0.11 on tong7ui-MacBookPro.local with PID 30935 (/Users/tong7/IdeaProjects/cho/demo1/out/production/classes started by tong7 in /Users/tong7/IdeaProjects/cho/demo1)
2023-06-09 16:11:09.930  INFO 30935 --- [main] com.example.demo.Demo1Application        : No active profile set, falling back to 1 default profile: "default"
2023-06-09 16:11:11.045  INFO 30935 --- [main] o.s.b.w.embedded.tomcat.TomcatWebServer  : Tomcat initialized with port(s): 8080 (http)
2023-06-09 16:11:11.052  INFO 30935 --- [main] o.apache.catalina.core.StandardService   : Starting service [Tomcat]
2023-06-09 16:11:11.053  INFO 30935 --- [main] org.apache.catalina.core.StandardEngine  : Starting Servlet engine: [Apache Tomcat/9.0.75]
2023-06-09 16:11:11.139  INFO 30935 --- [main] o.a.c.c.C.[Tomcat].[localhost].[/]       : Initializing Spring embedded WebApplicationContext
2023-06-09 16:11:11.139  INFO 30935 --- [main] w.s.c.ServletWebServerApplicationContext : Root WebApplicationContext: initialization completed in 1158 ms
2023-06-09 16:11:11.722  INFO 30935 --- [main] com.zaxxer.hikari.HikariDataSource       : HikariPool-1 - Starting...
2023-06-09 16:11:11.792  INFO 30935 --- [main] com.zaxxer.hikari.HikariDataSource       : HikariPool-1 - Start completed.
2023-06-09 16:11:11.901  INFO 30935 --- [main] o.s.b.w.embedded.tomcat.TomcatWebServer  : Tomcat started on port(s): 8080 (http) with context path ''
2023-06-09 16:11:11.917  INFO 30935 --- [main] com.example.demo.Demo1Application        : Started Demo1Application in 2.618 seconds (JVM running for 3.416)
2023-06-09 16:11:13.649  INFO 30935 --- [SpringApplicationShutdownHook] com.zaxxer.hikari.HikariDataSource       : HikariPool-1 - Shutdown initiated...
2023-06-09 16:11:13.655  INFO 30935 --- [SpringApplicationShutdownHook] com.zaxxer.hikari.HikariDataSource       : HikariPool-1 - Shutdown completed.
2023-06-09 16:11:32.081  INFO 30966 --- [main] com.example.demo.cont.MemberContTest     : Starting MemberContTest using Java 11.0.11 on tong7ui-MacBookPro.local with PID 30966 (started by tong7 in /Users/tong7/IdeaProjects/cho/demo1)
2023-06-09 16:11:32.083  INFO 30966 --- [main] com.example.demo.cont.MemberContTest     : No active profile set, falling back to 1 default profile: "default"
2023-06-09 16:11:34.671  INFO 30966 --- [main] o.s.b.t.m.w.SpringBootMockServletContext : Initializing Spring TestDispatcherServlet ''
2023-06-09 16:11:34.672  INFO 30966 --- [main] o.s.t.web.servlet.TestDispatcherServlet  : Initializing Servlet ''
2023-06-09 16:11:34.676  INFO 30966 --- [main] o.s.t.web.servlet.TestDispatcherServlet  : Completed initialization in 4 ms
2023-06-09 16:11:34.729  INFO 30966 --- [main] com.example.demo.cont.MemberContTest     : Started MemberContTest in 3.502 seconds (JVM running for 4.941)
2023-06-09 16:12:11.842  INFO 31012 --- [main] com.example.demo.cont.MemberContTest     : Starting MemberContTest using Java 11.0.11 on tong7ui-MacBookPro.local with PID 31012 (started by tong7 in /Users/tong7/IdeaProjects/cho/demo1)
2023-06-09 16:12:11.843  INFO 31012 --- [main] com.example.demo.cont.MemberContTest     : No active profile set, falling back to 1 default profile: "default"
2023-06-09 16:12:14.318  INFO 31012 --- [main] o.s.b.t.m.w.SpringBootMockServletContext : Initializing Spring TestDispatcherServlet ''
2023-06-09 16:12:14.318  INFO 31012 --- [main] o.s.t.web.servlet.TestDispatcherServlet  : Initializing Servlet ''
2023-06-09 16:12:14.323  INFO 31012 --- [main] o.s.t.web.servlet.TestDispatcherServlet  : Completed initialization in 4 ms
2023-06-09 16:12:14.375  INFO 31012 --- [main] com.example.demo.cont.MemberContTest     : Started MemberContTest in 3.405 seconds (JVM running for 4.948)
2023-06-09 16:12:56.529  INFO 31063 --- [main] com.example.demo.cont.MemberContTest     : Starting MemberContTest using Java 11.0.11 on tong7ui-MacBookPro.local with PID 31063 (started by tong7 in /Users/tong7/IdeaProjects/cho/demo1)
2023-06-09 16:12:56.531  INFO 31063 --- [main] com.example.demo.cont.MemberContTest     : No active profile set, falling back to 1 default profile: "default"
2023-06-09 16:12:59.021  INFO 31063 --- [main] o.s.b.t.m.w.SpringBootMockServletContext : Initializing Spring TestDispatcherServlet ''
2023-06-09 16:12:59.022  INFO 31063 --- [main] o.s.t.web.servlet.TestDispatcherServlet  : Initializing Servlet ''
2023-06-09 16:12:59.025  INFO 31063 --- [main] o.s.t.web.servlet.TestDispatcherServlet  : Completed initialization in 3 ms
2023-06-09 16:12:59.082  INFO 31063 --- [main] com.example.demo.cont.MemberContTest     : Started MemberContTest in 3.38 seconds (JVM running for 4.928)
2023-06-09 16:14:10.752  INFO 31146 --- [main] com.example.demo.cont.MemberContTest     : Starting MemberContTest using Java 11.0.11 on tong7ui-MacBookPro.local with PID 31146 (started by tong7 in /Users/tong7/IdeaProjects/cho/demo1)
2023-06-09 16:14:10.754  INFO 31146 --- [main] com.example.demo.cont.MemberContTest     : No active profile set, falling back to 1 default profile: "default"
2023-06-09 16:14:13.238  INFO 31146 --- [main] o.s.b.t.m.w.SpringBootMockServletContext : Initializing Spring TestDispatcherServlet ''
2023-06-09 16:14:13.239  INFO 31146 --- [main] o.s.t.web.servlet.TestDispatcherServlet  : Initializing Servlet ''
2023-06-09 16:14:13.244  INFO 31146 --- [main] o.s.t.web.servlet.TestDispatcherServlet  : Completed initialization in 5 ms
2023-06-09 16:14:13.309  INFO 31146 --- [main] com.example.demo.cont.MemberContTest     : Started MemberContTest in 3.365 seconds (JVM running for 4.912)
2023-06-09 16:16:41.500  INFO 31330 --- [main] com.example.demo.cont.MemberContTest     : Starting MemberContTest using Java 11.0.11 on tong7ui-MacBookPro.local with PID 31330 (started by tong7 in /Users/tong7/IdeaProjects/cho/demo1)
2023-06-09 16:16:41.501  INFO 31330 --- [main] com.example.demo.cont.MemberContTest     : No active profile set, falling back to 1 default profile: "default"
2023-06-09 16:16:43.974  INFO 31330 --- [main] o.s.b.t.m.w.SpringBootMockServletContext : Initializing Spring TestDispatcherServlet ''
2023-06-09 16:16:43.974  INFO 31330 --- [main] o.s.t.web.servlet.TestDispatcherServlet  : Initializing Servlet ''
2023-06-09 16:16:43.979  INFO 31330 --- [main] o.s.t.web.servlet.TestDispatcherServlet  : Completed initialization in 5 ms
2023-06-09 16:16:44.028  INFO 31330 --- [main] com.example.demo.cont.MemberContTest     : Started MemberContTest in 3.497 seconds (JVM running for 5.047)
2023-06-09 16:17:50.270  INFO 31422 --- [main] com.example.demo.cont.MemberContTest     : Starting MemberContTest using Java 11.0.11 on tong7ui-MacBookPro.local with PID 31422 (started by tong7 in /Users/tong7/IdeaProjects/cho/demo1)
2023-06-09 16:17:50.271  INFO 31422 --- [main] com.example.demo.cont.MemberContTest     : No active profile set, falling back to 1 default profile: "default"
2023-06-09 16:17:52.717  INFO 31422 --- [main] o.s.b.t.m.w.SpringBootMockServletContext : Initializing Spring TestDispatcherServlet ''
2023-06-09 16:17:52.717  INFO 31422 --- [main] o.s.t.web.servlet.TestDispatcherServlet  : Initializing Servlet ''
2023-06-09 16:17:52.723  INFO 31422 --- [main] o.s.t.web.servlet.TestDispatcherServlet  : Completed initialization in 6 ms
2023-06-09 16:17:52.782  INFO 31422 --- [main] com.example.demo.cont.MemberContTest     : Started MemberContTest in 3.317 seconds (JVM running for 4.849)
2023-06-09 16:18:21.391  INFO 31458 --- [main] com.example.demo.cont.MemberContTest     : Starting MemberContTest using Java 11.0.11 on tong7ui-MacBookPro.local with PID 31458 (started by tong7 in /Users/tong7/IdeaProjects/cho/demo1)
2023-06-09 16:18:21.392  INFO 31458 --- [main] com.example.demo.cont.MemberContTest     : No active profile set, falling back to 1 default profile: "default"
2023-06-09 16:18:23.872  INFO 31458 --- [main] o.s.b.t.m.w.SpringBootMockServletContext : Initializing Spring TestDispatcherServlet ''
2023-06-09 16:18:23.873  INFO 31458 --- [main] o.s.t.web.servlet.TestDispatcherServlet  : Initializing Servlet ''
2023-06-09 16:18:23.876  INFO 31458 --- [main] o.s.t.web.servlet.TestDispatcherServlet  : Completed initialization in 3 ms
2023-06-09 16:18:23.923  INFO 31458 --- [main] com.example.demo.cont.MemberContTest     : Started MemberContTest in 3.371 seconds (JVM running for 4.926)
2023-06-09 16:18:23.966 ERROR 31458 --- [main] o.s.test.context.TestContextManager      : Caught exception while allowing TestExecutionListener [org.springframework.boot.test.autoconfigure.SpringBootDependencyInjectionTestExecutionListener@736caf7a] to prepare test instance [com.example.demo.cont.MemberContTest@f95b6b22]

org.springframework.beans.factory.UnsatisfiedDependencyException: Error creating bean with name 'com.example.demo.cont.MemberContTest': Unsatisfied dependency expressed through field 'member'; nested exception is org.springframework.beans.factory.NoSuchBeanDefinitionException: No qualifying bean of type 'com.example.demo.domain.Member' available: expected at least 1 bean which qualifies as autowire candidate. Dependency annotations: {@org.springframework.beans.factory.annotation.Autowired(required=true)}
	at org.springframework.beans.factory.annotation.AutowiredAnnotationBeanPostProcessor$AutowiredFieldElement.resolveFieldValue(AutowiredAnnotationBeanPostProcessor.java:660) ~[spring-beans-5.3.27.jar:5.3.27]
	at org.springframework.beans.factory.annotation.AutowiredAnnotationBeanPostProcessor$AutowiredFieldElement.inject(AutowiredAnnotationBeanPostProcessor.java:640) ~[spring-beans-5.3.27.jar:5.3.27]
	at org.springframework.beans.factory.annotation.InjectionMetadata.inject(InjectionMetadata.java:119) ~[spring-beans-5.3.27.jar:5.3.27]
	at org.springframework.beans.factory.annotation.AutowiredAnnotationBeanPostProcessor.postProcessProperties(AutowiredAnnotationBeanPostProcessor.java:399) ~[spring-beans-5.3.27.jar:5.3.27]
	at org.springframework.beans.factory.support.AbstractAutowireCapableBeanFactory.populateBean(AbstractAutowireCapableBeanFactory.java:1431) ~[spring-beans-5.3.27.jar:5.3.27]
	at org.springframework.beans.factory.support.AbstractAutowireCapableBeanFactory.autowireBeanProperties(AbstractAutowireCapableBeanFactory.java:417) ~[spring-beans-5.3.27.jar:5.3.27]
	at org.springframework.test.context.support.DependencyInjectionTestExecutionListener.injectDependencies(DependencyInjectionTestExecutionListener.java:119) ~[spring-test-5.3.27.jar:5.3.27]
	at org.springframework.test.context.support.DependencyInjectionTestExecutionListener.prepareTestInstance(DependencyInjectionTestExecutionListener.java:83) ~[spring-test-5.3.27.jar:5.3.27]
	at org.springframework.boot.test.autoconfigure.SpringBootDependencyInjectionTestExecutionListener.prepareTestInstance(SpringBootDependencyInjectionTestExecutionListener.java:43) ~[spring-boot-test-autoconfigure-2.7.12.jar:2.7.12]
	at org.springframework.test.context.TestContextManager.prepareTestInstance(TestContextManager.java:248) ~[spring-test-5.3.27.jar:5.3.27]
	at org.springframework.test.context.junit.jupiter.SpringExtension.postProcessTestInstance(SpringExtension.java:138) ~[spring-test-5.3.27.jar:5.3.27]
	at org.junit.jupiter.engine.descriptor.ClassBasedTestDescriptor.lambda$invokeTestInstancePostProcessors$8(ClassBasedTestDescriptor.java:363) ~[junit-jupiter-engine-5.8.2.jar:5.8.2]
	at org.junit.jupiter.engine.descriptor.ClassBasedTestDescriptor.executeAndMaskThrowable(ClassBasedTestDescriptor.java:368) ~[junit-jupiter-engine-5.8.2.jar:5.8.2]
	at org.junit.jupiter.engine.descriptor.ClassBasedTestDescriptor.lambda$invokeTestInstancePostProcessors$9(ClassBasedTestDescriptor.java:363) ~[junit-jupiter-engine-5.8.2.jar:5.8.2]
	at java.base/java.util.stream.ReferencePipeline$3$1.accept(ReferencePipeline.java:195) ~[na:na]
	at java.base/java.util.stream.ReferencePipeline$2$1.accept(ReferencePipeline.java:177) ~[na:na]
	at java.base/java.util.ArrayList$ArrayListSpliterator.forEachRemaining(ArrayList.java:1655) ~[na:na]
	at java.base/java.util.stream.AbstractPipeline.copyInto(AbstractPipeline.java:484) ~[na:na]
	at java.base/java.util.stream.AbstractPipeline.wrapAndCopyInto(AbstractPipeline.java:474) ~[na:na]
	at java.base/java.util.stream.StreamSpliterators$WrappingSpliterator.forEachRemaining(StreamSpliterators.java:312) ~[na:na]
	at java.base/java.util.stream.Streams$ConcatSpliterator.forEachRemaining(Streams.java:735) ~[na:na]
	at java.base/java.util.stream.Streams$ConcatSpliterator.forEachRemaining(Streams.java:734) ~[na:na]
	at java.base/java.util.stream.ReferencePipeline$Head.forEach(ReferencePipeline.java:658) ~[na:na]
	at org.junit.jupiter.engine.descriptor.ClassBasedTestDescriptor.invokeTestInstancePostProcessors(ClassBasedTestDescriptor.java:362) ~[junit-jupiter-engine-5.8.2.jar:5.8.2]
	at org.junit.jupiter.engine.descriptor.ClassBasedTestDescriptor.lambda$instantiateAndPostProcessTestInstance$6(ClassBasedTestDescriptor.java:283) ~[junit-jupiter-engine-5.8.2.jar:5.8.2]
	at org.junit.platform.engine.support.hierarchical.ThrowableCollector.execute(ThrowableCollector.java:73) ~[junit-platform-engine-1.8.2.jar:1.8.2]
	at org.junit.jupiter.engine.descriptor.ClassBasedTestDescriptor.instantiateAndPostProcessTestInstance(ClassBasedTestDescriptor.java:282) ~[junit-jupiter-engine-5.8.2.jar:5.8.2]
	at org.junit.jupiter.engine.descriptor.ClassBasedTestDescriptor.lambda$testInstancesProvider$4(ClassBasedTestDescriptor.java:272) ~[junit-jupiter-engine-5.8.2.jar:5.8.2]
	at java.base/java.util.Optional.orElseGet(Optional.java:369) ~[na:na]
	at org.junit.jupiter.engine.descriptor.ClassBasedTestDescriptor.lambda$testInstancesProvider$5(ClassBasedTestDescriptor.java:271) ~[junit-jupiter-engine-5.8.2.jar:5.8.2]
	at org.junit.jupiter.engine.execution.TestInstancesProvider.getTestInstances(TestInstancesProvider.java:31) ~[junit-jupiter-engine-5.8.2.jar:5.8.2]
	at org.junit.jupiter.engine.descriptor.TestMethodTestDescriptor.lambda$prepare$0(TestMethodTestDescriptor.java:102) ~[junit-jupiter-engine-5.8.2.jar:5.8.2]
	at org.junit.platform.engine.support.hierarchical.ThrowableCollector.execute(ThrowableCollector.java:73) ~[junit-platform-engine-1.8.2.jar:1.8.2]
	at org.junit.jupiter.engine.descriptor.TestMethodTestDescriptor.prepare(TestMethodTestDescriptor.java:101) ~[junit-jupiter-engine-5.8.2.jar:5.8.2]
	at org.junit.jupiter.engine.descriptor.TestMethodTestDescriptor.prepare(TestMethodTestDescriptor.java:66) ~[junit-jupiter-engine-5.8.2.jar:5.8.2]
	at org.junit.platform.engine.support.hierarchical.NodeTestTask.lambda$prepare$2(NodeTestTask.java:123) ~[junit-platform-engine-1.8.2.jar:1.8.2]
	at org.junit.platform.engine.support.hierarchical.ThrowableCollector.execute(ThrowableCollector.java:73) ~[junit-platform-engine-1.8.2.jar:1.8.2]
	at org.junit.platform.engine.support.hierarchical.NodeTestTask.prepare(NodeTestTask.java:123) ~[junit-platform-engine-1.8.2.jar:1.8.2]
	at org.junit.platform.engine.support.hierarchical.NodeTestTask.execute(NodeTestTask.java:90) ~[junit-platform-engine-1.8.2.jar:1.8.2]
	at java.base/java.util.ArrayList.forEach(ArrayList.java:1541) ~[na:na]
	at org.junit.platform.engine.support.hierarchical.SameThreadHierarchicalTestExecutorService.invokeAll(SameThreadHierarchicalTestExecutorService.java:41) ~[junit-platform-engine-1.8.2.jar:1.8.2]
	at org.junit.platform.engine.support.hierarchical.NodeTestTask.lambda$executeRecursively$6(NodeTestTask.java:155) ~[junit-platform-engine-1.8.2.jar:1.8.2]
	at org.junit.platform.engine.support.hierarchical.ThrowableCollector.execute(ThrowableCollector.java:73) ~[junit-platform-engine-1.8.2.jar:1.8.2]
	at org.junit.platform.engine.support.hierarchical.NodeTestTask.lambda$executeRecursively$8(NodeTestTask.java:141) ~[junit-platform-engine-1.8.2.jar:1.8.2]
	at org.junit.platform.engine.support.hierarchical.Node.around(Node.java:137) ~[junit-platform-engine-1.8.2.jar:1.8.2]
	at org.junit.platform.engine.support.hierarchical.NodeTestTask.lambda$executeRecursively$9(NodeTestTask.java:139) ~[junit-platform-engine-1.8.2.jar:1.8.2]
	at org.junit.platform.engine.support.hierarchical.ThrowableCollector.execute(ThrowableCollector.java:73) ~[junit-platform-engine-1.8.2.jar:1.8.2]
	at org.junit.platform.engine.support.hierarchical.NodeTestTask.executeRecursively(NodeTestTask.java:138) ~[junit-platform-engine-1.8.2.jar:1.8.2]
	at org.junit.platform.engine.support.hierarchical.NodeTestTask.execute(NodeTestTask.java:95) ~[junit-platform-engine-1.8.2.jar:1.8.2]
	at java.base/java.util.ArrayList.forEach(ArrayList.java:1541) ~[na:na]
	at org.junit.platform.engine.support.hierarchical.SameThreadHierarchicalTestExecutorService.invokeAll(SameThreadHierarchicalTestExecutorService.java:41) ~[junit-platform-engine-1.8.2.jar:1.8.2]
	at org.junit.platform.engine.support.hierarchical.NodeTestTask.lambda$executeRecursively$6(NodeTestTask.java:155) ~[junit-platform-engine-1.8.2.jar:1.8.2]
	at org.junit.platform.engine.support.hierarchical.ThrowableCollector.execute(ThrowableCollector.java:73) ~[junit-platform-engine-1.8.2.jar:1.8.2]
	at org.junit.platform.engine.support.hierarchical.NodeTestTask.lambda$executeRecursively$8(NodeTestTask.java:141) ~[junit-platform-engine-1.8.2.jar:1.8.2]
	at org.junit.platform.engine.support.hierarchical.Node.around(Node.java:137) ~[junit-platform-engine-1.8.2.jar:1.8.2]
	at org.junit.platform.engine.support.hierarchical.NodeTestTask.lambda$executeRecursively$9(NodeTestTask.java:139) ~[junit-platform-engine-1.8.2.jar:1.8.2]
	at org.junit.platform.engine.support.hierarchical.ThrowableCollector.execute(ThrowableCollector.java:73) ~[junit-platform-engine-1.8.2.jar:1.8.2]
	at org.junit.platform.engine.support.hierarchical.NodeTestTask.executeRecursively(NodeTestTask.java:138) ~[junit-platform-engine-1.8.2.jar:1.8.2]
	at org.junit.platform.engine.support.hierarchical.NodeTestTask.execute(NodeTestTask.java:95) ~[junit-platform-engine-1.8.2.jar:1.8.2]
	at org.junit.platform.engine.support.hierarchical.SameThreadHierarchicalTestExecutorService.submit(SameThreadHierarchicalTestExecutorService.java:35) ~[junit-platform-engine-1.8.2.jar:1.8.2]
	at org.junit.platform.engine.support.hierarchical.HierarchicalTestExecutor.execute(HierarchicalTestExecutor.java:57) ~[junit-platform-engine-1.8.2.jar:1.8.2]
	at org.junit.platform.engine.support.hierarchical.HierarchicalTestEngine.execute(HierarchicalTestEngine.java:54) ~[junit-platform-engine-1.8.2.jar:1.8.2]
	at org.junit.platform.launcher.core.EngineExecutionOrchestrator.execute(EngineExecutionOrchestrator.java:107) ~[junit-platform-launcher-1.8.2.jar:1.8.2]
	at org.junit.platform.launcher.core.EngineExecutionOrchestrator.execute(EngineExecutionOrchestrator.java:88) ~[junit-platform-launcher-1.8.2.jar:1.8.2]
	at org.junit.platform.launcher.core.EngineExecutionOrchestrator.lambda$execute$0(EngineExecutionOrchestrator.java:54) ~[junit-platform-launcher-1.8.2.jar:1.8.2]
	at org.junit.platform.launcher.core.EngineExecutionOrchestrator.withInterceptedStreams(EngineExecutionOrchestrator.java:67) ~[junit-platform-launcher-1.8.2.jar:1.8.2]
	at org.junit.platform.launcher.core.EngineExecutionOrchestrator.execute(EngineExecutionOrchestrator.java:52) ~[junit-platform-launcher-1.8.2.jar:1.8.2]
	at org.junit.platform.launcher.core.DefaultLauncher.execute(DefaultLauncher.java:114) ~[junit-platform-launcher-1.8.2.jar:1.8.2]
	at org.junit.platform.launcher.core.DefaultLauncher.execute(DefaultLauncher.java:86) ~[junit-platform-launcher-1.8.2.jar:1.8.2]
	at org.junit.platform.launcher.core.DefaultLauncherSession$DelegatingLauncher.execute(DefaultLauncherSession.java:86) ~[junit-platform-launcher-1.8.2.jar:1.8.2]
	at org.junit.platform.launcher.core.SessionPerRequestLauncher.execute(SessionPerRequestLauncher.java:53) ~[junit-platform-launcher-1.8.2.jar:1.8.2]
	at com.intellij.junit5.JUnit5IdeaTestRunner.startRunnerWithArgs(JUnit5IdeaTestRunner.java:57) ~[junit5-rt.jar:na]
	at com.intellij.rt.junit.IdeaTestRunner$Repeater$1.execute(IdeaTestRunner.java:38) ~[junit-rt.jar:na]
	at com.intellij.rt.execution.junit.TestsRepeater.repeat(TestsRepeater.java:11) ~[idea_rt.jar:na]
	at com.intellij.rt.junit.IdeaTestRunner$Repeater.startRunnerWithArgs(IdeaTestRunner.java:35) ~[junit-rt.jar:na]
	at com.intellij.rt.junit.JUnitStarter.prepareStreamsAndStart(JUnitStarter.java:235) ~[junit-rt.jar:na]
	at com.intellij.rt.junit.JUnitStarter.main(JUnitStarter.java:54) ~[junit-rt.jar:na]
Caused by: org.springframework.beans.factory.NoSuchBeanDefinitionException: No qualifying bean of type 'com.example.demo.domain.Member' available: expected at least 1 bean which qualifies as autowire candidate. Dependency annotations: {@org.springframework.beans.factory.annotation.Autowired(required=true)}
	at org.springframework.beans.factory.support.DefaultListableBeanFactory.raiseNoMatchingBeanFound(DefaultListableBeanFactory.java:1801) ~[spring-beans-5.3.27.jar:5.3.27]
	at org.springframework.beans.factory.support.DefaultListableBeanFactory.doResolveDependency(DefaultListableBeanFactory.java:1357) ~[spring-beans-5.3.27.jar:5.3.27]
	at org.springframework.beans.factory.support.DefaultListableBeanFactory.resolveDependency(DefaultListableBeanFactory.java:1311) ~[spring-beans-5.3.27.jar:5.3.27]
	at org.springframework.beans.factory.annotation.AutowiredAnnotationBeanPostProcessor$AutowiredFieldElement.resolveFieldValue(AutowiredAnnotationBeanPostProcessor.java:657) ~[spring-beans-5.3.27.jar:5.3.27]
	... 76 common frames omitted

2023-06-09 16:18:24.027 ERROR 31458 --- [main] o.s.test.context.TestContextManager      : Caught exception while allowing TestExecutionListener [org.springframework.boot.test.autoconfigure.SpringBootDependencyInjectionTestExecutionListener@736caf7a] to prepare test instance [com.example.demo.cont.MemberContTest@f95b6b22]

org.springframework.beans.factory.UnsatisfiedDependencyException: Error creating bean with name 'com.example.demo.cont.MemberContTest': Unsatisfied dependency expressed through field 'member'; nested exception is org.springframework.beans.factory.NoSuchBeanDefinitionException: No qualifying bean of type 'com.example.demo.domain.Member' available: expected at least 1 bean which qualifies as autowire candidate. Dependency annotations: {@org.springframework.beans.factory.annotation.Autowired(required=true)}
	at org.springframework.beans.factory.annotation.AutowiredAnnotationBeanPostProcessor$AutowiredFieldElement.resolveFieldValue(AutowiredAnnotationBeanPostProcessor.java:660) ~[spring-beans-5.3.27.jar:5.3.27]
	at org.springframework.beans.factory.annotation.AutowiredAnnotationBeanPostProcessor$AutowiredFieldElement.inject(AutowiredAnnotationBeanPostProcessor.java:640) ~[spring-beans-5.3.27.jar:5.3.27]
	at org.springframework.beans.factory.annotation.InjectionMetadata.inject(InjectionMetadata.java:119) ~[spring-beans-5.3.27.jar:5.3.27]
	at org.springframework.beans.factory.annotation.AutowiredAnnotationBeanPostProcessor.postProcessProperties(AutowiredAnnotationBeanPostProcessor.java:399) ~[spring-beans-5.3.27.jar:5.3.27]
	at org.springframework.beans.factory.support.AbstractAutowireCapableBeanFactory.populateBean(AbstractAutowireCapableBeanFactory.java:1431) ~[spring-beans-5.3.27.jar:5.3.27]
	at org.springframework.beans.factory.support.AbstractAutowireCapableBeanFactory.autowireBeanProperties(AbstractAutowireCapableBeanFactory.java:417) ~[spring-beans-5.3.27.jar:5.3.27]
	at org.springframework.test.context.support.DependencyInjectionTestExecutionListener.injectDependencies(DependencyInjectionTestExecutionListener.java:119) ~[spring-test-5.3.27.jar:5.3.27]
	at org.springframework.test.context.support.DependencyInjectionTestExecutionListener.prepareTestInstance(DependencyInjectionTestExecutionListener.java:83) ~[spring-test-5.3.27.jar:5.3.27]
	at org.springframework.boot.test.autoconfigure.SpringBootDependencyInjectionTestExecutionListener.prepareTestInstance(SpringBootDependencyInjectionTestExecutionListener.java:43) ~[spring-boot-test-autoconfigure-2.7.12.jar:2.7.12]
	at org.springframework.test.context.TestContextManager.prepareTestInstance(TestContextManager.java:248) ~[spring-test-5.3.27.jar:5.3.27]
	at org.springframework.test.context.junit.jupiter.SpringExtension.postProcessTestInstance(SpringExtension.java:138) ~[spring-test-5.3.27.jar:5.3.27]
	at org.junit.jupiter.engine.descriptor.ClassBasedTestDescriptor.lambda$invokeTestInstancePostProcessors$8(ClassBasedTestDescriptor.java:363) ~[junit-jupiter-engine-5.8.2.jar:5.8.2]
	at org.junit.jupiter.engine.descriptor.ClassBasedTestDescriptor.executeAndMaskThrowable(ClassBasedTestDescriptor.java:368) ~[junit-jupiter-engine-5.8.2.jar:5.8.2]
	at org.junit.jupiter.engine.descriptor.ClassBasedTestDescriptor.lambda$invokeTestInstancePostProcessors$9(ClassBasedTestDescriptor.java:363) ~[junit-jupiter-engine-5.8.2.jar:5.8.2]
	at java.base/java.util.stream.ReferencePipeline$3$1.accept(ReferencePipeline.java:195) ~[na:na]
	at java.base/java.util.stream.ReferencePipeline$2$1.accept(ReferencePipeline.java:177) ~[na:na]
	at java.base/java.util.ArrayList$ArrayListSpliterator.forEachRemaining(ArrayList.java:1655) ~[na:na]
	at java.base/java.util.stream.AbstractPipeline.copyInto(AbstractPipeline.java:484) ~[na:na]
	at java.base/java.util.stream.AbstractPipeline.wrapAndCopyInto(AbstractPipeline.java:474) ~[na:na]
	at java.base/java.util.stream.StreamSpliterators$WrappingSpliterator.forEachRemaining(StreamSpliterators.java:312) ~[na:na]
	at java.base/java.util.stream.Streams$ConcatSpliterator.forEachRemaining(Streams.java:735) ~[na:na]
	at java.base/java.util.stream.Streams$ConcatSpliterator.forEachRemaining(Streams.java:734) ~[na:na]
	at java.base/java.util.stream.ReferencePipeline$Head.forEach(ReferencePipeline.java:658) ~[na:na]
	at org.junit.jupiter.engine.descriptor.ClassBasedTestDescriptor.invokeTestInstancePostProcessors(ClassBasedTestDescriptor.java:362) ~[junit-jupiter-engine-5.8.2.jar:5.8.2]
	at org.junit.jupiter.engine.descriptor.ClassBasedTestDescriptor.lambda$instantiateAndPostProcessTestInstance$6(ClassBasedTestDescriptor.java:283) ~[junit-jupiter-engine-5.8.2.jar:5.8.2]
	at org.junit.platform.engine.support.hierarchical.ThrowableCollector.execute(ThrowableCollector.java:73) ~[junit-platform-engine-1.8.2.jar:1.8.2]
	at org.junit.jupiter.engine.descriptor.ClassBasedTestDescriptor.instantiateAndPostProcessTestInstance(ClassBasedTestDescriptor.java:282) ~[junit-jupiter-engine-5.8.2.jar:5.8.2]
	at org.junit.jupiter.engine.descriptor.ClassBasedTestDescriptor.lambda$testInstancesProvider$4(ClassBasedTestDescriptor.java:272) ~[junit-jupiter-engine-5.8.2.jar:5.8.2]
	at java.base/java.util.Optional.orElseGet(Optional.java:369) ~[na:na]
	at org.junit.jupiter.engine.descriptor.ClassBasedTestDescriptor.lambda$testInstancesProvider$5(ClassBasedTestDescriptor.java:271) ~[junit-jupiter-engine-5.8.2.jar:5.8.2]
	at org.junit.jupiter.engine.execution.TestInstancesProvider.getTestInstances(TestInstancesProvider.java:31) ~[junit-jupiter-engine-5.8.2.jar:5.8.2]
	at org.junit.jupiter.engine.descriptor.TestMethodTestDescriptor.lambda$prepare$0(TestMethodTestDescriptor.java:102) ~[junit-jupiter-engine-5.8.2.jar:5.8.2]
	at org.junit.platform.engine.support.hierarchical.ThrowableCollector.execute(ThrowableCollector.java:73) ~[junit-platform-engine-1.8.2.jar:1.8.2]
	at org.junit.jupiter.engine.descriptor.TestMethodTestDescriptor.prepare(TestMethodTestDescriptor.java:101) ~[junit-jupiter-engine-5.8.2.jar:5.8.2]
	at org.junit.jupiter.engine.descriptor.TestMethodTestDescriptor.prepare(TestMethodTestDescriptor.java:66) ~[junit-jupiter-engine-5.8.2.jar:5.8.2]
	at org.junit.platform.engine.support.hierarchical.NodeTestTask.lambda$prepare$2(NodeTestTask.java:123) ~[junit-platform-engine-1.8.2.jar:1.8.2]
	at org.junit.platform.engine.support.hierarchical.ThrowableCollector.execute(ThrowableCollector.java:73) ~[junit-platform-engine-1.8.2.jar:1.8.2]
	at org.junit.platform.engine.support.hierarchical.NodeTestTask.prepare(NodeTestTask.java:123) ~[junit-platform-engine-1.8.2.jar:1.8.2]
	at org.junit.platform.engine.support.hierarchical.NodeTestTask.execute(NodeTestTask.java:90) ~[junit-platform-engine-1.8.2.jar:1.8.2]
	at java.base/java.util.ArrayList.forEach(ArrayList.java:1541) ~[na:na]
	at org.junit.platform.engine.support.hierarchical.SameThreadHierarchicalTestExecutorService.invokeAll(SameThreadHierarchicalTestExecutorService.java:41) ~[junit-platform-engine-1.8.2.jar:1.8.2]
	at org.junit.platform.engine.support.hierarchical.NodeTestTask.lambda$executeRecursively$6(NodeTestTask.java:155) ~[junit-platform-engine-1.8.2.jar:1.8.2]
	at org.junit.platform.engine.support.hierarchical.ThrowableCollector.execute(ThrowableCollector.java:73) ~[junit-platform-engine-1.8.2.jar:1.8.2]
	at org.junit.platform.engine.support.hierarchical.NodeTestTask.lambda$executeRecursively$8(NodeTestTask.java:141) ~[junit-platform-engine-1.8.2.jar:1.8.2]
	at org.junit.platform.engine.support.hierarchical.Node.around(Node.java:137) ~[junit-platform-engine-1.8.2.jar:1.8.2]
	at org.junit.platform.engine.support.hierarchical.NodeTestTask.lambda$executeRecursively$9(NodeTestTask.java:139) ~[junit-platform-engine-1.8.2.jar:1.8.2]
	at org.junit.platform.engine.support.hierarchical.ThrowableCollector.execute(ThrowableCollector.java:73) ~[junit-platform-engine-1.8.2.jar:1.8.2]
	at org.junit.platform.engine.support.hierarchical.NodeTestTask.executeRecursively(NodeTestTask.java:138) ~[junit-platform-engine-1.8.2.jar:1.8.2]
	at org.junit.platform.engine.support.hierarchical.NodeTestTask.execute(NodeTestTask.java:95) ~[junit-platform-engine-1.8.2.jar:1.8.2]
	at java.base/java.util.ArrayList.forEach(ArrayList.java:1541) ~[na:na]
	at org.junit.platform.engine.support.hierarchical.SameThreadHierarchicalTestExecutorService.invokeAll(SameThreadHierarchicalTestExecutorService.java:41) ~[junit-platform-engine-1.8.2.jar:1.8.2]
	at org.junit.platform.engine.support.hierarchical.NodeTestTask.lambda$executeRecursively$6(NodeTestTask.java:155) ~[junit-platform-engine-1.8.2.jar:1.8.2]
	at org.junit.platform.engine.support.hierarchical.ThrowableCollector.execute(ThrowableCollector.java:73) ~[junit-platform-engine-1.8.2.jar:1.8.2]
	at org.junit.platform.engine.support.hierarchical.NodeTestTask.lambda$executeRecursively$8(NodeTestTask.java:141) ~[junit-platform-engine-1.8.2.jar:1.8.2]
	at org.junit.platform.engine.support.hierarchical.Node.around(Node.java:137) ~[junit-platform-engine-1.8.2.jar:1.8.2]
	at org.junit.platform.engine.support.hierarchical.NodeTestTask.lambda$executeRecursively$9(NodeTestTask.java:139) ~[junit-platform-engine-1.8.2.jar:1.8.2]
	at org.junit.platform.engine.support.hierarchical.ThrowableCollector.execute(ThrowableCollector.java:73) ~[junit-platform-engine-1.8.2.jar:1.8.2]
	at org.junit.platform.engine.support.hierarchical.NodeTestTask.executeRecursively(NodeTestTask.java:138) ~[junit-platform-engine-1.8.2.jar:1.8.2]
	at org.junit.platform.engine.support.hierarchical.NodeTestTask.execute(NodeTestTask.java:95) ~[junit-platform-engine-1.8.2.jar:1.8.2]
	at org.junit.platform.engine.support.hierarchical.SameThreadHierarchicalTestExecutorService.submit(SameThreadHierarchicalTestExecutorService.java:35) ~[junit-platform-engine-1.8.2.jar:1.8.2]
	at org.junit.platform.engine.support.hierarchical.HierarchicalTestExecutor.execute(HierarchicalTestExecutor.java:57) ~[junit-platform-engine-1.8.2.jar:1.8.2]
	at org.junit.platform.engine.support.hierarchical.HierarchicalTestEngine.execute(HierarchicalTestEngine.java:54) ~[junit-platform-engine-1.8.2.jar:1.8.2]
	at org.junit.platform.launcher.core.EngineExecutionOrchestrator.execute(EngineExecutionOrchestrator.java:107) ~[junit-platform-launcher-1.8.2.jar:1.8.2]
	at org.junit.platform.launcher.core.EngineExecutionOrchestrator.execute(EngineExecutionOrchestrator.java:88) ~[junit-platform-launcher-1.8.2.jar:1.8.2]
	at org.junit.platform.launcher.core.EngineExecutionOrchestrator.lambda$execute$0(EngineExecutionOrchestrator.java:54) ~[junit-platform-launcher-1.8.2.jar:1.8.2]
	at org.junit.platform.launcher.core.EngineExecutionOrchestrator.withInterceptedStreams(EngineExecutionOrchestrator.java:67) ~[junit-platform-launcher-1.8.2.jar:1.8.2]
	at org.junit.platform.launcher.core.EngineExecutionOrchestrator.execute(EngineExecutionOrchestrator.java:52) ~[junit-platform-launcher-1.8.2.jar:1.8.2]
	at org.junit.platform.launcher.core.DefaultLauncher.execute(DefaultLauncher.java:114) ~[junit-platform-launcher-1.8.2.jar:1.8.2]
	at org.junit.platform.launcher.core.DefaultLauncher.execute(DefaultLauncher.java:86) ~[junit-platform-launcher-1.8.2.jar:1.8.2]
	at org.junit.platform.launcher.core.DefaultLauncherSession$DelegatingLauncher.execute(DefaultLauncherSession.java:86) ~[junit-platform-launcher-1.8.2.jar:1.8.2]
	at org.junit.platform.launcher.core.SessionPerRequestLauncher.execute(SessionPerRequestLauncher.java:53) ~[junit-platform-launcher-1.8.2.jar:1.8.2]
	at com.intellij.junit5.JUnit5IdeaTestRunner.startRunnerWithArgs(JUnit5IdeaTestRunner.java:57) ~[junit5-rt.jar:na]
	at com.intellij.rt.junit.IdeaTestRunner$Repeater$1.execute(IdeaTestRunner.java:38) ~[junit-rt.jar:na]
	at com.intellij.rt.execution.junit.TestsRepeater.repeat(TestsRepeater.java:11) ~[idea_rt.jar:na]
	at com.intellij.rt.junit.IdeaTestRunner$Repeater.startRunnerWithArgs(IdeaTestRunner.java:35) ~[junit-rt.jar:na]
	at com.intellij.rt.junit.JUnitStarter.prepareStreamsAndStart(JUnitStarter.java:235) ~[junit-rt.jar:na]
	at com.intellij.rt.junit.JUnitStarter.main(JUnitStarter.java:54) ~[junit-rt.jar:na]
Caused by: org.springframework.beans.factory.NoSuchBeanDefinitionException: No qualifying bean of type 'com.example.demo.domain.Member' available: expected at least 1 bean which qualifies as autowire candidate. Dependency annotations: {@org.springframework.beans.factory.annotation.Autowired(required=true)}
	at org.springframework.beans.factory.support.DefaultListableBeanFactory.raiseNoMatchingBeanFound(DefaultListableBeanFactory.java:1801) ~[spring-beans-5.3.27.jar:5.3.27]
	at org.springframework.beans.factory.support.DefaultListableBeanFactory.doResolveDependency(DefaultListableBeanFactory.java:1357) ~[spring-beans-5.3.27.jar:5.3.27]
	at org.springframework.beans.factory.support.DefaultListableBeanFactory.resolveDependency(DefaultListableBeanFactory.java:1311) ~[spring-beans-5.3.27.jar:5.3.27]
	at org.springframework.beans.factory.annotation.AutowiredAnnotationBeanPostProcessor$AutowiredFieldElement.resolveFieldValue(AutowiredAnnotationBeanPostProcessor.java:657) ~[spring-beans-5.3.27.jar:5.3.27]
	... 76 common frames omitted

2023-06-09 16:18:32.337  INFO 31474 --- [main] com.example.demo.cont.MemberContTest     : Starting MemberContTest using Java 11.0.11 on tong7ui-MacBookPro.local with PID 31474 (started by tong7 in /Users/tong7/IdeaProjects/cho/demo1)
2023-06-09 16:18:32.338  INFO 31474 --- [main] com.example.demo.cont.MemberContTest     : No active profile set, falling back to 1 default profile: "default"
2023-06-09 16:18:34.903  INFO 31474 --- [main] o.s.b.t.m.w.SpringBootMockServletContext : Initializing Spring TestDispatcherServlet ''
2023-06-09 16:18:34.903  INFO 31474 --- [main] o.s.t.web.servlet.TestDispatcherServlet  : Initializing Servlet ''
2023-06-09 16:18:34.908  INFO 31474 --- [main] o.s.t.web.servlet.TestDispatcherServlet  : Completed initialization in 5 ms
2023-06-09 16:18:34.966  INFO 31474 --- [main] com.example.demo.cont.MemberContTest     : Started MemberContTest in 3.457 seconds (JVM running for 4.982)
2023-06-09 16:40:08.943  INFO 33004 --- [main] com.example.demo.cont.MemberContTest     : Starting MemberContTest using Java 11.0.11 on tong7ui-MacBookPro.local with PID 33004 (started by tong7 in /Users/tong7/IdeaProjects/cho/demo1)
2023-06-09 16:40:08.945  INFO 33004 --- [main] com.example.demo.cont.MemberContTest     : No active profile set, falling back to 1 default profile: "default"
2023-06-09 16:40:11.392  INFO 33004 --- [main] o.s.b.t.m.w.SpringBootMockServletContext : Initializing Spring TestDispatcherServlet ''
2023-06-09 16:40:11.393  INFO 33004 --- [main] o.s.t.web.servlet.TestDispatcherServlet  : Initializing Servlet ''
2023-06-09 16:40:11.396  INFO 33004 --- [main] o.s.t.web.servlet.TestDispatcherServlet  : Completed initialization in 3 ms
2023-06-09 16:40:11.449  INFO 33004 --- [main] com.example.demo.cont.MemberContTest     : Started MemberContTest in 3.515 seconds (JVM running for 5.071)
2023-06-09 16:40:55.856  INFO 33057 --- [main] com.example.demo.cont.MemberContTest     : Starting MemberContTest using Java 11.0.11 on tong7ui-MacBookPro.local with PID 33057 (started by tong7 in /Users/tong7/IdeaProjects/cho/demo1)
2023-06-09 16:40:55.858  INFO 33057 --- [main] com.example.demo.cont.MemberContTest     : No active profile set, falling back to 1 default profile: "default"
2023-06-09 16:40:58.255  INFO 33057 --- [main] o.s.b.t.m.w.SpringBootMockServletContext : Initializing Spring TestDispatcherServlet ''
2023-06-09 16:40:58.256  INFO 33057 --- [main] o.s.t.web.servlet.TestDispatcherServlet  : Initializing Servlet ''
2023-06-09 16:40:58.260  INFO 33057 --- [main] o.s.t.web.servlet.TestDispatcherServlet  : Completed initialization in 4 ms
2023-06-09 16:40:58.326  INFO 33057 --- [main] com.example.demo.cont.MemberContTest     : Started MemberContTest in 3.285 seconds (JVM running for 4.795)
2023-06-09 16:42:13.857  INFO 33143 --- [main] com.example.demo.cont.MemberContTest     : Starting MemberContTest using Java 11.0.11 on tong7ui-MacBookPro.local with PID 33143 (started by tong7 in /Users/tong7/IdeaProjects/cho/demo1)
2023-06-09 16:42:13.859  INFO 33143 --- [main] com.example.demo.cont.MemberContTest     : No active profile set, falling back to 1 default profile: "default"
2023-06-09 16:42:16.302  INFO 33143 --- [main] o.s.b.t.m.w.SpringBootMockServletContext : Initializing Spring TestDispatcherServlet ''
2023-06-09 16:42:16.303  INFO 33143 --- [main] o.s.t.web.servlet.TestDispatcherServlet  : Initializing Servlet ''
2023-06-09 16:42:16.308  INFO 33143 --- [main] o.s.t.web.servlet.TestDispatcherServlet  : Completed initialization in 5 ms
2023-06-09 16:42:16.349  INFO 33143 --- [main] com.example.demo.cont.MemberContTest     : Started MemberContTest in 3.574 seconds (JVM running for 5.131)
2023-06-09 16:43:05.595  INFO 33203 --- [main] com.example.demo.cont.MemberContTest     : Starting MemberContTest using Java 11.0.11 on tong7ui-MacBookPro.local with PID 33203 (started by tong7 in /Users/tong7/IdeaProjects/cho/demo1)
2023-06-09 16:43:05.596  INFO 33203 --- [main] com.example.demo.cont.MemberContTest     : No active profile set, falling back to 1 default profile: "default"
2023-06-09 16:43:08.061  INFO 33203 --- [main] o.s.b.t.m.w.SpringBootMockServletContext : Initializing Spring TestDispatcherServlet ''
2023-06-09 16:43:08.061  INFO 33203 --- [main] o.s.t.web.servlet.TestDispatcherServlet  : Initializing Servlet ''
2023-06-09 16:43:08.065  INFO 33203 --- [main] o.s.t.web.servlet.TestDispatcherServlet  : Completed initialization in 4 ms
2023-06-09 16:43:08.130  INFO 33203 --- [main] com.example.demo.cont.MemberContTest     : Started MemberContTest in 3.344 seconds (JVM running for 4.88)
2023-06-09 16:45:29.114  INFO 33361 --- [main] com.example.demo.cont.MemberContTest     : Starting MemberContTest using Java 11.0.11 on tong7ui-MacBookPro.local with PID 33361 (started by tong7 in /Users/tong7/IdeaProjects/cho/demo1)
2023-06-09 16:45:29.115  INFO 33361 --- [main] com.example.demo.cont.MemberContTest     : No active profile set, falling back to 1 default profile: "default"
2023-06-09 16:45:31.581  INFO 33361 --- [main] o.s.b.t.m.w.SpringBootMockServletContext : Initializing Spring TestDispatcherServlet ''
2023-06-09 16:45:31.581  INFO 33361 --- [main] o.s.t.web.servlet.TestDispatcherServlet  : Initializing Servlet ''
2023-06-09 16:45:31.584  INFO 33361 --- [main] o.s.t.web.servlet.TestDispatcherServlet  : Completed initialization in 3 ms
2023-06-09 16:45:31.652  INFO 33361 --- [main] com.example.demo.cont.MemberContTest     : Started MemberContTest in 3.543 seconds (JVM running for 5.053)
2023-06-09 16:46:00.967  INFO 33405 --- [main] com.example.demo.cont.MemberContTest     : Starting MemberContTest using Java 11.0.11 on tong7ui-MacBookPro.local with PID 33405 (started by tong7 in /Users/tong7/IdeaProjects/cho/demo1)
2023-06-09 16:46:00.969  INFO 33405 --- [main] com.example.demo.cont.MemberContTest     : No active profile set, falling back to 1 default profile: "default"
2023-06-09 16:46:02.366  WARN 33405 --- [main] o.s.w.c.s.GenericWebApplicationContext   : Exception encountered during context initialization - cancelling refresh attempt: org.springframework.beans.factory.UnsatisfiedDependencyException: Error creating bean with name 'memberCont': Unsatisfied dependency expressed through field 'memberService'; nested exception is org.springframework.beans.factory.NoSuchBeanDefinitionException: No qualifying bean of type 'com.example.demo.service.MemberService' available: expected at least 1 bean which qualifies as autowire candidate. Dependency annotations: {@org.springframework.beans.factory.annotation.Autowired(required=true)}
2023-06-09 16:46:02.375  INFO 33405 --- [main] ConditionEvaluationReportLoggingListener : 

Error starting ApplicationContext. To display the conditions report re-run your application with 'debug' enabled.
2023-06-09 16:46:02.401 ERROR 33405 --- [main] o.s.b.d.LoggingFailureAnalysisReporter   : 

***************************
APPLICATION FAILED TO START
***************************

Description:

Field memberService in com.example.demo.cont.MemberCont required a bean of type 'com.example.demo.service.MemberService' that could not be found.

The injection point has the following annotations:
	- @org.springframework.beans.factory.annotation.Autowired(required=true)


Action:

Consider defining a bean of type 'com.example.demo.service.MemberService' in your configuration.

2023-06-09 16:46:02.407 ERROR 33405 --- [main] o.s.test.context.TestContextManager      : Caught exception while allowing TestExecutionListener [org.springframework.boot.test.mock.mockito.MockitoTestExecutionListener@15dcfae7] to prepare test instance [com.example.demo.cont.MemberContTest@5d7d8613]

java.lang.IllegalStateException: Failed to load ApplicationContext
	at org.springframework.test.context.cache.DefaultCacheAwareContextLoaderDelegate.loadContext(DefaultCacheAwareContextLoaderDelegate.java:98) ~[spring-test-5.3.27.jar:5.3.27]
	at org.springframework.test.context.support.DefaultTestContext.getApplicationContext(DefaultTestContext.java:124) ~[spring-test-5.3.27.jar:5.3.27]
	at org.springframework.boot.test.mock.mockito.MockitoTestExecutionListener.postProcessFields(MockitoTestExecutionListener.java:110) ~[spring-boot-test-2.7.12.jar:2.7.12]
	at org.springframework.boot.test.mock.mockito.MockitoTestExecutionListener.injectFields(MockitoTestExecutionListener.java:94) ~[spring-boot-test-2.7.12.jar:2.7.12]
	at org.springframework.boot.test.mock.mockito.MockitoTestExecutionListener.prepareTestInstance(MockitoTestExecutionListener.java:61) ~[spring-boot-test-2.7.12.jar:2.7.12]
	at org.springframework.test.context.TestContextManager.prepareTestInstance(TestContextManager.java:248) ~[spring-test-5.3.27.jar:5.3.27]
	at org.springframework.test.context.junit.jupiter.SpringExtension.postProcessTestInstance(SpringExtension.java:138) ~[spring-test-5.3.27.jar:5.3.27]
	at org.junit.jupiter.engine.descriptor.ClassBasedTestDescriptor.lambda$invokeTestInstancePostProcessors$8(ClassBasedTestDescriptor.java:363) ~[junit-jupiter-engine-5.8.2.jar:5.8.2]
	at org.junit.jupiter.engine.descriptor.ClassBasedTestDescriptor.executeAndMaskThrowable(ClassBasedTestDescriptor.java:368) ~[junit-jupiter-engine-5.8.2.jar:5.8.2]
	at org.junit.jupiter.engine.descriptor.ClassBasedTestDescriptor.lambda$invokeTestInstancePostProcessors$9(ClassBasedTestDescriptor.java:363) ~[junit-jupiter-engine-5.8.2.jar:5.8.2]
	at java.base/java.util.stream.ReferencePipeline$3$1.accept(ReferencePipeline.java:195) ~[na:na]
	at java.base/java.util.stream.ReferencePipeline$2$1.accept(ReferencePipeline.java:177) ~[na:na]
	at java.base/java.util.ArrayList$ArrayListSpliterator.forEachRemaining(ArrayList.java:1655) ~[na:na]
	at java.base/java.util.stream.AbstractPipeline.copyInto(AbstractPipeline.java:484) ~[na:na]
	at java.base/java.util.stream.AbstractPipeline.wrapAndCopyInto(AbstractPipeline.java:474) ~[na:na]
	at java.base/java.util.stream.StreamSpliterators$WrappingSpliterator.forEachRemaining(StreamSpliterators.java:312) ~[na:na]
	at java.base/java.util.stream.Streams$ConcatSpliterator.forEachRemaining(Streams.java:735) ~[na:na]
	at java.base/java.util.stream.Streams$ConcatSpliterator.forEachRemaining(Streams.java:734) ~[na:na]
	at java.base/java.util.stream.ReferencePipeline$Head.forEach(ReferencePipeline.java:658) ~[na:na]
	at org.junit.jupiter.engine.descriptor.ClassBasedTestDescriptor.invokeTestInstancePostProcessors(ClassBasedTestDescriptor.java:362) ~[junit-jupiter-engine-5.8.2.jar:5.8.2]
	at org.junit.jupiter.engine.descriptor.ClassBasedTestDescriptor.lambda$instantiateAndPostProcessTestInstance$6(ClassBasedTestDescriptor.java:283) ~[junit-jupiter-engine-5.8.2.jar:5.8.2]
	at org.junit.platform.engine.support.hierarchical.ThrowableCollector.execute(ThrowableCollector.java:73) ~[junit-platform-engine-1.8.2.jar:1.8.2]
	at org.junit.jupiter.engine.descriptor.ClassBasedTestDescriptor.instantiateAndPostProcessTestInstance(ClassBasedTestDescriptor.java:282) ~[junit-jupiter-engine-5.8.2.jar:5.8.2]
	at org.junit.jupiter.engine.descriptor.ClassBasedTestDescriptor.lambda$testInstancesProvider$4(ClassBasedTestDescriptor.java:272) ~[junit-jupiter-engine-5.8.2.jar:5.8.2]
	at java.base/java.util.Optional.orElseGet(Optional.java:369) ~[na:na]
	at org.junit.jupiter.engine.descriptor.ClassBasedTestDescriptor.lambda$testInstancesProvider$5(ClassBasedTestDescriptor.java:271) ~[junit-jupiter-engine-5.8.2.jar:5.8.2]
	at org.junit.jupiter.engine.execution.TestInstancesProvider.getTestInstances(TestInstancesProvider.java:31) ~[junit-jupiter-engine-5.8.2.jar:5.8.2]
	at org.junit.jupiter.engine.descriptor.TestMethodTestDescriptor.lambda$prepare$0(TestMethodTestDescriptor.java:102) ~[junit-jupiter-engine-5.8.2.jar:5.8.2]
	at org.junit.platform.engine.support.hierarchical.ThrowableCollector.execute(ThrowableCollector.java:73) ~[junit-platform-engine-1.8.2.jar:1.8.2]
	at org.junit.jupiter.engine.descriptor.TestMethodTestDescriptor.prepare(TestMethodTestDescriptor.java:101) ~[junit-jupiter-engine-5.8.2.jar:5.8.2]
	at org.junit.jupiter.engine.descriptor.TestMethodTestDescriptor.prepare(TestMethodTestDescriptor.java:66) ~[junit-jupiter-engine-5.8.2.jar:5.8.2]
	at org.junit.platform.engine.support.hierarchical.NodeTestTask.lambda$prepare$2(NodeTestTask.java:123) ~[junit-platform-engine-1.8.2.jar:1.8.2]
	at org.junit.platform.engine.support.hierarchical.ThrowableCollector.execute(ThrowableCollector.java:73) ~[junit-platform-engine-1.8.2.jar:1.8.2]
	at org.junit.platform.engine.support.hierarchical.NodeTestTask.prepare(NodeTestTask.java:123) ~[junit-platform-engine-1.8.2.jar:1.8.2]
	at org.junit.platform.engine.support.hierarchical.NodeTestTask.execute(NodeTestTask.java:90) ~[junit-platform-engine-1.8.2.jar:1.8.2]
	at java.base/java.util.ArrayList.forEach(ArrayList.java:1541) ~[na:na]
	at org.junit.platform.engine.support.hierarchical.SameThreadHierarchicalTestExecutorService.invokeAll(SameThreadHierarchicalTestExecutorService.java:41) ~[junit-platform-engine-1.8.2.jar:1.8.2]
	at org.junit.platform.engine.support.hierarchical.NodeTestTask.lambda$executeRecursively$6(NodeTestTask.java:155) ~[junit-platform-engine-1.8.2.jar:1.8.2]
	at org.junit.platform.engine.support.hierarchical.ThrowableCollector.execute(ThrowableCollector.java:73) ~[junit-platform-engine-1.8.2.jar:1.8.2]
	at org.junit.platform.engine.support.hierarchical.NodeTestTask.lambda$executeRecursively$8(NodeTestTask.java:141) ~[junit-platform-engine-1.8.2.jar:1.8.2]
	at org.junit.platform.engine.support.hierarchical.Node.around(Node.java:137) ~[junit-platform-engine-1.8.2.jar:1.8.2]
	at org.junit.platform.engine.support.hierarchical.NodeTestTask.lambda$executeRecursively$9(NodeTestTask.java:139) ~[junit-platform-engine-1.8.2.jar:1.8.2]
	at org.junit.platform.engine.support.hierarchical.ThrowableCollector.execute(ThrowableCollector.java:73) ~[junit-platform-engine-1.8.2.jar:1.8.2]
	at org.junit.platform.engine.support.hierarchical.NodeTestTask.executeRecursively(NodeTestTask.java:138) ~[junit-platform-engine-1.8.2.jar:1.8.2]
	at org.junit.platform.engine.support.hierarchical.NodeTestTask.execute(NodeTestTask.java:95) ~[junit-platform-engine-1.8.2.jar:1.8.2]
	at java.base/java.util.ArrayList.forEach(ArrayList.java:1541) ~[na:na]
	at org.junit.platform.engine.support.hierarchical.SameThreadHierarchicalTestExecutorService.invokeAll(SameThreadHierarchicalTestExecutorService.java:41) ~[junit-platform-engine-1.8.2.jar:1.8.2]
	at org.junit.platform.engine.support.hierarchical.NodeTestTask.lambda$executeRecursively$6(NodeTestTask.java:155) ~[junit-platform-engine-1.8.2.jar:1.8.2]
	at org.junit.platform.engine.support.hierarchical.ThrowableCollector.execute(ThrowableCollector.java:73) ~[junit-platform-engine-1.8.2.jar:1.8.2]
	at org.junit.platform.engine.support.hierarchical.NodeTestTask.lambda$executeRecursively$8(NodeTestTask.java:141) ~[junit-platform-engine-1.8.2.jar:1.8.2]
	at org.junit.platform.engine.support.hierarchical.Node.around(Node.java:137) ~[junit-platform-engine-1.8.2.jar:1.8.2]
	at org.junit.platform.engine.support.hierarchical.NodeTestTask.lambda$executeRecursively$9(NodeTestTask.java:139) ~[junit-platform-engine-1.8.2.jar:1.8.2]
	at org.junit.platform.engine.support.hierarchical.ThrowableCollector.execute(ThrowableCollector.java:73) ~[junit-platform-engine-1.8.2.jar:1.8.2]
	at org.junit.platform.engine.support.hierarchical.NodeTestTask.executeRecursively(NodeTestTask.java:138) ~[junit-platform-engine-1.8.2.jar:1.8.2]
	at org.junit.platform.engine.support.hierarchical.NodeTestTask.execute(NodeTestTask.java:95) ~[junit-platform-engine-1.8.2.jar:1.8.2]
	at org.junit.platform.engine.support.hierarchical.SameThreadHierarchicalTestExecutorService.submit(SameThreadHierarchicalTestExecutorService.java:35) ~[junit-platform-engine-1.8.2.jar:1.8.2]
	at org.junit.platform.engine.support.hierarchical.HierarchicalTestExecutor.execute(HierarchicalTestExecutor.java:57) ~[junit-platform-engine-1.8.2.jar:1.8.2]
	at org.junit.platform.engine.support.hierarchical.HierarchicalTestEngine.execute(HierarchicalTestEngine.java:54) ~[junit-platform-engine-1.8.2.jar:1.8.2]
	at org.junit.platform.launcher.core.EngineExecutionOrchestrator.execute(EngineExecutionOrchestrator.java:107) ~[junit-platform-launcher-1.8.2.jar:1.8.2]
	at org.junit.platform.launcher.core.EngineExecutionOrchestrator.execute(EngineExecutionOrchestrator.java:88) ~[junit-platform-launcher-1.8.2.jar:1.8.2]
	at org.junit.platform.launcher.core.EngineExecutionOrchestrator.lambda$execute$0(EngineExecutionOrchestrator.java:54) ~[junit-platform-launcher-1.8.2.jar:1.8.2]
	at org.junit.platform.launcher.core.EngineExecutionOrchestrator.withInterceptedStreams(EngineExecutionOrchestrator.java:67) ~[junit-platform-launcher-1.8.2.jar:1.8.2]
	at org.junit.platform.launcher.core.EngineExecutionOrchestrator.execute(EngineExecutionOrchestrator.java:52) ~[junit-platform-launcher-1.8.2.jar:1.8.2]
	at org.junit.platform.launcher.core.DefaultLauncher.execute(DefaultLauncher.java:114) ~[junit-platform-launcher-1.8.2.jar:1.8.2]
	at org.junit.platform.launcher.core.DefaultLauncher.execute(DefaultLauncher.java:86) ~[junit-platform-launcher-1.8.2.jar:1.8.2]
	at org.junit.platform.launcher.core.DefaultLauncherSession$DelegatingLauncher.execute(DefaultLauncherSession.java:86) ~[junit-platform-launcher-1.8.2.jar:1.8.2]
	at org.junit.platform.launcher.core.SessionPerRequestLauncher.execute(SessionPerRequestLauncher.java:53) ~[junit-platform-launcher-1.8.2.jar:1.8.2]
	at com.intellij.junit5.JUnit5IdeaTestRunner.startRunnerWithArgs(JUnit5IdeaTestRunner.java:57) ~[junit5-rt.jar:na]
	at com.intellij.rt.junit.IdeaTestRunner$Repeater$1.execute(IdeaTestRunner.java:38) ~[junit-rt.jar:na]
	at com.intellij.rt.execution.junit.TestsRepeater.repeat(TestsRepeater.java:11) ~[idea_rt.jar:na]
	at com.intellij.rt.junit.IdeaTestRunner$Repeater.startRunnerWithArgs(IdeaTestRunner.java:35) ~[junit-rt.jar:na]
	at com.intellij.rt.junit.JUnitStarter.prepareStreamsAndStart(JUnitStarter.java:235) ~[junit-rt.jar:na]
	at com.intellij.rt.junit.JUnitStarter.main(JUnitStarter.java:54) ~[junit-rt.jar:na]
Caused by: org.springframework.beans.factory.UnsatisfiedDependencyException: Error creating bean with name 'memberCont': Unsatisfied dependency expressed through field 'memberService'; nested exception is org.springframework.beans.factory.NoSuchBeanDefinitionException: No qualifying bean of type 'com.example.demo.service.MemberService' available: expected at least 1 bean which qualifies as autowire candidate. Dependency annotations: {@org.springframework.beans.factory.annotation.Autowired(required=true)}
	at org.springframework.beans.factory.annotation.AutowiredAnnotationBeanPostProcessor$AutowiredFieldElement.resolveFieldValue(AutowiredAnnotationBeanPostProcessor.java:660) ~[spring-beans-5.3.27.jar:5.3.27]
	at org.springframework.beans.factory.annotation.AutowiredAnnotationBeanPostProcessor$AutowiredFieldElement.inject(AutowiredAnnotationBeanPostProcessor.java:640) ~[spring-beans-5.3.27.jar:5.3.27]
	at org.springframework.beans.factory.annotation.InjectionMetadata.inject(InjectionMetadata.java:119) ~[spring-beans-5.3.27.jar:5.3.27]
	at org.springframework.beans.factory.annotation.AutowiredAnnotationBeanPostProcessor.postProcessProperties(AutowiredAnnotationBeanPostProcessor.java:399) ~[spring-beans-5.3.27.jar:5.3.27]
	at org.springframework.beans.factory.support.AbstractAutowireCapableBeanFactory.populateBean(AbstractAutowireCapableBeanFactory.java:1431) ~[spring-beans-5.3.27.jar:5.3.27]
	at org.springframework.beans.factory.support.AbstractAutowireCapableBeanFactory.doCreateBean(AbstractAutowireCapableBeanFactory.java:619) ~[spring-beans-5.3.27.jar:5.3.27]
	at org.springframework.beans.factory.support.AbstractAutowireCapableBeanFactory.createBean(AbstractAutowireCapableBeanFactory.java:542) ~[spring-beans-5.3.27.jar:5.3.27]
	at org.springframework.beans.factory.support.AbstractBeanFactory.lambda$doGetBean$0(AbstractBeanFactory.java:335) ~[spring-beans-5.3.27.jar:5.3.27]
	at org.springframework.beans.factory.support.DefaultSingletonBeanRegistry.getSingleton(DefaultSingletonBeanRegistry.java:234) ~[spring-beans-5.3.27.jar:5.3.27]
	at org.springframework.beans.factory.support.AbstractBeanFactory.doGetBean(AbstractBeanFactory.java:333) ~[spring-beans-5.3.27.jar:5.3.27]
	at org.springframework.beans.factory.support.AbstractBeanFactory.getBean(AbstractBeanFactory.java:208) ~[spring-beans-5.3.27.jar:5.3.27]
	at org.springframework.beans.factory.support.DefaultListableBeanFactory.preInstantiateSingletons(DefaultListableBeanFactory.java:955) ~[spring-beans-5.3.27.jar:5.3.27]
	at org.springframework.context.support.AbstractApplicationContext.finishBeanFactoryInitialization(AbstractApplicationContext.java:920) ~[spring-context-5.3.27.jar:5.3.27]
	at org.springframework.context.support.AbstractApplicationContext.refresh(AbstractApplicationContext.java:583) ~[spring-context-5.3.27.jar:5.3.27]
	at org.springframework.boot.SpringApplication.refresh(SpringApplication.java:731) ~[spring-boot-2.7.12.jar:2.7.12]
	at org.springframework.boot.SpringApplication.refreshContext(SpringApplication.java:408) ~[spring-boot-2.7.12.jar:2.7.12]
	at org.springframework.boot.SpringApplication.run(SpringApplication.java:307) ~[spring-boot-2.7.12.jar:2.7.12]
	at org.springframework.boot.test.context.SpringBootContextLoader.loadContext(SpringBootContextLoader.java:136) ~[spring-boot-test-2.7.12.jar:2.7.12]
	at org.springframework.test.context.cache.DefaultCacheAwareContextLoaderDelegate.loadContextInternal(DefaultCacheAwareContextLoaderDelegate.java:141) ~[spring-test-5.3.27.jar:5.3.27]
	at org.springframework.test.context.cache.DefaultCacheAwareContextLoaderDelegate.loadContext(DefaultCacheAwareContextLoaderDelegate.java:90) ~[spring-test-5.3.27.jar:5.3.27]
	... 72 common frames omitted
Caused by: org.springframework.beans.factory.NoSuchBeanDefinitionException: No qualifying bean of type 'com.example.demo.service.MemberService' available: expected at least 1 bean which qualifies as autowire candidate. Dependency annotations: {@org.springframework.beans.factory.annotation.Autowired(required=true)}
	at org.springframework.beans.factory.support.DefaultListableBeanFactory.raiseNoMatchingBeanFound(DefaultListableBeanFactory.java:1801) ~[spring-beans-5.3.27.jar:5.3.27]
	at org.springframework.beans.factory.support.DefaultListableBeanFactory.doResolveDependency(DefaultListableBeanFactory.java:1357) ~[spring-beans-5.3.27.jar:5.3.27]
	at org.springframework.beans.factory.support.DefaultListableBeanFactory.resolveDependency(DefaultListableBeanFactory.java:1311) ~[spring-beans-5.3.27.jar:5.3.27]
	at org.springframework.beans.factory.annotation.AutowiredAnnotationBeanPostProcessor$AutowiredFieldElement.resolveFieldValue(AutowiredAnnotationBeanPostProcessor.java:657) ~[spring-beans-5.3.27.jar:5.3.27]
	... 91 common frames omitted

2023-06-09 16:46:02.543  INFO 33405 --- [main] com.example.demo.cont.MemberContTest     : Starting MemberContTest using Java 11.0.11 on tong7ui-MacBookPro.local with PID 33405 (started by tong7 in /Users/tong7/IdeaProjects/cho/demo1)
2023-06-09 16:46:02.543  INFO 33405 --- [main] com.example.demo.cont.MemberContTest     : No active profile set, falling back to 1 default profile: "default"
2023-06-09 16:46:02.830  WARN 33405 --- [main] o.s.w.c.s.GenericWebApplicationContext   : Exception encountered during context initialization - cancelling refresh attempt: org.springframework.beans.factory.UnsatisfiedDependencyException: Error creating bean with name 'memberCont': Unsatisfied dependency expressed through field 'memberService'; nested exception is org.springframework.beans.factory.NoSuchBeanDefinitionException: No qualifying bean of type 'com.example.demo.service.MemberService' available: expected at least 1 bean which qualifies as autowire candidate. Dependency annotations: {@org.springframework.beans.factory.annotation.Autowired(required=true)}
2023-06-09 16:46:02.836  INFO 33405 --- [main] ConditionEvaluationReportLoggingListener : 

Error starting ApplicationContext. To display the conditions report re-run your application with 'debug' enabled.
2023-06-09 16:46:02.840 ERROR 33405 --- [main] o.s.b.d.LoggingFailureAnalysisReporter   : 

***************************
APPLICATION FAILED TO START
***************************

Description:

Field memberService in com.example.demo.cont.MemberCont required a bean of type 'com.example.demo.service.MemberService' that could not be found.

The injection point has the following annotations:
	- @org.springframework.beans.factory.annotation.Autowired(required=true)


Action:

Consider defining a bean of type 'com.example.demo.service.MemberService' in your configuration.

2023-06-09 16:46:02.842 ERROR 33405 --- [main] o.s.test.context.TestContextManager      : Caught exception while allowing TestExecutionListener [org.springframework.boot.test.mock.mockito.MockitoTestExecutionListener@15dcfae7] to prepare test instance [com.example.demo.cont.MemberContTest@b4732dc]

java.lang.IllegalStateException: Failed to load ApplicationContext
	at org.springframework.test.context.cache.DefaultCacheAwareContextLoaderDelegate.loadContext(DefaultCacheAwareContextLoaderDelegate.java:98) ~[spring-test-5.3.27.jar:5.3.27]
	at org.springframework.test.context.support.DefaultTestContext.getApplicationContext(DefaultTestContext.java:124) ~[spring-test-5.3.27.jar:5.3.27]
	at org.springframework.boot.test.mock.mockito.MockitoTestExecutionListener.postProcessFields(MockitoTestExecutionListener.java:110) ~[spring-boot-test-2.7.12.jar:2.7.12]
	at org.springframework.boot.test.mock.mockito.MockitoTestExecutionListener.injectFields(MockitoTestExecutionListener.java:94) ~[spring-boot-test-2.7.12.jar:2.7.12]
	at org.springframework.boot.test.mock.mockito.MockitoTestExecutionListener.prepareTestInstance(MockitoTestExecutionListener.java:61) ~[spring-boot-test-2.7.12.jar:2.7.12]
	at org.springframework.test.context.TestContextManager.prepareTestInstance(TestContextManager.java:248) ~[spring-test-5.3.27.jar:5.3.27]
	at org.springframework.test.context.junit.jupiter.SpringExtension.postProcessTestInstance(SpringExtension.java:138) ~[spring-test-5.3.27.jar:5.3.27]
	at org.junit.jupiter.engine.descriptor.ClassBasedTestDescriptor.lambda$invokeTestInstancePostProcessors$8(ClassBasedTestDescriptor.java:363) ~[junit-jupiter-engine-5.8.2.jar:5.8.2]
	at org.junit.jupiter.engine.descriptor.ClassBasedTestDescriptor.executeAndMaskThrowable(ClassBasedTestDescriptor.java:368) ~[junit-jupiter-engine-5.8.2.jar:5.8.2]
	at org.junit.jupiter.engine.descriptor.ClassBasedTestDescriptor.lambda$invokeTestInstancePostProcessors$9(ClassBasedTestDescriptor.java:363) ~[junit-jupiter-engine-5.8.2.jar:5.8.2]
	at java.base/java.util.stream.ReferencePipeline$3$1.accept(ReferencePipeline.java:195) ~[na:na]
	at java.base/java.util.stream.ReferencePipeline$2$1.accept(ReferencePipeline.java:177) ~[na:na]
	at java.base/java.util.ArrayList$ArrayListSpliterator.forEachRemaining(ArrayList.java:1655) ~[na:na]
	at java.base/java.util.stream.AbstractPipeline.copyInto(AbstractPipeline.java:484) ~[na:na]
	at java.base/java.util.stream.AbstractPipeline.wrapAndCopyInto(AbstractPipeline.java:474) ~[na:na]
	at java.base/java.util.stream.StreamSpliterators$WrappingSpliterator.forEachRemaining(StreamSpliterators.java:312) ~[na:na]
	at java.base/java.util.stream.Streams$ConcatSpliterator.forEachRemaining(Streams.java:735) ~[na:na]
	at java.base/java.util.stream.Streams$ConcatSpliterator.forEachRemaining(Streams.java:734) ~[na:na]
	at java.base/java.util.stream.ReferencePipeline$Head.forEach(ReferencePipeline.java:658) ~[na:na]
	at org.junit.jupiter.engine.descriptor.ClassBasedTestDescriptor.invokeTestInstancePostProcessors(ClassBasedTestDescriptor.java:362) ~[junit-jupiter-engine-5.8.2.jar:5.8.2]
	at org.junit.jupiter.engine.descriptor.ClassBasedTestDescriptor.lambda$instantiateAndPostProcessTestInstance$6(ClassBasedTestDescriptor.java:283) ~[junit-jupiter-engine-5.8.2.jar:5.8.2]
	at org.junit.platform.engine.support.hierarchical.ThrowableCollector.execute(ThrowableCollector.java:73) ~[junit-platform-engine-1.8.2.jar:1.8.2]
	at org.junit.jupiter.engine.descriptor.ClassBasedTestDescriptor.instantiateAndPostProcessTestInstance(ClassBasedTestDescriptor.java:282) ~[junit-jupiter-engine-5.8.2.jar:5.8.2]
	at org.junit.jupiter.engine.descriptor.ClassBasedTestDescriptor.lambda$testInstancesProvider$4(ClassBasedTestDescriptor.java:272) ~[junit-jupiter-engine-5.8.2.jar:5.8.2]
	at java.base/java.util.Optional.orElseGet(Optional.java:369) ~[na:na]
	at org.junit.jupiter.engine.descriptor.ClassBasedTestDescriptor.lambda$testInstancesProvider$5(ClassBasedTestDescriptor.java:271) ~[junit-jupiter-engine-5.8.2.jar:5.8.2]
	at org.junit.jupiter.engine.execution.TestInstancesProvider.getTestInstances(TestInstancesProvider.java:31) ~[junit-jupiter-engine-5.8.2.jar:5.8.2]
	at org.junit.jupiter.engine.descriptor.TestMethodTestDescriptor.lambda$prepare$0(TestMethodTestDescriptor.java:102) ~[junit-jupiter-engine-5.8.2.jar:5.8.2]
	at org.junit.platform.engine.support.hierarchical.ThrowableCollector.execute(ThrowableCollector.java:73) ~[junit-platform-engine-1.8.2.jar:1.8.2]
	at org.junit.jupiter.engine.descriptor.TestMethodTestDescriptor.prepare(TestMethodTestDescriptor.java:101) ~[junit-jupiter-engine-5.8.2.jar:5.8.2]
	at org.junit.jupiter.engine.descriptor.TestMethodTestDescriptor.prepare(TestMethodTestDescriptor.java:66) ~[junit-jupiter-engine-5.8.2.jar:5.8.2]
	at org.junit.platform.engine.support.hierarchical.NodeTestTask.lambda$prepare$2(NodeTestTask.java:123) ~[junit-platform-engine-1.8.2.jar:1.8.2]
	at org.junit.platform.engine.support.hierarchical.ThrowableCollector.execute(ThrowableCollector.java:73) ~[junit-platform-engine-1.8.2.jar:1.8.2]
	at org.junit.platform.engine.support.hierarchical.NodeTestTask.prepare(NodeTestTask.java:123) ~[junit-platform-engine-1.8.2.jar:1.8.2]
	at org.junit.platform.engine.support.hierarchical.NodeTestTask.execute(NodeTestTask.java:90) ~[junit-platform-engine-1.8.2.jar:1.8.2]
	at java.base/java.util.ArrayList.forEach(ArrayList.java:1541) ~[na:na]
	at org.junit.platform.engine.support.hierarchical.SameThreadHierarchicalTestExecutorService.invokeAll(SameThreadHierarchicalTestExecutorService.java:41) ~[junit-platform-engine-1.8.2.jar:1.8.2]
	at org.junit.platform.engine.support.hierarchical.NodeTestTask.lambda$executeRecursively$6(NodeTestTask.java:155) ~[junit-platform-engine-1.8.2.jar:1.8.2]
	at org.junit.platform.engine.support.hierarchical.ThrowableCollector.execute(ThrowableCollector.java:73) ~[junit-platform-engine-1.8.2.jar:1.8.2]
	at org.junit.platform.engine.support.hierarchical.NodeTestTask.lambda$executeRecursively$8(NodeTestTask.java:141) ~[junit-platform-engine-1.8.2.jar:1.8.2]
	at org.junit.platform.engine.support.hierarchical.Node.around(Node.java:137) ~[junit-platform-engine-1.8.2.jar:1.8.2]
	at org.junit.platform.engine.support.hierarchical.NodeTestTask.lambda$executeRecursively$9(NodeTestTask.java:139) ~[junit-platform-engine-1.8.2.jar:1.8.2]
	at org.junit.platform.engine.support.hierarchical.ThrowableCollector.execute(ThrowableCollector.java:73) ~[junit-platform-engine-1.8.2.jar:1.8.2]
	at org.junit.platform.engine.support.hierarchical.NodeTestTask.executeRecursively(NodeTestTask.java:138) ~[junit-platform-engine-1.8.2.jar:1.8.2]
	at org.junit.platform.engine.support.hierarchical.NodeTestTask.execute(NodeTestTask.java:95) ~[junit-platform-engine-1.8.2.jar:1.8.2]
	at java.base/java.util.ArrayList.forEach(ArrayList.java:1541) ~[na:na]
	at org.junit.platform.engine.support.hierarchical.SameThreadHierarchicalTestExecutorService.invokeAll(SameThreadHierarchicalTestExecutorService.java:41) ~[junit-platform-engine-1.8.2.jar:1.8.2]
	at org.junit.platform.engine.support.hierarchical.NodeTestTask.lambda$executeRecursively$6(NodeTestTask.java:155) ~[junit-platform-engine-1.8.2.jar:1.8.2]
	at org.junit.platform.engine.support.hierarchical.ThrowableCollector.execute(ThrowableCollector.java:73) ~[junit-platform-engine-1.8.2.jar:1.8.2]
	at org.junit.platform.engine.support.hierarchical.NodeTestTask.lambda$executeRecursively$8(NodeTestTask.java:141) ~[junit-platform-engine-1.8.2.jar:1.8.2]
	at org.junit.platform.engine.support.hierarchical.Node.around(Node.java:137) ~[junit-platform-engine-1.8.2.jar:1.8.2]
	at org.junit.platform.engine.support.hierarchical.NodeTestTask.lambda$executeRecursively$9(NodeTestTask.java:139) ~[junit-platform-engine-1.8.2.jar:1.8.2]
	at org.junit.platform.engine.support.hierarchical.ThrowableCollector.execute(ThrowableCollector.java:73) ~[junit-platform-engine-1.8.2.jar:1.8.2]
	at org.junit.platform.engine.support.hierarchical.NodeTestTask.executeRecursively(NodeTestTask.java:138) ~[junit-platform-engine-1.8.2.jar:1.8.2]
	at org.junit.platform.engine.support.hierarchical.NodeTestTask.execute(NodeTestTask.java:95) ~[junit-platform-engine-1.8.2.jar:1.8.2]
	at org.junit.platform.engine.support.hierarchical.SameThreadHierarchicalTestExecutorService.submit(SameThreadHierarchicalTestExecutorService.java:35) ~[junit-platform-engine-1.8.2.jar:1.8.2]
	at org.junit.platform.engine.support.hierarchical.HierarchicalTestExecutor.execute(HierarchicalTestExecutor.java:57) ~[junit-platform-engine-1.8.2.jar:1.8.2]
	at org.junit.platform.engine.support.hierarchical.HierarchicalTestEngine.execute(HierarchicalTestEngine.java:54) ~[junit-platform-engine-1.8.2.jar:1.8.2]
	at org.junit.platform.launcher.core.EngineExecutionOrchestrator.execute(EngineExecutionOrchestrator.java:107) ~[junit-platform-launcher-1.8.2.jar:1.8.2]
	at org.junit.platform.launcher.core.EngineExecutionOrchestrator.execute(EngineExecutionOrchestrator.java:88) ~[junit-platform-launcher-1.8.2.jar:1.8.2]
	at org.junit.platform.launcher.core.EngineExecutionOrchestrator.lambda$execute$0(EngineExecutionOrchestrator.java:54) ~[junit-platform-launcher-1.8.2.jar:1.8.2]
	at org.junit.platform.launcher.core.EngineExecutionOrchestrator.withInterceptedStreams(EngineExecutionOrchestrator.java:67) ~[junit-platform-launcher-1.8.2.jar:1.8.2]
	at org.junit.platform.launcher.core.EngineExecutionOrchestrator.execute(EngineExecutionOrchestrator.java:52) ~[junit-platform-launcher-1.8.2.jar:1.8.2]
	at org.junit.platform.launcher.core.DefaultLauncher.execute(DefaultLauncher.java:114) ~[junit-platform-launcher-1.8.2.jar:1.8.2]
	at org.junit.platform.launcher.core.DefaultLauncher.execute(DefaultLauncher.java:86) ~[junit-platform-launcher-1.8.2.jar:1.8.2]
	at org.junit.platform.launcher.core.DefaultLauncherSession$DelegatingLauncher.execute(DefaultLauncherSession.java:86) ~[junit-platform-launcher-1.8.2.jar:1.8.2]
	at org.junit.platform.launcher.core.SessionPerRequestLauncher.execute(SessionPerRequestLauncher.java:53) ~[junit-platform-launcher-1.8.2.jar:1.8.2]
	at com.intellij.junit5.JUnit5IdeaTestRunner.startRunnerWithArgs(JUnit5IdeaTestRunner.java:57) ~[junit5-rt.jar:na]
	at com.intellij.rt.junit.IdeaTestRunner$Repeater$1.execute(IdeaTestRunner.java:38) ~[junit-rt.jar:na]
	at com.intellij.rt.execution.junit.TestsRepeater.repeat(TestsRepeater.java:11) ~[idea_rt.jar:na]
	at com.intellij.rt.junit.IdeaTestRunner$Repeater.startRunnerWithArgs(IdeaTestRunner.java:35) ~[junit-rt.jar:na]
	at com.intellij.rt.junit.JUnitStarter.prepareStreamsAndStart(JUnitStarter.java:235) ~[junit-rt.jar:na]
	at com.intellij.rt.junit.JUnitStarter.main(JUnitStarter.java:54) ~[junit-rt.jar:na]
Caused by: org.springframework.beans.factory.UnsatisfiedDependencyException: Error creating bean with name 'memberCont': Unsatisfied dependency expressed through field 'memberService'; nested exception is org.springframework.beans.factory.NoSuchBeanDefinitionException: No qualifying bean of type 'com.example.demo.service.MemberService' available: expected at least 1 bean which qualifies as autowire candidate. Dependency annotations: {@org.springframework.beans.factory.annotation.Autowired(required=true)}
	at org.springframework.beans.factory.annotation.AutowiredAnnotationBeanPostProcessor$AutowiredFieldElement.resolveFieldValue(AutowiredAnnotationBeanPostProcessor.java:660) ~[spring-beans-5.3.27.jar:5.3.27]
	at org.springframework.beans.factory.annotation.AutowiredAnnotationBeanPostProcessor$AutowiredFieldElement.inject(AutowiredAnnotationBeanPostProcessor.java:640) ~[spring-beans-5.3.27.jar:5.3.27]
	at org.springframework.beans.factory.annotation.InjectionMetadata.inject(InjectionMetadata.java:119) ~[spring-beans-5.3.27.jar:5.3.27]
	at org.springframework.beans.factory.annotation.AutowiredAnnotationBeanPostProcessor.postProcessProperties(AutowiredAnnotationBeanPostProcessor.java:399) ~[spring-beans-5.3.27.jar:5.3.27]
	at org.springframework.beans.factory.support.AbstractAutowireCapableBeanFactory.populateBean(AbstractAutowireCapableBeanFactory.java:1431) ~[spring-beans-5.3.27.jar:5.3.27]
	at org.springframework.beans.factory.support.AbstractAutowireCapableBeanFactory.doCreateBean(AbstractAutowireCapableBeanFactory.java:619) ~[spring-beans-5.3.27.jar:5.3.27]
	at org.springframework.beans.factory.support.AbstractAutowireCapableBeanFactory.createBean(AbstractAutowireCapableBeanFactory.java:542) ~[spring-beans-5.3.27.jar:5.3.27]
	at org.springframework.beans.factory.support.AbstractBeanFactory.lambda$doGetBean$0(AbstractBeanFactory.java:335) ~[spring-beans-5.3.27.jar:5.3.27]
	at org.springframework.beans.factory.support.DefaultSingletonBeanRegistry.getSingleton(DefaultSingletonBeanRegistry.java:234) ~[spring-beans-5.3.27.jar:5.3.27]
	at org.springframework.beans.factory.support.AbstractBeanFactory.doGetBean(AbstractBeanFactory.java:333) ~[spring-beans-5.3.27.jar:5.3.27]
	at org.springframework.beans.factory.support.AbstractBeanFactory.getBean(AbstractBeanFactory.java:208) ~[spring-beans-5.3.27.jar:5.3.27]
	at org.springframework.beans.factory.support.DefaultListableBeanFactory.preInstantiateSingletons(DefaultListableBeanFactory.java:955) ~[spring-beans-5.3.27.jar:5.3.27]
	at org.springframework.context.support.AbstractApplicationContext.finishBeanFactoryInitialization(AbstractApplicationContext.java:920) ~[spring-context-5.3.27.jar:5.3.27]
	at org.springframework.context.support.AbstractApplicationContext.refresh(AbstractApplicationContext.java:583) ~[spring-context-5.3.27.jar:5.3.27]
	at org.springframework.boot.SpringApplication.refresh(SpringApplication.java:731) ~[spring-boot-2.7.12.jar:2.7.12]
	at org.springframework.boot.SpringApplication.refreshContext(SpringApplication.java:408) ~[spring-boot-2.7.12.jar:2.7.12]
	at org.springframework.boot.SpringApplication.run(SpringApplication.java:307) ~[spring-boot-2.7.12.jar:2.7.12]
	at org.springframework.boot.test.context.SpringBootContextLoader.loadContext(SpringBootContextLoader.java:136) ~[spring-boot-test-2.7.12.jar:2.7.12]
	at org.springframework.test.context.cache.DefaultCacheAwareContextLoaderDelegate.loadContextInternal(DefaultCacheAwareContextLoaderDelegate.java:141) ~[spring-test-5.3.27.jar:5.3.27]
	at org.springframework.test.context.cache.DefaultCacheAwareContextLoaderDelegate.loadContext(DefaultCacheAwareContextLoaderDelegate.java:90) ~[spring-test-5.3.27.jar:5.3.27]
	... 72 common frames omitted
Caused by: org.springframework.beans.factory.NoSuchBeanDefinitionException: No qualifying bean of type 'com.example.demo.service.MemberService' available: expected at least 1 bean which qualifies as autowire candidate. Dependency annotations: {@org.springframework.beans.factory.annotation.Autowired(required=true)}
	at org.springframework.beans.factory.support.DefaultListableBeanFactory.raiseNoMatchingBeanFound(DefaultListableBeanFactory.java:1801) ~[spring-beans-5.3.27.jar:5.3.27]
	at org.springframework.beans.factory.support.DefaultListableBeanFactory.doResolveDependency(DefaultListableBeanFactory.java:1357) ~[spring-beans-5.3.27.jar:5.3.27]
	at org.springframework.beans.factory.support.DefaultListableBeanFactory.resolveDependency(DefaultListableBeanFactory.java:1311) ~[spring-beans-5.3.27.jar:5.3.27]
	at org.springframework.beans.factory.annotation.AutowiredAnnotationBeanPostProcessor$AutowiredFieldElement.resolveFieldValue(AutowiredAnnotationBeanPostProcessor.java:657) ~[spring-beans-5.3.27.jar:5.3.27]
	... 91 common frames omitted

2023-06-09 16:51:08.311  INFO 33749 --- [main] com.example.demo.cont.MemberContTest     : Starting MemberContTest using Java 11.0.11 on tong7ui-MacBookPro.local with PID 33749 (started by tong7 in /Users/tong7/IdeaProjects/cho/demo1)
2023-06-09 16:51:08.313  INFO 33749 --- [main] com.example.demo.cont.MemberContTest     : No active profile set, falling back to 1 default profile: "default"
2023-06-09 16:51:10.760  INFO 33749 --- [main] o.s.b.t.m.w.SpringBootMockServletContext : Initializing Spring TestDispatcherServlet ''
2023-06-09 16:51:10.761  INFO 33749 --- [main] o.s.t.web.servlet.TestDispatcherServlet  : Initializing Servlet ''
2023-06-09 16:51:10.763  INFO 33749 --- [main] o.s.t.web.servlet.TestDispatcherServlet  : Completed initialization in 2 ms
2023-06-09 16:51:10.821  INFO 33749 --- [main] com.example.demo.cont.MemberContTest     : Started MemberContTest in 3.454 seconds (JVM running for 4.965)
2023-06-09 16:51:10.889  INFO 33749 --- [main] com.example.demo.cont.MemberContTest     : test : null
2023-06-09 16:51:47.210  INFO 33793 --- [main] com.example.demo.cont.MemberContTest     : Starting MemberContTest using Java 11.0.11 on tong7ui-MacBookPro.local with PID 33793 (started by tong7 in /Users/tong7/IdeaProjects/cho/demo1)
2023-06-09 16:51:47.211  INFO 33793 --- [main] com.example.demo.cont.MemberContTest     : No active profile set, falling back to 1 default profile: "default"
2023-06-09 16:51:49.628  INFO 33793 --- [main] o.s.b.t.m.w.SpringBootMockServletContext : Initializing Spring TestDispatcherServlet ''
2023-06-09 16:51:49.629  INFO 33793 --- [main] o.s.t.web.servlet.TestDispatcherServlet  : Initializing Servlet ''
2023-06-09 16:51:49.634  INFO 33793 --- [main] o.s.t.web.servlet.TestDispatcherServlet  : Completed initialization in 5 ms
2023-06-09 16:51:49.704  INFO 33793 --- [main] com.example.demo.cont.MemberContTest     : Started MemberContTest in 3.291 seconds (JVM running for 4.812)
2023-06-09 16:51:49.778  INFO 33793 --- [main] com.example.demo.cont.MemberContTest     : test : null
2023-06-09 16:51:49.778  INFO 33793 --- [main] com.example.demo.cont.MemberContTest     : test 2 : null
2023-06-09 16:54:51.339  INFO 34000 --- [main] com.example.demo.cont.MemberContTest     : Starting MemberContTest using Java 11.0.11 on tong7ui-MacBookPro.local with PID 34000 (started by tong7 in /Users/tong7/IdeaProjects/cho/demo1)
2023-06-09 16:54:51.340  INFO 34000 --- [main] com.example.demo.cont.MemberContTest     : No active profile set, falling back to 1 default profile: "default"
2023-06-09 16:54:53.892  INFO 34000 --- [main] o.s.b.t.m.w.SpringBootMockServletContext : Initializing Spring TestDispatcherServlet ''
2023-06-09 16:54:53.893  INFO 34000 --- [main] o.s.t.web.servlet.TestDispatcherServlet  : Initializing Servlet ''
2023-06-09 16:54:53.896  INFO 34000 --- [main] o.s.t.web.servlet.TestDispatcherServlet  : Completed initialization in 3 ms
2023-06-09 16:54:53.962  INFO 34000 --- [main] com.example.demo.cont.MemberContTest     : Started MemberContTest in 3.64 seconds (JVM running for 5.2)
2023-06-09 16:54:54.032  INFO 34000 --- [main] com.example.demo.cont.MemberContTest     : test : null
2023-06-09 16:54:54.032  INFO 34000 --- [main] com.example.demo.cont.MemberContTest     : test 2 : null
2023-06-09 16:55:22.328  INFO 34035 --- [main] com.example.demo.cont.MemberContTest     : Starting MemberContTest using Java 11.0.11 on tong7ui-MacBookPro.local with PID 34035 (started by tong7 in /Users/tong7/IdeaProjects/cho/demo1)
2023-06-09 16:55:22.330  INFO 34035 --- [main] com.example.demo.cont.MemberContTest     : No active profile set, falling back to 1 default profile: "default"
2023-06-09 16:55:24.797  INFO 34035 --- [main] o.s.b.t.m.w.SpringBootMockServletContext : Initializing Spring TestDispatcherServlet ''
2023-06-09 16:55:24.797  INFO 34035 --- [main] o.s.t.web.servlet.TestDispatcherServlet  : Initializing Servlet ''
2023-06-09 16:55:24.802  INFO 34035 --- [main] o.s.t.web.servlet.TestDispatcherServlet  : Completed initialization in 5 ms
2023-06-09 16:55:24.860  INFO 34035 --- [main] com.example.demo.cont.MemberContTest     : Started MemberContTest in 3.331 seconds (JVM running for 4.999)
2023-06-09 16:55:24.942  INFO 34035 --- [main] com.example.demo.cont.MemberContTest     : test : null
2023-06-09 16:55:24.942  INFO 34035 --- [main] com.example.demo.cont.MemberContTest     : test 2 : null
2023-06-09 16:57:27.081  INFO 34210 --- [main] com.example.demo.cont.MemberContTest     : Starting MemberContTest using Java 11.0.11 on tong7ui-MacBookPro.local with PID 34210 (started by tong7 in /Users/tong7/IdeaProjects/cho/demo1)
2023-06-09 16:57:27.083  INFO 34210 --- [main] com.example.demo.cont.MemberContTest     : No active profile set, falling back to 1 default profile: "default"
2023-06-09 16:57:30.514  INFO 34210 --- [main] com.zaxxer.hikari.HikariDataSource       : HikariPool-1 - Starting...
2023-06-09 16:57:30.715  INFO 34210 --- [main] com.zaxxer.hikari.HikariDataSource       : HikariPool-1 - Start completed.
2023-06-09 16:57:31.085  INFO 34210 --- [main] o.s.b.t.m.w.SpringBootMockServletContext : Initializing Spring TestDispatcherServlet ''
2023-06-09 16:57:31.085  INFO 34210 --- [main] o.s.t.web.servlet.TestDispatcherServlet  : Initializing Servlet ''
2023-06-09 16:57:31.087  INFO 34210 --- [main] o.s.t.web.servlet.TestDispatcherServlet  : Completed initialization in 2 ms
2023-06-09 16:57:31.132  INFO 34210 --- [main] com.example.demo.cont.MemberContTest     : Started MemberContTest in 4.953 seconds (JVM running for 6.59)
2023-06-09 16:57:31.227  INFO 34210 --- [main] com.example.demo.cont.MemberContTest     : test : null
2023-06-09 16:57:31.227  INFO 34210 --- [main] com.example.demo.cont.MemberContTest     : test 2 : null
2023-06-09 16:57:31.337  INFO 34210 --- [SpringApplicationShutdownHook] com.zaxxer.hikari.HikariDataSource       : HikariPool-1 - Shutdown initiated...
2023-06-09 16:57:31.345  INFO 34210 --- [SpringApplicationShutdownHook] com.zaxxer.hikari.HikariDataSource       : HikariPool-1 - Shutdown completed.
2023-06-09 16:59:09.115  INFO 34330 --- [main] com.example.demo.cont.MemberContTest     : Starting MemberContTest using Java 11.0.11 on tong7ui-MacBookPro.local with PID 34330 (started by tong7 in /Users/tong7/IdeaProjects/cho/demo1)
2023-06-09 16:59:09.117  INFO 34330 --- [main] com.example.demo.cont.MemberContTest     : No active profile set, falling back to 1 default profile: "default"
2023-06-09 16:59:12.665  INFO 34330 --- [main] com.zaxxer.hikari.HikariDataSource       : HikariPool-1 - Starting...
2023-06-09 16:59:12.878  INFO 34330 --- [main] com.zaxxer.hikari.HikariDataSource       : HikariPool-1 - Start completed.
2023-06-09 16:59:13.146  INFO 34330 --- [main] o.s.b.t.m.w.SpringBootMockServletContext : Initializing Spring TestDispatcherServlet ''
2023-06-09 16:59:13.146  INFO 34330 --- [main] o.s.t.web.servlet.TestDispatcherServlet  : Initializing Servlet ''
2023-06-09 16:59:13.149  INFO 34330 --- [main] o.s.t.web.servlet.TestDispatcherServlet  : Completed initialization in 3 ms
2023-06-09 16:59:13.233  INFO 34330 --- [main] com.example.demo.cont.MemberContTest     : Started MemberContTest in 4.84 seconds (JVM running for 6.553)
2023-06-09 16:59:13.361  INFO 34330 --- [main] com.example.demo.cont.MemberContTest     : test : null
2023-06-09 16:59:13.362  INFO 34330 --- [main] com.example.demo.cont.MemberContTest     : test 2 : null
2023-06-09 16:59:13.488  INFO 34330 --- [SpringApplicationShutdownHook] com.zaxxer.hikari.HikariDataSource       : HikariPool-1 - Shutdown initiated...
2023-06-09 16:59:13.498  INFO 34330 --- [SpringApplicationShutdownHook] com.zaxxer.hikari.HikariDataSource       : HikariPool-1 - Shutdown completed.
2023-06-09 17:01:54.539  INFO 34527 --- [main] com.example.demo.cont.MemberContTest     : Starting MemberContTest using Java 11.0.11 on tong7ui-MacBookPro.local with PID 34527 (started by tong7 in /Users/tong7/IdeaProjects/cho/demo1)
2023-06-09 17:01:54.541  INFO 34527 --- [main] com.example.demo.cont.MemberContTest     : No active profile set, falling back to 1 default profile: "default"
2023-06-09 17:01:57.038  INFO 34527 --- [main] o.s.b.t.m.w.SpringBootMockServletContext : Initializing Spring TestDispatcherServlet ''
2023-06-09 17:01:57.039  INFO 34527 --- [main] o.s.t.web.servlet.TestDispatcherServlet  : Initializing Servlet ''
2023-06-09 17:01:57.042  INFO 34527 --- [main] o.s.t.web.servlet.TestDispatcherServlet  : Completed initialization in 3 ms
2023-06-09 17:01:57.107  INFO 34527 --- [main] com.example.demo.cont.MemberContTest     : Started MemberContTest in 3.557 seconds (JVM running for 5.456)
2023-06-09 17:01:57.174  INFO 34527 --- [main] com.example.demo.cont.MemberContTest     : test : null
2023-06-09 17:04:25.616  INFO 34695 --- [main] com.example.demo.Demo1Application        : Starting Demo1Application using Java 11.0.11 on tong7ui-MacBookPro.local with PID 34695 (/Users/tong7/IdeaProjects/cho/demo1/out/production/classes started by tong7 in /Users/tong7/IdeaProjects/cho/demo1)
2023-06-09 17:04:25.619  INFO 34695 --- [main] com.example.demo.Demo1Application        : No active profile set, falling back to 1 default profile: "default"
2023-06-09 17:04:26.686  INFO 34695 --- [main] o.s.b.w.embedded.tomcat.TomcatWebServer  : Tomcat initialized with port(s): 8080 (http)
2023-06-09 17:04:26.693  INFO 34695 --- [main] o.apache.catalina.core.StandardService   : Starting service [Tomcat]
2023-06-09 17:04:26.694  INFO 34695 --- [main] org.apache.catalina.core.StandardEngine  : Starting Servlet engine: [Apache Tomcat/9.0.75]
2023-06-09 17:04:26.778  INFO 34695 --- [main] o.a.c.c.C.[Tomcat].[localhost].[/]       : Initializing Spring embedded WebApplicationContext
2023-06-09 17:04:26.778  INFO 34695 --- [main] w.s.c.ServletWebServerApplicationContext : Root WebApplicationContext: initialization completed in 1107 ms
2023-06-09 17:04:27.363  INFO 34695 --- [main] com.zaxxer.hikari.HikariDataSource       : HikariPool-1 - Starting...
2023-06-09 17:04:27.431  INFO 34695 --- [main] com.zaxxer.hikari.HikariDataSource       : HikariPool-1 - Start completed.
2023-06-09 17:04:27.526  INFO 34695 --- [main] o.s.b.w.embedded.tomcat.TomcatWebServer  : Tomcat started on port(s): 8080 (http) with context path ''
2023-06-09 17:04:27.546  INFO 34695 --- [main] com.example.demo.Demo1Application        : Started Demo1Application in 2.567 seconds (JVM running for 3.385)
2023-06-09 17:04:35.394  INFO 34706 --- [main] com.example.demo.cont.MemberContTest     : Starting MemberContTest using Java 11.0.11 on tong7ui-MacBookPro.local with PID 34706 (started by tong7 in /Users/tong7/IdeaProjects/cho/demo1)
2023-06-09 17:04:35.396  INFO 34706 --- [main] com.example.demo.cont.MemberContTest     : No active profile set, falling back to 1 default profile: "default"
2023-06-09 17:04:37.901  INFO 34706 --- [main] o.s.b.t.m.w.SpringBootMockServletContext : Initializing Spring TestDispatcherServlet ''
2023-06-09 17:04:37.902  INFO 34706 --- [main] o.s.t.web.servlet.TestDispatcherServlet  : Initializing Servlet ''
2023-06-09 17:04:37.906  INFO 34706 --- [main] o.s.t.web.servlet.TestDispatcherServlet  : Completed initialization in 3 ms
2023-06-09 17:04:37.976  INFO 34706 --- [main] com.example.demo.cont.MemberContTest     : Started MemberContTest in 3.403 seconds (JVM running for 4.954)
2023-06-09 17:04:38.046  INFO 34706 --- [main] com.example.demo.cont.MemberContTest     : test : null
2023-06-09 17:04:52.844  INFO 34695 --- [SpringApplicationShutdownHook] com.zaxxer.hikari.HikariDataSource       : HikariPool-1 - Shutdown initiated...
2023-06-09 17:04:52.849  INFO 34695 --- [SpringApplicationShutdownHook] com.zaxxer.hikari.HikariDataSource       : HikariPool-1 - Shutdown completed.
2023-06-09 17:09:50.445  INFO 35079 --- [main] com.example.demo.Demo1Application        : Starting Demo1Application using Java 11.0.11 on tong7ui-MacBookPro.local with PID 35079 (/Users/tong7/IdeaProjects/cho/demo1/out/production/classes started by tong7 in /Users/tong7/IdeaProjects/cho/demo1)
2023-06-09 17:09:50.458  INFO 35079 --- [main] com.example.demo.Demo1Application        : No active profile set, falling back to 1 default profile: "default"
2023-06-09 17:09:51.542  INFO 35079 --- [main] o.s.b.w.embedded.tomcat.TomcatWebServer  : Tomcat initialized with port(s): 8080 (http)
2023-06-09 17:09:51.548  INFO 35079 --- [main] o.apache.catalina.core.StandardService   : Starting service [Tomcat]
2023-06-09 17:09:51.548  INFO 35079 --- [main] org.apache.catalina.core.StandardEngine  : Starting Servlet engine: [Apache Tomcat/9.0.75]
2023-06-09 17:09:51.633  INFO 35079 --- [main] o.a.c.c.C.[Tomcat].[localhost].[/]       : Initializing Spring embedded WebApplicationContext
2023-06-09 17:09:51.633  INFO 35079 --- [main] w.s.c.ServletWebServerApplicationContext : Root WebApplicationContext: initialization completed in 1100 ms
2023-06-09 17:09:52.226  INFO 35079 --- [main] com.zaxxer.hikari.HikariDataSource       : HikariPool-1 - Starting...
2023-06-09 17:09:52.290  INFO 35079 --- [main] com.zaxxer.hikari.HikariDataSource       : HikariPool-1 - Start completed.
2023-06-09 17:09:52.378  INFO 35079 --- [main] o.s.b.w.embedded.tomcat.TomcatWebServer  : Tomcat started on port(s): 8080 (http) with context path ''
2023-06-09 17:09:52.391  INFO 35079 --- [main] com.example.demo.Demo1Application        : Started Demo1Application in 2.552 seconds (JVM running for 3.204)
2023-06-09 17:09:59.055  INFO 35079 --- [SpringApplicationShutdownHook] com.zaxxer.hikari.HikariDataSource       : HikariPool-1 - Shutdown initiated...
2023-06-09 17:09:59.061  INFO 35079 --- [SpringApplicationShutdownHook] com.zaxxer.hikari.HikariDataSource       : HikariPool-1 - Shutdown completed.
2023-06-09 17:10:06.408  INFO 35102 --- [main] com.example.demo.cont.MemberContTest     : Starting MemberContTest using Java 11.0.11 on tong7ui-MacBookPro.local with PID 35102 (started by tong7 in /Users/tong7/IdeaProjects/cho/demo1)
2023-06-09 17:10:06.411  INFO 35102 --- [main] com.example.demo.cont.MemberContTest     : No active profile set, falling back to 1 default profile: "default"
2023-06-09 17:10:09.128  INFO 35102 --- [main] o.s.b.t.m.w.SpringBootMockServletContext : Initializing Spring TestDispatcherServlet ''
2023-06-09 17:10:09.129  INFO 35102 --- [main] o.s.t.web.servlet.TestDispatcherServlet  : Initializing Servlet ''
2023-06-09 17:10:09.133  INFO 35102 --- [main] o.s.t.web.servlet.TestDispatcherServlet  : Completed initialization in 4 ms
2023-06-09 17:10:09.193  INFO 35102 --- [main] com.example.demo.cont.MemberContTest     : Started MemberContTest in 3.693 seconds (JVM running for 5.246)
2023-06-09 17:10:43.999  INFO 35151 --- [main] com.example.demo.cont.MemberContTest     : Starting MemberContTest using Java 11.0.11 on tong7ui-MacBookPro.local with PID 35151 (started by tong7 in /Users/tong7/IdeaProjects/cho/demo1)
2023-06-09 17:10:44.000  INFO 35151 --- [main] com.example.demo.cont.MemberContTest     : No active profile set, falling back to 1 default profile: "default"
2023-06-09 17:10:46.680  INFO 35151 --- [main] o.s.b.t.m.w.SpringBootMockServletContext : Initializing Spring TestDispatcherServlet ''
2023-06-09 17:10:46.681  INFO 35151 --- [main] o.s.t.web.servlet.TestDispatcherServlet  : Initializing Servlet ''
2023-06-09 17:10:46.685  INFO 35151 --- [main] o.s.t.web.servlet.TestDispatcherServlet  : Completed initialization in 4 ms
2023-06-09 17:10:46.739  INFO 35151 --- [main] com.example.demo.cont.MemberContTest     : Started MemberContTest in 3.593 seconds (JVM running for 5.127)
2023-06-09 17:11:31.025  INFO 35205 --- [main] com.example.demo.cont.MemberContTest     : Starting MemberContTest using Java 11.0.11 on tong7ui-MacBookPro.local with PID 35205 (started by tong7 in /Users/tong7/IdeaProjects/cho/demo1)
2023-06-09 17:11:31.027  INFO 35205 --- [main] com.example.demo.cont.MemberContTest     : No active profile set, falling back to 1 default profile: "default"
2023-06-09 17:11:34.645  INFO 35205 --- [main] com.zaxxer.hikari.HikariDataSource       : HikariPool-1 - Starting...
2023-06-09 17:11:34.898  INFO 35205 --- [main] com.zaxxer.hikari.HikariDataSource       : HikariPool-1 - Start completed.
2023-06-09 17:11:35.231  INFO 35205 --- [main] o.s.b.t.m.w.SpringBootMockServletContext : Initializing Spring TestDispatcherServlet ''
2023-06-09 17:11:35.231  INFO 35205 --- [main] o.s.t.web.servlet.TestDispatcherServlet  : Initializing Servlet ''
2023-06-09 17:11:35.232  INFO 35205 --- [main] o.s.t.web.servlet.TestDispatcherServlet  : Completed initialization in 1 ms
2023-06-09 17:11:35.267  INFO 35205 --- [main] com.example.demo.cont.MemberContTest     : Started MemberContTest in 5.004 seconds (JVM running for 6.577)
2023-06-09 17:11:35.454  INFO 35205 --- [SpringApplicationShutdownHook] com.zaxxer.hikari.HikariDataSource       : HikariPool-1 - Shutdown initiated...
2023-06-09 17:11:35.460  INFO 35205 --- [SpringApplicationShutdownHook] com.zaxxer.hikari.HikariDataSource       : HikariPool-1 - Shutdown completed.
2023-06-09 17:12:58.456  INFO 35306 --- [main] com.example.demo.cont.MemberContTest     : Starting MemberContTest using Java 11.0.11 on tong7ui-MacBookPro.local with PID 35306 (started by tong7 in /Users/tong7/IdeaProjects/cho/demo1)
2023-06-09 17:12:58.458  INFO 35306 --- [main] com.example.demo.cont.MemberContTest     : No active profile set, falling back to 1 default profile: "default"
2023-06-09 17:13:02.042  INFO 35306 --- [main] com.zaxxer.hikari.HikariDataSource       : HikariPool-1 - Starting...
2023-06-09 17:13:02.287  INFO 35306 --- [main] com.zaxxer.hikari.HikariDataSource       : HikariPool-1 - Start completed.
2023-06-09 17:13:02.598  INFO 35306 --- [main] o.s.b.t.m.w.SpringBootMockServletContext : Initializing Spring TestDispatcherServlet ''
2023-06-09 17:13:02.599  INFO 35306 --- [main] o.s.t.web.servlet.TestDispatcherServlet  : Initializing Servlet ''
2023-06-09 17:13:02.600  INFO 35306 --- [main] o.s.t.web.servlet.TestDispatcherServlet  : Completed initialization in 1 ms
2023-06-09 17:13:02.647  INFO 35306 --- [main] com.example.demo.cont.MemberContTest     : Started MemberContTest in 5.103 seconds (JVM running for 6.665)
2023-06-09 17:13:02.841  INFO 35306 --- [SpringApplicationShutdownHook] com.zaxxer.hikari.HikariDataSource       : HikariPool-1 - Shutdown initiated...
2023-06-09 17:13:02.851  INFO 35306 --- [SpringApplicationShutdownHook] com.zaxxer.hikari.HikariDataSource       : HikariPool-1 - Shutdown completed.
2023-06-09 17:15:10.753  INFO 35460 --- [main] com.example.demo.cont.MemberContTest     : Starting MemberContTest using Java 11.0.11 on tong7ui-MacBookPro.local with PID 35460 (started by tong7 in /Users/tong7/IdeaProjects/cho/demo1)
2023-06-09 17:15:10.755  INFO 35460 --- [main] com.example.demo.cont.MemberContTest     : No active profile set, falling back to 1 default profile: "default"
2023-06-09 17:15:14.186  INFO 35460 --- [main] com.zaxxer.hikari.HikariDataSource       : HikariPool-1 - Starting...
2023-06-09 17:15:14.377  INFO 35460 --- [main] com.zaxxer.hikari.HikariDataSource       : HikariPool-1 - Start completed.
2023-06-09 17:15:14.661  INFO 35460 --- [main] o.s.b.t.m.w.SpringBootMockServletContext : Initializing Spring TestDispatcherServlet ''
2023-06-09 17:15:14.662  INFO 35460 --- [main] o.s.t.web.servlet.TestDispatcherServlet  : Initializing Servlet ''
2023-06-09 17:15:14.664  INFO 35460 --- [main] o.s.t.web.servlet.TestDispatcherServlet  : Completed initialization in 2 ms
2023-06-09 17:15:14.737  INFO 35460 --- [main] com.example.demo.cont.MemberContTest     : Started MemberContTest in 4.724 seconds (JVM running for 6.283)
2023-06-09 17:15:14.879  INFO 35460 --- [SpringApplicationShutdownHook] com.zaxxer.hikari.HikariDataSource       : HikariPool-1 - Shutdown initiated...
2023-06-09 17:15:14.887  INFO 35460 --- [SpringApplicationShutdownHook] com.zaxxer.hikari.HikariDataSource       : HikariPool-1 - Shutdown completed.
2023-06-09 17:17:45.021  INFO 35633 --- [main] com.example.demo.Demo1Application        : Starting Demo1Application using Java 11.0.11 on tong7ui-MacBookPro.local with PID 35633 (/Users/tong7/IdeaProjects/cho/demo1/out/production/classes started by tong7 in /Users/tong7/IdeaProjects/cho/demo1)
2023-06-09 17:17:45.025  INFO 35633 --- [main] com.example.demo.Demo1Application        : No active profile set, falling back to 1 default profile: "default"
2023-06-09 17:17:46.499  INFO 35633 --- [main] o.s.b.w.embedded.tomcat.TomcatWebServer  : Tomcat initialized with port(s): 8080 (http)
2023-06-09 17:17:46.507  INFO 35633 --- [main] o.apache.catalina.core.StandardService   : Starting service [Tomcat]
2023-06-09 17:17:46.507  INFO 35633 --- [main] org.apache.catalina.core.StandardEngine  : Starting Servlet engine: [Apache Tomcat/9.0.75]
2023-06-09 17:17:46.584  INFO 35633 --- [main] o.a.c.c.C.[Tomcat].[localhost].[/]       : Initializing Spring embedded WebApplicationContext
2023-06-09 17:17:46.584  INFO 35633 --- [main] w.s.c.ServletWebServerApplicationContext : Root WebApplicationContext: initialization completed in 1515 ms
2023-06-09 17:17:47.133  INFO 35633 --- [main] com.zaxxer.hikari.HikariDataSource       : HikariPool-1 - Starting...
2023-06-09 17:17:47.197  INFO 35633 --- [main] com.zaxxer.hikari.HikariDataSource       : HikariPool-1 - Start completed.
2023-06-09 17:17:47.228  WARN 35633 --- [main] ConfigServletWebServerApplicationContext : Exception encountered during context initialization - cancelling refresh attempt: org.springframework.beans.factory.BeanCreationException: Error creating bean with name 'dataSourceScriptDatabaseInitializer' defined in class path resource [org/springframework/boot/autoconfigure/sql/init/DataSourceInitializationConfiguration.class]: Invocation of init method failed; nested exception is java.lang.IllegalStateException: No data scripts found at location 'classpath:db/h2/data.sql'
2023-06-09 17:17:47.230  INFO 35633 --- [main] com.zaxxer.hikari.HikariDataSource       : HikariPool-1 - Shutdown initiated...
2023-06-09 17:17:47.234  INFO 35633 --- [main] com.zaxxer.hikari.HikariDataSource       : HikariPool-1 - Shutdown completed.
2023-06-09 17:17:47.237  INFO 35633 --- [main] o.apache.catalina.core.StandardService   : Stopping service [Tomcat]
2023-06-09 17:17:47.250  INFO 35633 --- [main] ConditionEvaluationReportLoggingListener : 

Error starting ApplicationContext. To display the conditions report re-run your application with 'debug' enabled.
2023-06-09 17:17:47.265 ERROR 35633 --- [main] o.s.boot.SpringApplication               : Application run failed

org.springframework.beans.factory.BeanCreationException: Error creating bean with name 'dataSourceScriptDatabaseInitializer' defined in class path resource [org/springframework/boot/autoconfigure/sql/init/DataSourceInitializationConfiguration.class]: Invocation of init method failed; nested exception is java.lang.IllegalStateException: No data scripts found at location 'classpath:db/h2/data.sql'
	at org.springframework.beans.factory.support.AbstractAutowireCapableBeanFactory.initializeBean(AbstractAutowireCapableBeanFactory.java:1804) ~[spring-beans-5.3.27.jar:5.3.27]
	at org.springframework.beans.factory.support.AbstractAutowireCapableBeanFactory.doCreateBean(AbstractAutowireCapableBeanFactory.java:620) ~[spring-beans-5.3.27.jar:5.3.27]
	at org.springframework.beans.factory.support.AbstractAutowireCapableBeanFactory.createBean(AbstractAutowireCapableBeanFactory.java:542) ~[spring-beans-5.3.27.jar:5.3.27]
	at org.springframework.beans.factory.support.AbstractBeanFactory.lambda$doGetBean$0(AbstractBeanFactory.java:335) ~[spring-beans-5.3.27.jar:5.3.27]
	at org.springframework.beans.factory.support.DefaultSingletonBeanRegistry.getSingleton(DefaultSingletonBeanRegistry.java:234) ~[spring-beans-5.3.27.jar:5.3.27]
	at org.springframework.beans.factory.support.AbstractBeanFactory.doGetBean(AbstractBeanFactory.java:333) ~[spring-beans-5.3.27.jar:5.3.27]
	at org.springframework.beans.factory.support.AbstractBeanFactory.getBean(AbstractBeanFactory.java:208) ~[spring-beans-5.3.27.jar:5.3.27]
	at org.springframework.beans.factory.support.AbstractBeanFactory.doGetBean(AbstractBeanFactory.java:322) ~[spring-beans-5.3.27.jar:5.3.27]
	at org.springframework.beans.factory.support.AbstractBeanFactory.getBean(AbstractBeanFactory.java:208) ~[spring-beans-5.3.27.jar:5.3.27]
	at org.springframework.beans.factory.support.DefaultListableBeanFactory.preInstantiateSingletons(DefaultListableBeanFactory.java:955) ~[spring-beans-5.3.27.jar:5.3.27]
	at org.springframework.context.support.AbstractApplicationContext.finishBeanFactoryInitialization(AbstractApplicationContext.java:920) ~[spring-context-5.3.27.jar:5.3.27]
	at org.springframework.context.support.AbstractApplicationContext.refresh(AbstractApplicationContext.java:583) ~[spring-context-5.3.27.jar:5.3.27]
	at org.springframework.boot.web.servlet.context.ServletWebServerApplicationContext.refresh(ServletWebServerApplicationContext.java:147) ~[spring-boot-2.7.12.jar:2.7.12]
	at org.springframework.boot.SpringApplication.refresh(SpringApplication.java:731) ~[spring-boot-2.7.12.jar:2.7.12]
	at org.springframework.boot.SpringApplication.refreshContext(SpringApplication.java:408) ~[spring-boot-2.7.12.jar:2.7.12]
	at org.springframework.boot.SpringApplication.run(SpringApplication.java:307) ~[spring-boot-2.7.12.jar:2.7.12]
	at org.springframework.boot.SpringApplication.run(SpringApplication.java:1303) ~[spring-boot-2.7.12.jar:2.7.12]
	at org.springframework.boot.SpringApplication.run(SpringApplication.java:1292) ~[spring-boot-2.7.12.jar:2.7.12]
	at com.example.demo.Demo1Application.main(Demo1Application.java:10) ~[classes/:na]
Caused by: java.lang.IllegalStateException: No data scripts found at location 'classpath:db/h2/data.sql'
	at org.springframework.boot.sql.init.AbstractScriptDatabaseInitializer.getScripts(AbstractScriptDatabaseInitializer.java:128) ~[spring-boot-2.7.12.jar:2.7.12]
	at org.springframework.boot.sql.init.AbstractScriptDatabaseInitializer.applyScripts(AbstractScriptDatabaseInitializer.java:105) ~[spring-boot-2.7.12.jar:2.7.12]
	at org.springframework.boot.sql.init.AbstractScriptDatabaseInitializer.applyDataScripts(AbstractScriptDatabaseInitializer.java:101) ~[spring-boot-2.7.12.jar:2.7.12]
	at org.springframework.boot.sql.init.AbstractScriptDatabaseInitializer.initializeDatabase(AbstractScriptDatabaseInitializer.java:76) ~[spring-boot-2.7.12.jar:2.7.12]
	at org.springframework.boot.sql.init.AbstractScriptDatabaseInitializer.afterPropertiesSet(AbstractScriptDatabaseInitializer.java:65) ~[spring-boot-2.7.12.jar:2.7.12]
	at org.springframework.beans.factory.support.AbstractAutowireCapableBeanFactory.invokeInitMethods(AbstractAutowireCapableBeanFactory.java:1863) ~[spring-beans-5.3.27.jar:5.3.27]
	at org.springframework.beans.factory.support.AbstractAutowireCapableBeanFactory.initializeBean(AbstractAutowireCapableBeanFactory.java:1800) ~[spring-beans-5.3.27.jar:5.3.27]
	... 18 common frames omitted

2023-06-09 17:20:04.183  INFO 35792 --- [main] com.example.demo.Demo1Application        : Starting Demo1Application using Java 11.0.11 on tong7ui-MacBookPro.local with PID 35792 (/Users/tong7/IdeaProjects/cho/demo1/out/production/classes started by tong7 in /Users/tong7/IdeaProjects/cho/demo1)
2023-06-09 17:20:04.188  INFO 35792 --- [main] com.example.demo.Demo1Application        : No active profile set, falling back to 1 default profile: "default"
2023-06-09 17:20:05.254  INFO 35792 --- [main] o.s.b.w.embedded.tomcat.TomcatWebServer  : Tomcat initialized with port(s): 8080 (http)
2023-06-09 17:20:05.260  INFO 35792 --- [main] o.apache.catalina.core.StandardService   : Starting service [Tomcat]
2023-06-09 17:20:05.260  INFO 35792 --- [main] org.apache.catalina.core.StandardEngine  : Starting Servlet engine: [Apache Tomcat/9.0.75]
2023-06-09 17:20:05.342  INFO 35792 --- [main] o.a.c.c.C.[Tomcat].[localhost].[/]       : Initializing Spring embedded WebApplicationContext
2023-06-09 17:20:05.342  INFO 35792 --- [main] w.s.c.ServletWebServerApplicationContext : Root WebApplicationContext: initialization completed in 1104 ms
2023-06-09 17:20:05.911  WARN 35792 --- [main] ConfigServletWebServerApplicationContext : Exception encountered during context initialization - cancelling refresh attempt: org.springframework.beans.factory.BeanCreationException: Error creating bean with name 'dataSourceScriptDatabaseInitializer' defined in class path resource [org/springframework/boot/autoconfigure/sql/init/DataSourceInitializationConfiguration.class]: Invocation of init method failed; nested exception is java.lang.IllegalStateException: No schema scripts found at location 'schema.sql'
2023-06-09 17:20:05.915  INFO 35792 --- [main] o.apache.catalina.core.StandardService   : Stopping service [Tomcat]
2023-06-09 17:20:05.933  INFO 35792 --- [main] ConditionEvaluationReportLoggingListener : 

Error starting ApplicationContext. To display the conditions report re-run your application with 'debug' enabled.
2023-06-09 17:20:05.948 ERROR 35792 --- [main] o.s.boot.SpringApplication               : Application run failed

org.springframework.beans.factory.BeanCreationException: Error creating bean with name 'dataSourceScriptDatabaseInitializer' defined in class path resource [org/springframework/boot/autoconfigure/sql/init/DataSourceInitializationConfiguration.class]: Invocation of init method failed; nested exception is java.lang.IllegalStateException: No schema scripts found at location 'schema.sql'
	at org.springframework.beans.factory.support.AbstractAutowireCapableBeanFactory.initializeBean(AbstractAutowireCapableBeanFactory.java:1804) ~[spring-beans-5.3.27.jar:5.3.27]
	at org.springframework.beans.factory.support.AbstractAutowireCapableBeanFactory.doCreateBean(AbstractAutowireCapableBeanFactory.java:620) ~[spring-beans-5.3.27.jar:5.3.27]
	at org.springframework.beans.factory.support.AbstractAutowireCapableBeanFactory.createBean(AbstractAutowireCapableBeanFactory.java:542) ~[spring-beans-5.3.27.jar:5.3.27]
	at org.springframework.beans.factory.support.AbstractBeanFactory.lambda$doGetBean$0(AbstractBeanFactory.java:335) ~[spring-beans-5.3.27.jar:5.3.27]
	at org.springframework.beans.factory.support.DefaultSingletonBeanRegistry.getSingleton(DefaultSingletonBeanRegistry.java:234) ~[spring-beans-5.3.27.jar:5.3.27]
	at org.springframework.beans.factory.support.AbstractBeanFactory.doGetBean(AbstractBeanFactory.java:333) ~[spring-beans-5.3.27.jar:5.3.27]
	at org.springframework.beans.factory.support.AbstractBeanFactory.getBean(AbstractBeanFactory.java:208) ~[spring-beans-5.3.27.jar:5.3.27]
	at org.springframework.beans.factory.support.AbstractBeanFactory.doGetBean(AbstractBeanFactory.java:322) ~[spring-beans-5.3.27.jar:5.3.27]
	at org.springframework.beans.factory.support.AbstractBeanFactory.getBean(AbstractBeanFactory.java:208) ~[spring-beans-5.3.27.jar:5.3.27]
	at org.springframework.beans.factory.support.DefaultListableBeanFactory.preInstantiateSingletons(DefaultListableBeanFactory.java:955) ~[spring-beans-5.3.27.jar:5.3.27]
	at org.springframework.context.support.AbstractApplicationContext.finishBeanFactoryInitialization(AbstractApplicationContext.java:920) ~[spring-context-5.3.27.jar:5.3.27]
	at org.springframework.context.support.AbstractApplicationContext.refresh(AbstractApplicationContext.java:583) ~[spring-context-5.3.27.jar:5.3.27]
	at org.springframework.boot.web.servlet.context.ServletWebServerApplicationContext.refresh(ServletWebServerApplicationContext.java:147) ~[spring-boot-2.7.12.jar:2.7.12]
	at org.springframework.boot.SpringApplication.refresh(SpringApplication.java:731) ~[spring-boot-2.7.12.jar:2.7.12]
	at org.springframework.boot.SpringApplication.refreshContext(SpringApplication.java:408) ~[spring-boot-2.7.12.jar:2.7.12]
	at org.springframework.boot.SpringApplication.run(SpringApplication.java:307) ~[spring-boot-2.7.12.jar:2.7.12]
	at org.springframework.boot.SpringApplication.run(SpringApplication.java:1303) ~[spring-boot-2.7.12.jar:2.7.12]
	at org.springframework.boot.SpringApplication.run(SpringApplication.java:1292) ~[spring-boot-2.7.12.jar:2.7.12]
	at com.example.demo.Demo1Application.main(Demo1Application.java:10) ~[classes/:na]
Caused by: java.lang.IllegalStateException: No schema scripts found at location 'schema.sql'
	at org.springframework.boot.sql.init.AbstractScriptDatabaseInitializer.getScripts(AbstractScriptDatabaseInitializer.java:128) ~[spring-boot-2.7.12.jar:2.7.12]
	at org.springframework.boot.sql.init.AbstractScriptDatabaseInitializer.applyScripts(AbstractScriptDatabaseInitializer.java:105) ~[spring-boot-2.7.12.jar:2.7.12]
	at org.springframework.boot.sql.init.AbstractScriptDatabaseInitializer.applySchemaScripts(AbstractScriptDatabaseInitializer.java:97) ~[spring-boot-2.7.12.jar:2.7.12]
	at org.springframework.boot.sql.init.AbstractScriptDatabaseInitializer.initializeDatabase(AbstractScriptDatabaseInitializer.java:75) ~[spring-boot-2.7.12.jar:2.7.12]
	at org.springframework.boot.sql.init.AbstractScriptDatabaseInitializer.afterPropertiesSet(AbstractScriptDatabaseInitializer.java:65) ~[spring-boot-2.7.12.jar:2.7.12]
	at org.springframework.beans.factory.support.AbstractAutowireCapableBeanFactory.invokeInitMethods(AbstractAutowireCapableBeanFactory.java:1863) ~[spring-beans-5.3.27.jar:5.3.27]
	at org.springframework.beans.factory.support.AbstractAutowireCapableBeanFactory.initializeBean(AbstractAutowireCapableBeanFactory.java:1800) ~[spring-beans-5.3.27.jar:5.3.27]
	... 18 common frames omitted

2023-06-09 17:20:50.440  INFO 35848 --- [main] com.example.demo.Demo1Application        : Starting Demo1Application using Java 11.0.11 on tong7ui-MacBookPro.local with PID 35848 (/Users/tong7/IdeaProjects/cho/demo1/out/production/classes started by tong7 in /Users/tong7/IdeaProjects/cho/demo1)
2023-06-09 17:20:50.458  INFO 35848 --- [main] com.example.demo.Demo1Application        : No active profile set, falling back to 1 default profile: "default"
2023-06-09 17:20:51.544  INFO 35848 --- [main] o.s.b.w.embedded.tomcat.TomcatWebServer  : Tomcat initialized with port(s): 8080 (http)
2023-06-09 17:20:51.550  INFO 35848 --- [main] o.apache.catalina.core.StandardService   : Starting service [Tomcat]
2023-06-09 17:20:51.550  INFO 35848 --- [main] org.apache.catalina.core.StandardEngine  : Starting Servlet engine: [Apache Tomcat/9.0.75]
2023-06-09 17:20:51.634  INFO 35848 --- [main] o.a.c.c.C.[Tomcat].[localhost].[/]       : Initializing Spring embedded WebApplicationContext
2023-06-09 17:20:51.634  INFO 35848 --- [main] w.s.c.ServletWebServerApplicationContext : Root WebApplicationContext: initialization completed in 1104 ms
2023-06-09 17:20:52.183  INFO 35848 --- [main] com.zaxxer.hikari.HikariDataSource       : HikariPool-1 - Starting...
2023-06-09 17:20:52.247  INFO 35848 --- [main] com.zaxxer.hikari.HikariDataSource       : HikariPool-1 - Start completed.
2023-06-09 17:20:52.278  WARN 35848 --- [main] ConfigServletWebServerApplicationContext : Exception encountered during context initialization - cancelling refresh attempt: org.springframework.beans.factory.BeanCreationException: Error creating bean with name 'dataSourceScriptDatabaseInitializer' defined in class path resource [org/springframework/boot/autoconfigure/sql/init/DataSourceInitializationConfiguration.class]: Invocation of init method failed; nested exception is java.lang.IllegalStateException: No data scripts found at location 'data.sql'
2023-06-09 17:20:52.279  INFO 35848 --- [main] com.zaxxer.hikari.HikariDataSource       : HikariPool-1 - Shutdown initiated...
2023-06-09 17:20:52.283  INFO 35848 --- [main] com.zaxxer.hikari.HikariDataSource       : HikariPool-1 - Shutdown completed.
2023-06-09 17:20:52.286  INFO 35848 --- [main] o.apache.catalina.core.StandardService   : Stopping service [Tomcat]
2023-06-09 17:20:52.297  INFO 35848 --- [main] ConditionEvaluationReportLoggingListener : 

Error starting ApplicationContext. To display the conditions report re-run your application with 'debug' enabled.
2023-06-09 17:20:52.312 ERROR 35848 --- [main] o.s.boot.SpringApplication               : Application run failed

org.springframework.beans.factory.BeanCreationException: Error creating bean with name 'dataSourceScriptDatabaseInitializer' defined in class path resource [org/springframework/boot/autoconfigure/sql/init/DataSourceInitializationConfiguration.class]: Invocation of init method failed; nested exception is java.lang.IllegalStateException: No data scripts found at location 'data.sql'
	at org.springframework.beans.factory.support.AbstractAutowireCapableBeanFactory.initializeBean(AbstractAutowireCapableBeanFactory.java:1804) ~[spring-beans-5.3.27.jar:5.3.27]
	at org.springframework.beans.factory.support.AbstractAutowireCapableBeanFactory.doCreateBean(AbstractAutowireCapableBeanFactory.java:620) ~[spring-beans-5.3.27.jar:5.3.27]
	at org.springframework.beans.factory.support.AbstractAutowireCapableBeanFactory.createBean(AbstractAutowireCapableBeanFactory.java:542) ~[spring-beans-5.3.27.jar:5.3.27]
	at org.springframework.beans.factory.support.AbstractBeanFactory.lambda$doGetBean$0(AbstractBeanFactory.java:335) ~[spring-beans-5.3.27.jar:5.3.27]
	at org.springframework.beans.factory.support.DefaultSingletonBeanRegistry.getSingleton(DefaultSingletonBeanRegistry.java:234) ~[spring-beans-5.3.27.jar:5.3.27]
	at org.springframework.beans.factory.support.AbstractBeanFactory.doGetBean(AbstractBeanFactory.java:333) ~[spring-beans-5.3.27.jar:5.3.27]
	at org.springframework.beans.factory.support.AbstractBeanFactory.getBean(AbstractBeanFactory.java:208) ~[spring-beans-5.3.27.jar:5.3.27]
	at org.springframework.beans.factory.support.AbstractBeanFactory.doGetBean(AbstractBeanFactory.java:322) ~[spring-beans-5.3.27.jar:5.3.27]
	at org.springframework.beans.factory.support.AbstractBeanFactory.getBean(AbstractBeanFactory.java:208) ~[spring-beans-5.3.27.jar:5.3.27]
	at org.springframework.beans.factory.support.DefaultListableBeanFactory.preInstantiateSingletons(DefaultListableBeanFactory.java:955) ~[spring-beans-5.3.27.jar:5.3.27]
	at org.springframework.context.support.AbstractApplicationContext.finishBeanFactoryInitialization(AbstractApplicationContext.java:920) ~[spring-context-5.3.27.jar:5.3.27]
	at org.springframework.context.support.AbstractApplicationContext.refresh(AbstractApplicationContext.java:583) ~[spring-context-5.3.27.jar:5.3.27]
	at org.springframework.boot.web.servlet.context.ServletWebServerApplicationContext.refresh(ServletWebServerApplicationContext.java:147) ~[spring-boot-2.7.12.jar:2.7.12]
	at org.springframework.boot.SpringApplication.refresh(SpringApplication.java:731) ~[spring-boot-2.7.12.jar:2.7.12]
	at org.springframework.boot.SpringApplication.refreshContext(SpringApplication.java:408) ~[spring-boot-2.7.12.jar:2.7.12]
	at org.springframework.boot.SpringApplication.run(SpringApplication.java:307) ~[spring-boot-2.7.12.jar:2.7.12]
	at org.springframework.boot.SpringApplication.run(SpringApplication.java:1303) ~[spring-boot-2.7.12.jar:2.7.12]
	at org.springframework.boot.SpringApplication.run(SpringApplication.java:1292) ~[spring-boot-2.7.12.jar:2.7.12]
	at com.example.demo.Demo1Application.main(Demo1Application.java:10) ~[classes/:na]
Caused by: java.lang.IllegalStateException: No data scripts found at location 'data.sql'
	at org.springframework.boot.sql.init.AbstractScriptDatabaseInitializer.getScripts(AbstractScriptDatabaseInitializer.java:128) ~[spring-boot-2.7.12.jar:2.7.12]
	at org.springframework.boot.sql.init.AbstractScriptDatabaseInitializer.applyScripts(AbstractScriptDatabaseInitializer.java:105) ~[spring-boot-2.7.12.jar:2.7.12]
	at org.springframework.boot.sql.init.AbstractScriptDatabaseInitializer.applyDataScripts(AbstractScriptDatabaseInitializer.java:101) ~[spring-boot-2.7.12.jar:2.7.12]
	at org.springframework.boot.sql.init.AbstractScriptDatabaseInitializer.initializeDatabase(AbstractScriptDatabaseInitializer.java:76) ~[spring-boot-2.7.12.jar:2.7.12]
	at org.springframework.boot.sql.init.AbstractScriptDatabaseInitializer.afterPropertiesSet(AbstractScriptDatabaseInitializer.java:65) ~[spring-boot-2.7.12.jar:2.7.12]
	at org.springframework.beans.factory.support.AbstractAutowireCapableBeanFactory.invokeInitMethods(AbstractAutowireCapableBeanFactory.java:1863) ~[spring-beans-5.3.27.jar:5.3.27]
	at org.springframework.beans.factory.support.AbstractAutowireCapableBeanFactory.initializeBean(AbstractAutowireCapableBeanFactory.java:1800) ~[spring-beans-5.3.27.jar:5.3.27]
	... 18 common frames omitted

2023-06-09 17:22:09.976  INFO 35933 --- [main] com.example.demo.Demo1Application        : Starting Demo1Application using Java 11.0.11 on tong7ui-MacBookPro.local with PID 35933 (/Users/tong7/IdeaProjects/cho/demo1/out/production/classes started by tong7 in /Users/tong7/IdeaProjects/cho/demo1)
2023-06-09 17:22:09.980  INFO 35933 --- [main] com.example.demo.Demo1Application        : No active profile set, falling back to 1 default profile: "default"
2023-06-09 17:22:11.018  INFO 35933 --- [main] o.s.b.w.embedded.tomcat.TomcatWebServer  : Tomcat initialized with port(s): 8080 (http)
2023-06-09 17:22:11.023  INFO 35933 --- [main] o.apache.catalina.core.StandardService   : Starting service [Tomcat]
2023-06-09 17:22:11.024  INFO 35933 --- [main] org.apache.catalina.core.StandardEngine  : Starting Servlet engine: [Apache Tomcat/9.0.75]
2023-06-09 17:22:11.098  INFO 35933 --- [main] o.a.c.c.C.[Tomcat].[localhost].[/]       : Initializing Spring embedded WebApplicationContext
2023-06-09 17:22:11.098  INFO 35933 --- [main] w.s.c.ServletWebServerApplicationContext : Root WebApplicationContext: initialization completed in 1067 ms
2023-06-09 17:22:11.653  INFO 35933 --- [main] com.zaxxer.hikari.HikariDataSource       : HikariPool-1 - Starting...
2023-06-09 17:22:11.718  INFO 35933 --- [main] com.zaxxer.hikari.HikariDataSource       : HikariPool-1 - Start completed.
2023-06-09 17:22:11.810  INFO 35933 --- [main] o.s.b.w.embedded.tomcat.TomcatWebServer  : Tomcat started on port(s): 8080 (http) with context path ''
2023-06-09 17:22:11.823  INFO 35933 --- [main] com.example.demo.Demo1Application        : Started Demo1Application in 2.453 seconds (JVM running for 3.27)
2023-06-09 17:22:17.166  INFO 35933 --- [http-nio-8080-exec-2] o.a.c.c.C.[Tomcat].[localhost].[/]       : Initializing Spring DispatcherServlet 'dispatcherServlet'
2023-06-09 17:22:17.167  INFO 35933 --- [http-nio-8080-exec-2] o.s.web.servlet.DispatcherServlet        : Initializing Servlet 'dispatcherServlet'
2023-06-09 17:22:17.168  INFO 35933 --- [http-nio-8080-exec-2] o.s.web.servlet.DispatcherServlet        : Completed initialization in 1 ms
2023-06-09 17:29:55.441  INFO 35933 --- [SpringApplicationShutdownHook] com.zaxxer.hikari.HikariDataSource       : HikariPool-1 - Shutdown initiated...
2023-06-09 17:29:55.448  INFO 35933 --- [SpringApplicationShutdownHook] com.zaxxer.hikari.HikariDataSource       : HikariPool-1 - Shutdown completed.
2023-06-09 17:30:21.595  INFO 36495 --- [main] com.example.demo.Demo1Application        : Starting Demo1Application using Java 11.0.11 on tong7ui-MacBookPro.local with PID 36495 (/Users/tong7/IdeaProjects/cho/demo1/out/production/classes started by tong7 in /Users/tong7/IdeaProjects/cho/demo1)
2023-06-09 17:30:21.599  INFO 36495 --- [main] com.example.demo.Demo1Application        : No active profile set, falling back to 1 default profile: "default"
2023-06-09 17:30:22.648  INFO 36495 --- [main] o.s.b.w.embedded.tomcat.TomcatWebServer  : Tomcat initialized with port(s): 8080 (http)
2023-06-09 17:30:22.654  INFO 36495 --- [main] o.apache.catalina.core.StandardService   : Starting service [Tomcat]
2023-06-09 17:30:22.654  INFO 36495 --- [main] org.apache.catalina.core.StandardEngine  : Starting Servlet engine: [Apache Tomcat/9.0.75]
2023-06-09 17:30:22.737  INFO 36495 --- [main] o.a.c.c.C.[Tomcat].[localhost].[/]       : Initializing Spring embedded WebApplicationContext
2023-06-09 17:30:22.737  INFO 36495 --- [main] w.s.c.ServletWebServerApplicationContext : Root WebApplicationContext: initialization completed in 1085 ms
2023-06-09 17:30:23.284  INFO 36495 --- [main] com.zaxxer.hikari.HikariDataSource       : HikariPool-1 - Starting...
2023-06-09 17:30:23.348  INFO 36495 --- [main] com.zaxxer.hikari.HikariDataSource       : HikariPool-1 - Start completed.
2023-06-09 17:30:23.441  INFO 36495 --- [main] o.s.b.w.embedded.tomcat.TomcatWebServer  : Tomcat started on port(s): 8080 (http) with context path ''
2023-06-09 17:30:23.458  INFO 36495 --- [main] com.example.demo.Demo1Application        : Started Demo1Application in 2.473 seconds (JVM running for 3.303)
2023-06-09 17:30:28.310  INFO 36495 --- [http-nio-8080-exec-1] o.a.c.c.C.[Tomcat].[localhost].[/]       : Initializing Spring DispatcherServlet 'dispatcherServlet'
2023-06-09 17:30:28.311  INFO 36495 --- [http-nio-8080-exec-1] o.s.web.servlet.DispatcherServlet        : Initializing Servlet 'dispatcherServlet'
2023-06-09 17:30:28.312  INFO 36495 --- [http-nio-8080-exec-1] o.s.web.servlet.DispatcherServlet        : Completed initialization in 1 ms
2023-06-09 17:30:54.100  INFO 36495 --- [SpringApplicationShutdownHook] com.zaxxer.hikari.HikariDataSource       : HikariPool-1 - Shutdown initiated...
2023-06-09 17:30:54.105  INFO 36495 --- [SpringApplicationShutdownHook] com.zaxxer.hikari.HikariDataSource       : HikariPool-1 - Shutdown completed.
2023-06-09 17:30:59.531  INFO 36540 --- [main] com.example.demo.Demo1Application        : Starting Demo1Application using Java 11.0.11 on tong7ui-MacBookPro.local with PID 36540 (/Users/tong7/IdeaProjects/cho/demo1/out/production/classes started by tong7 in /Users/tong7/IdeaProjects/cho/demo1)
2023-06-09 17:30:59.536  INFO 36540 --- [main] com.example.demo.Demo1Application        : No active profile set, falling back to 1 default profile: "default"
2023-06-09 17:31:00.621  INFO 36540 --- [main] o.s.b.w.embedded.tomcat.TomcatWebServer  : Tomcat initialized with port(s): 8080 (http)
2023-06-09 17:31:00.626  INFO 36540 --- [main] o.apache.catalina.core.StandardService   : Starting service [Tomcat]
2023-06-09 17:31:00.627  INFO 36540 --- [main] org.apache.catalina.core.StandardEngine  : Starting Servlet engine: [Apache Tomcat/9.0.75]
2023-06-09 17:31:00.715  INFO 36540 --- [main] o.a.c.c.C.[Tomcat].[localhost].[/]       : Initializing Spring embedded WebApplicationContext
2023-06-09 17:31:00.715  INFO 36540 --- [main] w.s.c.ServletWebServerApplicationContext : Root WebApplicationContext: initialization completed in 1097 ms
2023-06-09 17:31:01.281  INFO 36540 --- [main] com.zaxxer.hikari.HikariDataSource       : HikariPool-1 - Starting...
2023-06-09 17:31:01.352  INFO 36540 --- [main] com.zaxxer.hikari.HikariDataSource       : HikariPool-1 - Start completed.
2023-06-09 17:31:01.448  INFO 36540 --- [main] o.s.b.w.embedded.tomcat.TomcatWebServer  : Tomcat started on port(s): 8080 (http) with context path ''
2023-06-09 17:31:01.470  INFO 36540 --- [main] com.example.demo.Demo1Application        : Started Demo1Application in 2.54 seconds (JVM running for 3.201)
2023-06-09 17:31:12.191  INFO 36540 --- [http-nio-8080-exec-1] o.a.c.c.C.[Tomcat].[localhost].[/]       : Initializing Spring DispatcherServlet 'dispatcherServlet'
2023-06-09 17:31:12.193  INFO 36540 --- [http-nio-8080-exec-1] o.s.web.servlet.DispatcherServlet        : Initializing Servlet 'dispatcherServlet'
2023-06-09 17:31:12.194  INFO 36540 --- [http-nio-8080-exec-1] o.s.web.servlet.DispatcherServlet        : Completed initialization in 1 ms
2023-06-09 17:37:52.687  INFO 36540 --- [SpringApplicationShutdownHook] com.zaxxer.hikari.HikariDataSource       : HikariPool-1 - Shutdown initiated...
2023-06-09 17:37:52.695  INFO 36540 --- [SpringApplicationShutdownHook] com.zaxxer.hikari.HikariDataSource       : HikariPool-1 - Shutdown completed.
2023-06-09 17:37:56.492  INFO 37507 --- [main] com.example.demo.Demo1Application        : Starting Demo1Application using Java 11.0.11 on tong7ui-MacBookPro.local with PID 37507 (/Users/tong7/IdeaProjects/cho/demo1/out/production/classes started by tong7 in /Users/tong7/IdeaProjects/cho/demo1)
2023-06-09 17:37:56.505  INFO 37507 --- [main] com.example.demo.Demo1Application        : No active profile set, falling back to 1 default profile: "default"
2023-06-09 17:37:57.621  INFO 37507 --- [main] o.s.b.w.embedded.tomcat.TomcatWebServer  : Tomcat initialized with port(s): 8080 (http)
2023-06-09 17:37:57.628  INFO 37507 --- [main] o.apache.catalina.core.StandardService   : Starting service [Tomcat]
2023-06-09 17:37:57.629  INFO 37507 --- [main] org.apache.catalina.core.StandardEngine  : Starting Servlet engine: [Apache Tomcat/9.0.75]
2023-06-09 17:37:57.721  INFO 37507 --- [main] o.a.c.c.C.[Tomcat].[localhost].[/]       : Initializing Spring embedded WebApplicationContext
2023-06-09 17:37:57.722  INFO 37507 --- [main] w.s.c.ServletWebServerApplicationContext : Root WebApplicationContext: initialization completed in 1148 ms
2023-06-09 17:37:58.293  WARN 37507 --- [main] ConfigServletWebServerApplicationContext : Exception encountered during context initialization - cancelling refresh attempt: org.springframework.beans.factory.BeanCreationException: Error creating bean with name 'dataSourceScriptDatabaseInitializer' defined in class path resource [org/springframework/boot/autoconfigure/sql/init/DataSourceInitializationConfiguration.class]: Invocation of init method failed; nested exception is java.lang.IllegalStateException: No schema scripts found at location 'schema.sql'
2023-06-09 17:37:58.296  INFO 37507 --- [main] o.apache.catalina.core.StandardService   : Stopping service [Tomcat]
2023-06-09 17:37:58.314  INFO 37507 --- [main] ConditionEvaluationReportLoggingListener : 

Error starting ApplicationContext. To display the conditions report re-run your application with 'debug' enabled.
2023-06-09 17:37:58.332 ERROR 37507 --- [main] o.s.boot.SpringApplication               : Application run failed

org.springframework.beans.factory.BeanCreationException: Error creating bean with name 'dataSourceScriptDatabaseInitializer' defined in class path resource [org/springframework/boot/autoconfigure/sql/init/DataSourceInitializationConfiguration.class]: Invocation of init method failed; nested exception is java.lang.IllegalStateException: No schema scripts found at location 'schema.sql'
	at org.springframework.beans.factory.support.AbstractAutowireCapableBeanFactory.initializeBean(AbstractAutowireCapableBeanFactory.java:1804) ~[spring-beans-5.3.27.jar:5.3.27]
	at org.springframework.beans.factory.support.AbstractAutowireCapableBeanFactory.doCreateBean(AbstractAutowireCapableBeanFactory.java:620) ~[spring-beans-5.3.27.jar:5.3.27]
	at org.springframework.beans.factory.support.AbstractAutowireCapableBeanFactory.createBean(AbstractAutowireCapableBeanFactory.java:542) ~[spring-beans-5.3.27.jar:5.3.27]
	at org.springframework.beans.factory.support.AbstractBeanFactory.lambda$doGetBean$0(AbstractBeanFactory.java:335) ~[spring-beans-5.3.27.jar:5.3.27]
	at org.springframework.beans.factory.support.DefaultSingletonBeanRegistry.getSingleton(DefaultSingletonBeanRegistry.java:234) ~[spring-beans-5.3.27.jar:5.3.27]
	at org.springframework.beans.factory.support.AbstractBeanFactory.doGetBean(AbstractBeanFactory.java:333) ~[spring-beans-5.3.27.jar:5.3.27]
	at org.springframework.beans.factory.support.AbstractBeanFactory.getBean(AbstractBeanFactory.java:208) ~[spring-beans-5.3.27.jar:5.3.27]
	at org.springframework.beans.factory.support.AbstractBeanFactory.doGetBean(AbstractBeanFactory.java:322) ~[spring-beans-5.3.27.jar:5.3.27]
	at org.springframework.beans.factory.support.AbstractBeanFactory.getBean(AbstractBeanFactory.java:208) ~[spring-beans-5.3.27.jar:5.3.27]
	at org.springframework.beans.factory.support.DefaultListableBeanFactory.preInstantiateSingletons(DefaultListableBeanFactory.java:955) ~[spring-beans-5.3.27.jar:5.3.27]
	at org.springframework.context.support.AbstractApplicationContext.finishBeanFactoryInitialization(AbstractApplicationContext.java:920) ~[spring-context-5.3.27.jar:5.3.27]
	at org.springframework.context.support.AbstractApplicationContext.refresh(AbstractApplicationContext.java:583) ~[spring-context-5.3.27.jar:5.3.27]
	at org.springframework.boot.web.servlet.context.ServletWebServerApplicationContext.refresh(ServletWebServerApplicationContext.java:147) ~[spring-boot-2.7.12.jar:2.7.12]
	at org.springframework.boot.SpringApplication.refresh(SpringApplication.java:731) ~[spring-boot-2.7.12.jar:2.7.12]
	at org.springframework.boot.SpringApplication.refreshContext(SpringApplication.java:408) ~[spring-boot-2.7.12.jar:2.7.12]
	at org.springframework.boot.SpringApplication.run(SpringApplication.java:307) ~[spring-boot-2.7.12.jar:2.7.12]
	at org.springframework.boot.SpringApplication.run(SpringApplication.java:1303) ~[spring-boot-2.7.12.jar:2.7.12]
	at org.springframework.boot.SpringApplication.run(SpringApplication.java:1292) ~[spring-boot-2.7.12.jar:2.7.12]
	at com.example.demo.Demo1Application.main(Demo1Application.java:10) ~[classes/:na]
Caused by: java.lang.IllegalStateException: No schema scripts found at location 'schema.sql'
	at org.springframework.boot.sql.init.AbstractScriptDatabaseInitializer.getScripts(AbstractScriptDatabaseInitializer.java:128) ~[spring-boot-2.7.12.jar:2.7.12]
	at org.springframework.boot.sql.init.AbstractScriptDatabaseInitializer.applyScripts(AbstractScriptDatabaseInitializer.java:105) ~[spring-boot-2.7.12.jar:2.7.12]
	at org.springframework.boot.sql.init.AbstractScriptDatabaseInitializer.applySchemaScripts(AbstractScriptDatabaseInitializer.java:97) ~[spring-boot-2.7.12.jar:2.7.12]
	at org.springframework.boot.sql.init.AbstractScriptDatabaseInitializer.initializeDatabase(AbstractScriptDatabaseInitializer.java:75) ~[spring-boot-2.7.12.jar:2.7.12]
	at org.springframework.boot.sql.init.AbstractScriptDatabaseInitializer.afterPropertiesSet(AbstractScriptDatabaseInitializer.java:65) ~[spring-boot-2.7.12.jar:2.7.12]
	at org.springframework.beans.factory.support.AbstractAutowireCapableBeanFactory.invokeInitMethods(AbstractAutowireCapableBeanFactory.java:1863) ~[spring-beans-5.3.27.jar:5.3.27]
	at org.springframework.beans.factory.support.AbstractAutowireCapableBeanFactory.initializeBean(AbstractAutowireCapableBeanFactory.java:1800) ~[spring-beans-5.3.27.jar:5.3.27]
	... 18 common frames omitted

2023-06-09 17:38:09.952  INFO 37526 --- [main] com.example.demo.Demo1Application        : Starting Demo1Application using Java 11.0.11 on tong7ui-MacBookPro.local with PID 37526 (/Users/tong7/IdeaProjects/cho/demo1/out/production/classes started by tong7 in /Users/tong7/IdeaProjects/cho/demo1)
2023-06-09 17:38:09.958  INFO 37526 --- [main] com.example.demo.Demo1Application        : No active profile set, falling back to 1 default profile: "default"
2023-06-09 17:38:11.021  INFO 37526 --- [main] o.s.b.w.embedded.tomcat.TomcatWebServer  : Tomcat initialized with port(s): 8080 (http)
2023-06-09 17:38:11.026  INFO 37526 --- [main] o.apache.catalina.core.StandardService   : Starting service [Tomcat]
2023-06-09 17:38:11.027  INFO 37526 --- [main] org.apache.catalina.core.StandardEngine  : Starting Servlet engine: [Apache Tomcat/9.0.75]
2023-06-09 17:38:11.117  INFO 37526 --- [main] o.a.c.c.C.[Tomcat].[localhost].[/]       : Initializing Spring embedded WebApplicationContext
2023-06-09 17:38:11.117  INFO 37526 --- [main] w.s.c.ServletWebServerApplicationContext : Root WebApplicationContext: initialization completed in 1087 ms
2023-06-09 17:38:11.674  INFO 37526 --- [main] com.zaxxer.hikari.HikariDataSource       : HikariPool-1 - Starting...
2023-06-09 17:38:11.745  INFO 37526 --- [main] com.zaxxer.hikari.HikariDataSource       : HikariPool-1 - Start completed.
2023-06-09 17:38:11.838  INFO 37526 --- [main] o.s.b.w.embedded.tomcat.TomcatWebServer  : Tomcat started on port(s): 8080 (http) with context path ''
2023-06-09 17:38:11.853  INFO 37526 --- [main] com.example.demo.Demo1Application        : Started Demo1Application in 2.493 seconds (JVM running for 3.139)
2023-06-09 17:38:19.572  INFO 37526 --- [SpringApplicationShutdownHook] com.zaxxer.hikari.HikariDataSource       : HikariPool-1 - Shutdown initiated...
2023-06-09 17:38:19.579  INFO 37526 --- [SpringApplicationShutdownHook] com.zaxxer.hikari.HikariDataSource       : HikariPool-1 - Shutdown completed.
2023-06-09 17:38:23.347  INFO 37546 --- [main] com.example.demo.Demo1Application        : Starting Demo1Application using Java 11.0.11 on tong7ui-MacBookPro.local with PID 37546 (/Users/tong7/IdeaProjects/cho/demo1/out/production/classes started by tong7 in /Users/tong7/IdeaProjects/cho/demo1)
2023-06-09 17:38:23.357  INFO 37546 --- [main] com.example.demo.Demo1Application        : No active profile set, falling back to 1 default profile: "default"
2023-06-09 17:38:24.408  INFO 37546 --- [main] o.s.b.w.embedded.tomcat.TomcatWebServer  : Tomcat initialized with port(s): 8080 (http)
2023-06-09 17:38:24.413  INFO 37546 --- [main] o.apache.catalina.core.StandardService   : Starting service [Tomcat]
2023-06-09 17:38:24.414  INFO 37546 --- [main] org.apache.catalina.core.StandardEngine  : Starting Servlet engine: [Apache Tomcat/9.0.75]
2023-06-09 17:38:24.507  INFO 37546 --- [main] o.a.c.c.C.[Tomcat].[localhost].[/]       : Initializing Spring embedded WebApplicationContext
2023-06-09 17:38:24.507  INFO 37546 --- [main] w.s.c.ServletWebServerApplicationContext : Root WebApplicationContext: initialization completed in 1084 ms
2023-06-09 17:38:25.063  INFO 37546 --- [main] com.zaxxer.hikari.HikariDataSource       : HikariPool-1 - Starting...
2023-06-09 17:38:25.129  INFO 37546 --- [main] com.zaxxer.hikari.HikariDataSource       : HikariPool-1 - Start completed.
2023-06-09 17:38:25.220  INFO 37546 --- [main] o.s.b.w.embedded.tomcat.TomcatWebServer  : Tomcat started on port(s): 8080 (http) with context path ''
2023-06-09 17:38:25.235  INFO 37546 --- [main] com.example.demo.Demo1Application        : Started Demo1Application in 2.497 seconds (JVM running for 3.143)
2023-06-09 17:38:31.990  INFO 37546 --- [http-nio-8080-exec-2] o.a.c.c.C.[Tomcat].[localhost].[/]       : Initializing Spring DispatcherServlet 'dispatcherServlet'
2023-06-09 17:38:31.991  INFO 37546 --- [http-nio-8080-exec-2] o.s.web.servlet.DispatcherServlet        : Initializing Servlet 'dispatcherServlet'
2023-06-09 17:38:31.992  INFO 37546 --- [http-nio-8080-exec-2] o.s.web.servlet.DispatcherServlet        : Completed initialization in 1 ms
2023-06-09 17:39:19.196  INFO 37621 --- [main] com.example.demo.cont.MemberContTest     : Starting MemberContTest using Java 11.0.11 on tong7ui-MacBookPro.local with PID 37621 (started by tong7 in /Users/tong7/IdeaProjects/cho/demo1)
2023-06-09 17:39:19.197  INFO 37621 --- [main] com.example.demo.cont.MemberContTest     : No active profile set, falling back to 1 default profile: "default"
2023-06-09 17:39:22.680  INFO 37621 --- [main] com.zaxxer.hikari.HikariDataSource       : HikariPool-1 - Starting...
2023-06-09 17:39:22.881  INFO 37621 --- [main] com.zaxxer.hikari.HikariDataSource       : HikariPool-1 - Start completed.
2023-06-09 17:39:23.135  INFO 37621 --- [main] o.s.b.t.m.w.SpringBootMockServletContext : Initializing Spring TestDispatcherServlet ''
2023-06-09 17:39:23.135  INFO 37621 --- [main] o.s.t.web.servlet.TestDispatcherServlet  : Initializing Servlet ''
2023-06-09 17:39:23.137  INFO 37621 --- [main] o.s.t.web.servlet.TestDispatcherServlet  : Completed initialization in 2 ms
2023-06-09 17:39:23.166  INFO 37621 --- [main] com.example.demo.cont.MemberContTest     : Started MemberContTest in 4.874 seconds (JVM running for 6.462)
2023-06-09 17:39:23.270  INFO 37621 --- [main] com.example.demo.cont.MemberContTest     : test : null
2023-06-09 17:39:23.386  INFO 37621 --- [SpringApplicationShutdownHook] com.zaxxer.hikari.HikariDataSource       : HikariPool-1 - Shutdown initiated...
2023-06-09 17:39:23.393  INFO 37621 --- [SpringApplicationShutdownHook] com.zaxxer.hikari.HikariDataSource       : HikariPool-1 - Shutdown completed.
2023-06-09 17:40:08.202  INFO 37546 --- [SpringApplicationShutdownHook] com.zaxxer.hikari.HikariDataSource       : HikariPool-1 - Shutdown initiated...
2023-06-09 17:40:08.209  INFO 37546 --- [SpringApplicationShutdownHook] com.zaxxer.hikari.HikariDataSource       : HikariPool-1 - Shutdown completed.
2023-06-09 17:41:44.282  INFO 37785 --- [main] com.example.demo.cont.MemberContTest     : Starting MemberContTest using Java 11.0.11 on tong7ui-MacBookPro.local with PID 37785 (started by tong7 in /Users/tong7/IdeaProjects/cho/demo1)
2023-06-09 17:41:44.284  INFO 37785 --- [main] com.example.demo.cont.MemberContTest     : No active profile set, falling back to 1 default profile: "default"
2023-06-09 17:41:47.834  INFO 37785 --- [main] com.zaxxer.hikari.HikariDataSource       : HikariPool-1 - Starting...
2023-06-09 17:41:48.042  INFO 37785 --- [main] com.zaxxer.hikari.HikariDataSource       : HikariPool-1 - Start completed.
2023-06-09 17:41:48.304  INFO 37785 --- [main] o.s.b.t.m.w.SpringBootMockServletContext : Initializing Spring TestDispatcherServlet ''
2023-06-09 17:41:48.304  INFO 37785 --- [main] o.s.t.web.servlet.TestDispatcherServlet  : Initializing Servlet ''
2023-06-09 17:41:48.305  INFO 37785 --- [main] o.s.t.web.servlet.TestDispatcherServlet  : Completed initialization in 1 ms
2023-06-09 17:41:48.341  INFO 37785 --- [main] com.example.demo.cont.MemberContTest     : Started MemberContTest in 4.958 seconds (JVM running for 6.603)
2023-06-09 17:41:48.422  INFO 37785 --- [main] com.example.demo.cont.MemberContTest     : test : null
2023-06-09 17:41:48.495  INFO 37785 --- [SpringApplicationShutdownHook] com.zaxxer.hikari.HikariDataSource       : HikariPool-1 - Shutdown initiated...
2023-06-09 17:41:48.503  INFO 37785 --- [SpringApplicationShutdownHook] com.zaxxer.hikari.HikariDataSource       : HikariPool-1 - Shutdown completed.
2023-06-09 17:44:54.050  INFO 38005 --- [main] com.example.demo.cont.MemberContTest     : Starting MemberContTest using Java 11.0.11 on tong7ui-MacBookPro.local with PID 38005 (started by tong7 in /Users/tong7/IdeaProjects/cho/demo1)
2023-06-09 17:44:54.053  INFO 38005 --- [main] com.example.demo.cont.MemberContTest     : No active profile set, falling back to 1 default profile: "default"
2023-06-09 17:44:56.199  INFO 38005 --- [main] o.s.b.w.embedded.tomcat.TomcatWebServer  : Tomcat initialized with port(s): 0 (http)
2023-06-09 17:44:56.210  INFO 38005 --- [main] o.apache.catalina.core.StandardService   : Starting service [Tomcat]
2023-06-09 17:44:56.211  INFO 38005 --- [main] org.apache.catalina.core.StandardEngine  : Starting Servlet engine: [Apache Tomcat/9.0.75]
2023-06-09 17:44:56.346  INFO 38005 --- [main] o.a.c.c.C.[Tomcat].[localhost].[/]       : Initializing Spring embedded WebApplicationContext
2023-06-09 17:44:56.346  INFO 38005 --- [main] w.s.c.ServletWebServerApplicationContext : Root WebApplicationContext: initialization completed in 2257 ms
2023-06-09 17:44:57.673  INFO 38005 --- [main] com.zaxxer.hikari.HikariDataSource       : HikariPool-1 - Starting...
2023-06-09 17:44:57.923  INFO 38005 --- [main] com.zaxxer.hikari.HikariDataSource       : HikariPool-1 - Start completed.
2023-06-09 17:44:58.267  INFO 38005 --- [main] o.s.b.w.embedded.tomcat.TomcatWebServer  : Tomcat started on port(s): 58525 (http) with context path ''
2023-06-09 17:44:58.282  INFO 38005 --- [main] com.example.demo.cont.MemberContTest     : Started MemberContTest in 5.126 seconds (JVM running for 6.367)
2023-06-09 17:44:58.746  INFO 38005 --- [http-nio-auto-1-exec-1] o.a.c.c.C.[Tomcat].[localhost].[/]       : Initializing Spring DispatcherServlet 'dispatcherServlet'
2023-06-09 17:44:58.747  INFO 38005 --- [http-nio-auto-1-exec-1] o.s.web.servlet.DispatcherServlet        : Initializing Servlet 'dispatcherServlet'
2023-06-09 17:44:58.753  INFO 38005 --- [http-nio-auto-1-exec-1] o.s.web.servlet.DispatcherServlet        : Completed initialization in 6 ms
2023-06-09 17:44:58.882  INFO 38005 --- [main] com.example.demo.cont.MemberContTest     : Test : <200,{"memberId":null,"userId":null,"name":"bespoke","password":"1234"},[Content-Type:"application/json", Transfer-Encoding:"chunked", Date:"Fri, 09 Jun 2023 08:44:58 GMT", Keep-Alive:"timeout=60", Connection:"keep-alive"]>
2023-06-09 17:44:58.952  INFO 38005 --- [SpringApplicationShutdownHook] com.zaxxer.hikari.HikariDataSource       : HikariPool-1 - Shutdown initiated...
2023-06-09 17:44:58.958  INFO 38005 --- [SpringApplicationShutdownHook] com.zaxxer.hikari.HikariDataSource       : HikariPool-1 - Shutdown completed.
2023-06-09 17:50:33.333  INFO 38385 --- [main] com.example.demo.cont.MemberContTest     : Starting MemberContTest using Java 11.0.11 on tong7ui-MacBookPro.local with PID 38385 (started by tong7 in /Users/tong7/IdeaProjects/cho/demo1)
2023-06-09 17:50:33.334  INFO 38385 --- [main] com.example.demo.cont.MemberContTest     : No active profile set, falling back to 1 default profile: "default"
2023-06-09 17:50:35.424  INFO 38385 --- [main] o.s.b.w.embedded.tomcat.TomcatWebServer  : Tomcat initialized with port(s): 0 (http)
2023-06-09 17:50:35.438  INFO 38385 --- [main] o.apache.catalina.core.StandardService   : Starting service [Tomcat]
2023-06-09 17:50:35.438  INFO 38385 --- [main] org.apache.catalina.core.StandardEngine  : Starting Servlet engine: [Apache Tomcat/9.0.75]
2023-06-09 17:50:35.568  INFO 38385 --- [main] o.a.c.c.C.[Tomcat].[localhost].[/]       : Initializing Spring embedded WebApplicationContext
2023-06-09 17:50:35.568  INFO 38385 --- [main] w.s.c.ServletWebServerApplicationContext : Root WebApplicationContext: initialization completed in 2202 ms
2023-06-09 17:50:36.755  INFO 38385 --- [main] com.zaxxer.hikari.HikariDataSource       : HikariPool-1 - Starting...
2023-06-09 17:50:36.994  INFO 38385 --- [main] com.zaxxer.hikari.HikariDataSource       : HikariPool-1 - Start completed.
2023-06-09 17:50:37.368  INFO 38385 --- [main] o.s.b.w.embedded.tomcat.TomcatWebServer  : Tomcat started on port(s): 58550 (http) with context path ''
2023-06-09 17:50:37.383  INFO 38385 --- [main] com.example.demo.cont.MemberContTest     : Started MemberContTest in 5.005 seconds (JVM running for 6.207)
2023-06-09 17:50:37.805  INFO 38385 --- [http-nio-auto-1-exec-1] o.a.c.c.C.[Tomcat].[localhost].[/]       : Initializing Spring DispatcherServlet 'dispatcherServlet'
2023-06-09 17:50:37.807  INFO 38385 --- [http-nio-auto-1-exec-1] o.s.web.servlet.DispatcherServlet        : Initializing Servlet 'dispatcherServlet'
2023-06-09 17:50:37.809  INFO 38385 --- [http-nio-auto-1-exec-1] o.s.web.servlet.DispatcherServlet        : Completed initialization in 2 ms
2023-06-09 17:50:37.932  INFO 38385 --- [main] com.example.demo.cont.MemberContTest     : Test : <200,{"memberId":null,"userId":null,"name":"bespoke","password":"1234"},[Content-Type:"application/json", Transfer-Encoding:"chunked", Date:"Fri, 09 Jun 2023 08:50:37 GMT", Keep-Alive:"timeout=60", Connection:"keep-alive"]>
2023-06-09 17:50:37.977  INFO 38385 --- [SpringApplicationShutdownHook] com.zaxxer.hikari.HikariDataSource       : HikariPool-1 - Shutdown initiated...
2023-06-09 17:50:37.987  INFO 38385 --- [SpringApplicationShutdownHook] com.zaxxer.hikari.HikariDataSource       : HikariPool-1 - Shutdown completed.
2023-06-09 17:51:11.678  INFO 38429 --- [main] com.example.demo.cont.MemberContTest     : Starting MemberContTest using Java 11.0.11 on tong7ui-MacBookPro.local with PID 38429 (started by tong7 in /Users/tong7/IdeaProjects/cho/demo1)
2023-06-09 17:51:11.680  INFO 38429 --- [main] com.example.demo.cont.MemberContTest     : No active profile set, falling back to 1 default profile: "default"
2023-06-09 17:51:13.861  INFO 38429 --- [main] o.s.b.w.embedded.tomcat.TomcatWebServer  : Tomcat initialized with port(s): 0 (http)
2023-06-09 17:51:13.872  INFO 38429 --- [main] o.apache.catalina.core.StandardService   : Starting service [Tomcat]
2023-06-09 17:51:13.873  INFO 38429 --- [main] org.apache.catalina.core.StandardEngine  : Starting Servlet engine: [Apache Tomcat/9.0.75]
2023-06-09 17:51:14.007  INFO 38429 --- [main] o.a.c.c.C.[Tomcat].[localhost].[/]       : Initializing Spring embedded WebApplicationContext
2023-06-09 17:51:14.008  INFO 38429 --- [main] w.s.c.ServletWebServerApplicationContext : Root WebApplicationContext: initialization completed in 2255 ms
2023-06-09 17:51:15.265  INFO 38429 --- [main] com.zaxxer.hikari.HikariDataSource       : HikariPool-1 - Starting...
2023-06-09 17:51:15.507  INFO 38429 --- [main] com.zaxxer.hikari.HikariDataSource       : HikariPool-1 - Start completed.
2023-06-09 17:51:15.851  INFO 38429 --- [main] o.s.b.w.embedded.tomcat.TomcatWebServer  : Tomcat started on port(s): 58561 (http) with context path ''
2023-06-09 17:51:15.865  INFO 38429 --- [main] com.example.demo.cont.MemberContTest     : Started MemberContTest in 5.081 seconds (JVM running for 6.664)
2023-06-09 17:51:16.290  INFO 38429 --- [http-nio-auto-1-exec-1] o.a.c.c.C.[Tomcat].[localhost].[/]       : Initializing Spring DispatcherServlet 'dispatcherServlet'
2023-06-09 17:51:16.291  INFO 38429 --- [http-nio-auto-1-exec-1] o.s.web.servlet.DispatcherServlet        : Initializing Servlet 'dispatcherServlet'
2023-06-09 17:51:16.297  INFO 38429 --- [http-nio-auto-1-exec-1] o.s.web.servlet.DispatcherServlet        : Completed initialization in 6 ms
2023-06-09 17:51:16.433  INFO 38429 --- [main] com.example.demo.cont.MemberContTest     : Test : <200,{"memberId":null,"userId":null,"name":"bespoke","password":"1234"},[Content-Type:"application/json", Transfer-Encoding:"chunked", Date:"Fri, 09 Jun 2023 08:51:16 GMT", Keep-Alive:"timeout=60", Connection:"keep-alive"]>
2023-06-09 17:51:16.490  INFO 38429 --- [SpringApplicationShutdownHook] com.zaxxer.hikari.HikariDataSource       : HikariPool-1 - Shutdown initiated...
2023-06-09 17:51:16.496  INFO 38429 --- [SpringApplicationShutdownHook] com.zaxxer.hikari.HikariDataSource       : HikariPool-1 - Shutdown completed.
2023-06-09 17:52:14.263  INFO 38511 --- [main] com.example.demo.cont.MemberContTest     : Starting MemberContTest using Java 11.0.11 on tong7ui-MacBookPro.local with PID 38511 (started by tong7 in /Users/tong7/IdeaProjects/cho/demo1)
2023-06-09 17:52:14.265  INFO 38511 --- [main] com.example.demo.cont.MemberContTest     : No active profile set, falling back to 1 default profile: "default"
2023-06-09 17:52:16.370  INFO 38511 --- [main] o.s.b.w.embedded.tomcat.TomcatWebServer  : Tomcat initialized with port(s): 0 (http)
2023-06-09 17:52:16.382  INFO 38511 --- [main] o.apache.catalina.core.StandardService   : Starting service [Tomcat]
2023-06-09 17:52:16.383  INFO 38511 --- [main] org.apache.catalina.core.StandardEngine  : Starting Servlet engine: [Apache Tomcat/9.0.75]
2023-06-09 17:52:16.504  INFO 38511 --- [main] o.a.c.c.C.[Tomcat].[localhost].[/]       : Initializing Spring embedded WebApplicationContext
2023-06-09 17:52:16.505  INFO 38511 --- [main] w.s.c.ServletWebServerApplicationContext : Root WebApplicationContext: initialization completed in 2213 ms
2023-06-09 17:52:17.816  INFO 38511 --- [main] com.zaxxer.hikari.HikariDataSource       : HikariPool-1 - Starting...
2023-06-09 17:52:18.001  INFO 38511 --- [main] com.zaxxer.hikari.HikariDataSource       : HikariPool-1 - Start completed.
2023-06-09 17:52:18.283  INFO 38511 --- [main] o.s.b.w.embedded.tomcat.TomcatWebServer  : Tomcat started on port(s): 58583 (http) with context path ''
2023-06-09 17:52:18.296  INFO 38511 --- [main] com.example.demo.cont.MemberContTest     : Started MemberContTest in 4.777 seconds (JVM running for 6.306)
2023-06-09 17:52:18.817  INFO 38511 --- [http-nio-auto-1-exec-1] o.a.c.c.C.[Tomcat].[localhost].[/]       : Initializing Spring DispatcherServlet 'dispatcherServlet'
2023-06-09 17:52:18.819  INFO 38511 --- [http-nio-auto-1-exec-1] o.s.web.servlet.DispatcherServlet        : Initializing Servlet 'dispatcherServlet'
2023-06-09 17:52:18.824  INFO 38511 --- [http-nio-auto-1-exec-1] o.s.web.servlet.DispatcherServlet        : Completed initialization in 5 ms
2023-06-09 17:52:18.963  INFO 38511 --- [main] com.example.demo.cont.MemberContTest     : Test : <200,{"memberId":null,"userId":null,"name":"bespoke","password":"1234"},[Content-Type:"application/json", Transfer-Encoding:"chunked", Date:"Fri, 09 Jun 2023 08:52:18 GMT", Keep-Alive:"timeout=60", Connection:"keep-alive"]>
2023-06-09 17:52:19.036  INFO 38511 --- [SpringApplicationShutdownHook] com.zaxxer.hikari.HikariDataSource       : HikariPool-1 - Shutdown initiated...
2023-06-09 17:52:19.045  INFO 38511 --- [SpringApplicationShutdownHook] com.zaxxer.hikari.HikariDataSource       : HikariPool-1 - Shutdown completed.
2023-06-09 17:52:43.333  INFO 38545 --- [main] com.example.demo.cont.MemberContTest     : Starting MemberContTest using Java 11.0.11 on tong7ui-MacBookPro.local with PID 38545 (started by tong7 in /Users/tong7/IdeaProjects/cho/demo1)
2023-06-09 17:52:43.335  INFO 38545 --- [main] com.example.demo.cont.MemberContTest     : No active profile set, falling back to 1 default profile: "default"
2023-06-09 17:52:45.392  INFO 38545 --- [main] o.s.b.w.embedded.tomcat.TomcatWebServer  : Tomcat initialized with port(s): 0 (http)
2023-06-09 17:52:45.404  INFO 38545 --- [main] o.apache.catalina.core.StandardService   : Starting service [Tomcat]
2023-06-09 17:52:45.404  INFO 38545 --- [main] org.apache.catalina.core.StandardEngine  : Starting Servlet engine: [Apache Tomcat/9.0.75]
2023-06-09 17:52:45.522  INFO 38545 --- [main] o.a.c.c.C.[Tomcat].[localhost].[/]       : Initializing Spring embedded WebApplicationContext
2023-06-09 17:52:45.522  INFO 38545 --- [main] w.s.c.ServletWebServerApplicationContext : Root WebApplicationContext: initialization completed in 2154 ms
2023-06-09 17:52:46.754  INFO 38545 --- [main] com.zaxxer.hikari.HikariDataSource       : HikariPool-1 - Starting...
2023-06-09 17:52:46.983  INFO 38545 --- [main] com.zaxxer.hikari.HikariDataSource       : HikariPool-1 - Start completed.
2023-06-09 17:52:47.337  INFO 38545 --- [main] o.s.b.w.embedded.tomcat.TomcatWebServer  : Tomcat started on port(s): 58592 (http) with context path ''
2023-06-09 17:52:47.351  INFO 38545 --- [main] com.example.demo.cont.MemberContTest     : Started MemberContTest in 4.956 seconds (JVM running for 6.407)
2023-06-09 17:52:47.802  INFO 38545 --- [http-nio-auto-1-exec-1] o.a.c.c.C.[Tomcat].[localhost].[/]       : Initializing Spring DispatcherServlet 'dispatcherServlet'
2023-06-09 17:52:47.804  INFO 38545 --- [http-nio-auto-1-exec-1] o.s.web.servlet.DispatcherServlet        : Initializing Servlet 'dispatcherServlet'
2023-06-09 17:52:47.809  INFO 38545 --- [http-nio-auto-1-exec-1] o.s.web.servlet.DispatcherServlet        : Completed initialization in 5 ms
2023-06-09 17:52:47.939  INFO 38545 --- [main] com.example.demo.cont.MemberContTest     : Test : <200,{"memberId":null,"userId":null,"name":"bespoke","password":"1234"},[Content-Type:"application/json", Transfer-Encoding:"chunked", Date:"Fri, 09 Jun 2023 08:52:47 GMT", Keep-Alive:"timeout=60", Connection:"keep-alive"]>
2023-06-09 17:52:47.993  INFO 38545 --- [SpringApplicationShutdownHook] com.zaxxer.hikari.HikariDataSource       : HikariPool-1 - Shutdown initiated...
2023-06-09 17:52:47.998  INFO 38545 --- [SpringApplicationShutdownHook] com.zaxxer.hikari.HikariDataSource       : HikariPool-1 - Shutdown completed.
2023-06-09 17:55:29.079  INFO 38965 --- [main] com.example.demo.cont.MemberContTest     : Starting MemberContTest using Java 11.0.11 on tong7ui-MacBookPro.local with PID 38965 (started by tong7 in /Users/tong7/IdeaProjects/cho/demo1)
2023-06-09 17:55:29.084  INFO 38965 --- [main] com.example.demo.cont.MemberContTest     : No active profile set, falling back to 1 default profile: "default"
2023-06-09 17:55:31.632  INFO 38965 --- [main] o.s.b.w.embedded.tomcat.TomcatWebServer  : Tomcat initialized with port(s): 0 (http)
2023-06-09 17:55:31.643  INFO 38965 --- [main] o.apache.catalina.core.StandardService   : Starting service [Tomcat]
2023-06-09 17:55:31.644  INFO 38965 --- [main] org.apache.catalina.core.StandardEngine  : Starting Servlet engine: [Apache Tomcat/9.0.75]
2023-06-09 17:55:31.776  INFO 38965 --- [main] o.a.c.c.C.[Tomcat].[localhost].[/]       : Initializing Spring embedded WebApplicationContext
2023-06-09 17:55:31.777  INFO 38965 --- [main] w.s.c.ServletWebServerApplicationContext : Root WebApplicationContext: initialization completed in 2674 ms
2023-06-09 17:55:32.912  INFO 38965 --- [main] com.zaxxer.hikari.HikariDataSource       : HikariPool-1 - Starting...
2023-06-09 17:55:33.147  INFO 38965 --- [main] com.zaxxer.hikari.HikariDataSource       : HikariPool-1 - Start completed.
2023-06-09 17:55:33.488  INFO 38965 --- [main] o.a.c.c.C.[Tomcat].[localhost].[/]       : Initializing Spring TestDispatcherServlet ''
2023-06-09 17:55:33.488  INFO 38965 --- [main] o.s.t.web.servlet.TestDispatcherServlet  : Initializing Servlet ''
2023-06-09 17:55:33.490  INFO 38965 --- [main] o.s.t.web.servlet.TestDispatcherServlet  : Completed initialization in 2 ms
2023-06-09 17:55:33.558  INFO 38965 --- [main] o.s.b.w.embedded.tomcat.TomcatWebServer  : Tomcat started on port(s): 58620 (http) with context path ''
2023-06-09 17:55:33.574  INFO 38965 --- [main] com.example.demo.cont.MemberContTest     : Started MemberContTest in 5.222 seconds (JVM running for 6.812)
2023-06-09 17:55:33.647  INFO 38965 --- [main] com.example.demo.cont.MemberContTest     : test : null
2023-06-09 17:55:33.779  INFO 38965 --- [SpringApplicationShutdownHook] com.zaxxer.hikari.HikariDataSource       : HikariPool-1 - Shutdown initiated...
2023-06-09 17:55:33.787  INFO 38965 --- [SpringApplicationShutdownHook] com.zaxxer.hikari.HikariDataSource       : HikariPool-1 - Shutdown completed.
2023-06-09 17:57:02.037  INFO 39076 --- [main] com.example.demo.cont.MemberContTest     : Starting MemberContTest using Java 11.0.11 on tong7ui-MacBookPro.local with PID 39076 (started by tong7 in /Users/tong7/IdeaProjects/cho/demo1)
2023-06-09 17:57:02.040  INFO 39076 --- [main] com.example.demo.cont.MemberContTest     : No active profile set, falling back to 1 default profile: "default"
2023-06-09 17:57:04.142  INFO 39076 --- [main] o.s.b.w.embedded.tomcat.TomcatWebServer  : Tomcat initialized with port(s): 0 (http)
2023-06-09 17:57:04.153  INFO 39076 --- [main] o.apache.catalina.core.StandardService   : Starting service [Tomcat]
2023-06-09 17:57:04.154  INFO 39076 --- [main] org.apache.catalina.core.StandardEngine  : Starting Servlet engine: [Apache Tomcat/9.0.75]
2023-06-09 17:57:04.273  INFO 39076 --- [main] o.a.c.c.C.[Tomcat].[localhost].[/]       : Initializing Spring embedded WebApplicationContext
2023-06-09 17:57:04.274  INFO 39076 --- [main] w.s.c.ServletWebServerApplicationContext : Root WebApplicationContext: initialization completed in 2188 ms
2023-06-09 17:57:05.546  INFO 39076 --- [main] com.zaxxer.hikari.HikariDataSource       : HikariPool-1 - Starting...
2023-06-09 17:57:05.773  INFO 39076 --- [main] com.zaxxer.hikari.HikariDataSource       : HikariPool-1 - Start completed.
2023-06-09 17:57:06.111  INFO 39076 --- [main] o.s.b.w.embedded.tomcat.TomcatWebServer  : Tomcat started on port(s): 58630 (http) with context path ''
2023-06-09 17:57:06.126  INFO 39076 --- [main] com.example.demo.cont.MemberContTest     : Started MemberContTest in 4.869 seconds (JVM running for 6.308)
2023-06-09 17:57:06.611  INFO 39076 --- [http-nio-auto-1-exec-1] o.a.c.c.C.[Tomcat].[localhost].[/]       : Initializing Spring DispatcherServlet 'dispatcherServlet'
2023-06-09 17:57:06.612  INFO 39076 --- [http-nio-auto-1-exec-1] o.s.web.servlet.DispatcherServlet        : Initializing Servlet 'dispatcherServlet'
2023-06-09 17:57:06.618  INFO 39076 --- [http-nio-auto-1-exec-1] o.s.web.servlet.DispatcherServlet        : Completed initialization in 5 ms
2023-06-09 17:57:06.757  INFO 39076 --- [main] com.example.demo.cont.MemberContTest     : Test : <200,{memberId=null, userId=null, name=bespoke, password=1234},[Content-Type:"application/json", Transfer-Encoding:"chunked", Date:"Fri, 09 Jun 2023 08:57:06 GMT", Keep-Alive:"timeout=60", Connection:"keep-alive"]>
2023-06-09 17:57:06.813  INFO 39076 --- [SpringApplicationShutdownHook] com.zaxxer.hikari.HikariDataSource       : HikariPool-1 - Shutdown initiated...
2023-06-09 17:57:06.822  INFO 39076 --- [SpringApplicationShutdownHook] com.zaxxer.hikari.HikariDataSource       : HikariPool-1 - Shutdown completed.
2023-06-09 17:58:10.370  INFO 39158 --- [main] com.example.demo.cont.MemberContTest     : Starting MemberContTest using Java 11.0.11 on tong7ui-MacBookPro.local with PID 39158 (started by tong7 in /Users/tong7/IdeaProjects/cho/demo1)
2023-06-09 17:58:10.372  INFO 39158 --- [main] com.example.demo.cont.MemberContTest     : No active profile set, falling back to 1 default profile: "default"
2023-06-09 17:58:12.503  INFO 39158 --- [main] o.s.b.w.embedded.tomcat.TomcatWebServer  : Tomcat initialized with port(s): 0 (http)
2023-06-09 17:58:12.515  INFO 39158 --- [main] o.apache.catalina.core.StandardService   : Starting service [Tomcat]
2023-06-09 17:58:12.516  INFO 39158 --- [main] org.apache.catalina.core.StandardEngine  : Starting Servlet engine: [Apache Tomcat/9.0.75]
2023-06-09 17:58:12.647  INFO 39158 --- [main] o.a.c.c.C.[Tomcat].[localhost].[/]       : Initializing Spring embedded WebApplicationContext
2023-06-09 17:58:12.647  INFO 39158 --- [main] w.s.c.ServletWebServerApplicationContext : Root WebApplicationContext: initialization completed in 2239 ms
2023-06-09 17:58:13.848  INFO 39158 --- [main] com.zaxxer.hikari.HikariDataSource       : HikariPool-1 - Starting...
2023-06-09 17:58:14.087  INFO 39158 --- [main] com.zaxxer.hikari.HikariDataSource       : HikariPool-1 - Start completed.
2023-06-09 17:58:14.416  INFO 39158 --- [main] o.s.b.w.embedded.tomcat.TomcatWebServer  : Tomcat started on port(s): 58640 (http) with context path ''
2023-06-09 17:58:14.431  INFO 39158 --- [main] com.example.demo.cont.MemberContTest     : Started MemberContTest in 4.757 seconds (JVM running for 6.207)
2023-06-09 17:58:14.933  INFO 39158 --- [http-nio-auto-1-exec-1] o.a.c.c.C.[Tomcat].[localhost].[/]       : Initializing Spring DispatcherServlet 'dispatcherServlet'
2023-06-09 17:58:14.937  INFO 39158 --- [http-nio-auto-1-exec-1] o.s.web.servlet.DispatcherServlet        : Initializing Servlet 'dispatcherServlet'
2023-06-09 17:58:14.943  INFO 39158 --- [http-nio-auto-1-exec-1] o.s.web.servlet.DispatcherServlet        : Completed initialization in 6 ms
2023-06-09 17:58:15.075  INFO 39158 --- [main] com.example.demo.cont.MemberContTest     : Test : {memberId=null, userId=null, name=bespoke, password=1234}
2023-06-09 17:58:15.132  INFO 39158 --- [SpringApplicationShutdownHook] com.zaxxer.hikari.HikariDataSource       : HikariPool-1 - Shutdown initiated...
2023-06-09 17:58:15.138  INFO 39158 --- [SpringApplicationShutdownHook] com.zaxxer.hikari.HikariDataSource       : HikariPool-1 - Shutdown completed.
